 <<< Combine >>> 
>>> method used is AsymptoticLimits
>>> random number generator seed is 123456
Channel SR_mm will use autoMCStats with settings: event-threshold=10, include-signal=0, hist-mode=1
('printing: ', <ROOT.RooArgList object at 0x980f1f0>)
============================================================
Analysing bin errors for: prop_binSR_mm
Poisson cut-off: 10
Processes excluded for sums: TAToTTQ_rtc01_MA600
============================================================
Bin        Contents        Error           Notes                         
0          87.844114       1.904825        total sum                     
0          87.756694       1.904780        excluding marked processes    
0          2123.000000     46.076024       Unweighted events, alpha=0.041377
  => Total parameter prop_binSR_mm_bin0[0.00,-7.00,7.00] to be gaussian constrained
------------------------------------------------------------
1          57.993833       1.525690        total sum                     
1          57.800210       1.525566        excluding marked processes    
1          1435.000000     37.881394       Unweighted events, alpha=0.040414
  => Total parameter prop_binSR_mm_bin1[0.00,-7.00,7.00] to be gaussian constrained
------------------------------------------------------------
2          34.802570       1.166504        total sum                     
2          34.594505       1.166327        excluding marked processes    
2          880.000000      29.664794       Unweighted events, alpha=0.039548
  => Total parameter prop_binSR_mm_bin2[0.00,-7.00,7.00] to be gaussian constrained
------------------------------------------------------------
3          22.886495       0.931586        total sum                     
3          22.696711       0.931383        excluding marked processes    
3          594.000000      24.372115       Unweighted events, alpha=0.038529
  => Total parameter prop_binSR_mm_bin3[0.00,-7.00,7.00] to be gaussian constrained
------------------------------------------------------------
4          20.587515       0.879420        total sum                     
4          20.361653       0.879167        excluding marked processes    
4          536.000000      23.151674       Unweighted events, alpha=0.038410
  => Total parameter prop_binSR_mm_bin4[0.00,-7.00,7.00] to be gaussian constrained
------------------------------------------------------------
5          15.055553       0.748898        total sum                     
5          14.847855       0.748625        excluding marked processes    
5          393.000000      19.824228       Unweighted events, alpha=0.038309
  => Total parameter prop_binSR_mm_bin5[0.00,-7.00,7.00] to be gaussian constrained
------------------------------------------------------------
6          11.787920       0.648353        total sum                     
6          11.575285       0.648033        excluding marked processes    
6          319.000000      17.860571       Unweighted events, alpha=0.036953
  => Total parameter prop_binSR_mm_bin6[0.00,-7.00,7.00] to be gaussian constrained
------------------------------------------------------------
7          10.406281       0.596562        total sum                     
7          10.189318       0.596208        excluding marked processes    
7          292.000000      17.088007       Unweighted events, alpha=0.035638
  => Total parameter prop_binSR_mm_bin7[0.00,-7.00,7.00] to be gaussian constrained
------------------------------------------------------------
8          9.241918        0.567605        total sum                     
8          9.010867        0.567197        excluding marked processes    
8          252.000000      15.874508       Unweighted events, alpha=0.036674
  => Total parameter prop_binSR_mm_bin8[0.00,-7.00,7.00] to be gaussian constrained
------------------------------------------------------------
9          8.786878        0.538843        total sum                     
9          8.540503        0.538396        excluding marked processes    
9          252.000000      15.874508       Unweighted events, alpha=0.034869
  => Total parameter prop_binSR_mm_bin9[0.00,-7.00,7.00] to be gaussian constrained
------------------------------------------------------------
10         8.113720        0.529360        total sum                     
10         7.870888        0.528899        excluding marked processes    
10         221.000000      14.866069       Unweighted events, alpha=0.036714
  => Total parameter prop_binSR_mm_bin10[0.00,-7.00,7.00] to be gaussian constrained
------------------------------------------------------------
11         6.639262        0.448628        total sum                     
11         6.403703        0.448108        excluding marked processes    
11         204.000000      14.282857       Unweighted events, alpha=0.032545
  => Total parameter prop_binSR_mm_bin11[0.00,-7.00,7.00] to be gaussian constrained
------------------------------------------------------------
12         6.838919        0.469921        total sum                     
12         6.531844        0.469272        excluding marked processes    
12         194.000000      13.928388       Unweighted events, alpha=0.035252
  => Total parameter prop_binSR_mm_bin12[0.00,-7.00,7.00] to be gaussian constrained
------------------------------------------------------------
13         7.119212        0.484944        total sum                     
13         6.857792        0.484405        excluding marked processes    
13         200.000000      14.142136       Unweighted events, alpha=0.035596
  => Total parameter prop_binSR_mm_bin13[0.00,-7.00,7.00] to be gaussian constrained
------------------------------------------------------------
14         6.493579        0.447739        total sum                     
14         6.205064        0.447104        excluding marked processes    
14         193.000000      13.892444       Unweighted events, alpha=0.033645
  => Total parameter prop_binSR_mm_bin14[0.00,-7.00,7.00] to be gaussian constrained
------------------------------------------------------------
15         6.659128        0.462235        total sum                     
15         6.331538        0.461528        excluding marked processes    
15         188.000000      13.711309       Unweighted events, alpha=0.035421
  => Total parameter prop_binSR_mm_bin15[0.00,-7.00,7.00] to be gaussian constrained
------------------------------------------------------------
16         6.136851        0.434541        total sum                     
16         5.809272        0.433795        excluding marked processes    
16         179.000000      13.379088       Unweighted events, alpha=0.034284
  => Total parameter prop_binSR_mm_bin16[0.00,-7.00,7.00] to be gaussian constrained
------------------------------------------------------------
17         5.716090        0.419257        total sum                     
17         5.392032        0.418483        excluding marked processes    
17         166.000000      12.884099       Unweighted events, alpha=0.034434
  => Total parameter prop_binSR_mm_bin17[0.00,-7.00,7.00] to be gaussian constrained
------------------------------------------------------------
18         4.962102        0.393055        total sum                     
18         4.665149        0.392299        excluding marked processes    
18         141.000000      11.874342       Unweighted events, alpha=0.035192
  => Total parameter prop_binSR_mm_bin18[0.00,-7.00,7.00] to be gaussian constrained
------------------------------------------------------------
19         5.028571        0.392492        total sum                     
19         4.658787        0.391546        excluding marked processes    
19         142.000000      11.916375       Unweighted events, alpha=0.035412
  => Total parameter prop_binSR_mm_bin19[0.00,-7.00,7.00] to be gaussian constrained
------------------------------------------------------------
20         4.830153        0.378915        total sum                     
20         4.478104        0.377988        excluding marked processes    
20         140.000000      11.832160       Unweighted events, alpha=0.034501
  => Total parameter prop_binSR_mm_bin20[0.00,-7.00,7.00] to be gaussian constrained
------------------------------------------------------------
21         4.368201        0.343956        total sum                     
21         3.980624        0.342827        excluding marked processes    
21         135.000000      11.618950       Unweighted events, alpha=0.032357
  => Total parameter prop_binSR_mm_bin21[0.00,-7.00,7.00] to be gaussian constrained
------------------------------------------------------------
22         5.272827        0.381493        total sum                     
22         4.758847        0.380147        excluding marked processes    
22         157.000000      12.529964       Unweighted events, alpha=0.033585
  => Total parameter prop_binSR_mm_bin22[0.00,-7.00,7.00] to be gaussian constrained
------------------------------------------------------------
23         5.126328        0.377637        total sum                     
23         4.699279        0.376499        excluding marked processes    
23         156.000000      12.489996       Unweighted events, alpha=0.032861
  => Total parameter prop_binSR_mm_bin23[0.00,-7.00,7.00] to be gaussian constrained
------------------------------------------------------------
24         4.135102        0.310889        total sum                     
24         3.668958        0.309386        excluding marked processes    
24         141.000000      11.874342       Unweighted events, alpha=0.029327
  => Total parameter prop_binSR_mm_bin24[0.00,-7.00,7.00] to be gaussian constrained
------------------------------------------------------------
25         4.756296        0.332334        total sum                     
25         4.211872        0.330697        excluding marked processes    
25         162.000000      12.727922       Unweighted events, alpha=0.029360
  => Total parameter prop_binSR_mm_bin25[0.00,-7.00,7.00] to be gaussian constrained
------------------------------------------------------------
26         4.697840        0.344754        total sum                     
26         4.160015        0.343195        excluding marked processes    
26         147.000000      12.124356       Unweighted events, alpha=0.031958
  => Total parameter prop_binSR_mm_bin26[0.00,-7.00,7.00] to be gaussian constrained
------------------------------------------------------------
27         4.702565        0.347895        total sum                     
27         4.121789        0.346211        excluding marked processes    
27         142.000000      11.916375       Unweighted events, alpha=0.033117
  => Total parameter prop_binSR_mm_bin27[0.00,-7.00,7.00] to be gaussian constrained
------------------------------------------------------------
28         4.436096        0.330507        total sum                     
28         3.804462        0.328575        excluding marked processes    
28         134.000000      11.575837       Unweighted events, alpha=0.033105
  => Total parameter prop_binSR_mm_bin28[0.00,-7.00,7.00] to be gaussian constrained
------------------------------------------------------------
29         4.894055        0.349064        total sum                     
29         4.246149        0.347203        excluding marked processes    
29         150.000000      12.247449       Unweighted events, alpha=0.032627
  => Total parameter prop_binSR_mm_bin29[0.00,-7.00,7.00] to be gaussian constrained
------------------------------------------------------------
30         4.808830        0.330152        total sum                     
30         4.065953        0.327888        excluding marked processes    
30         154.000000      12.409674       Unweighted events, alpha=0.031226
  => Total parameter prop_binSR_mm_bin30[0.00,-7.00,7.00] to be gaussian constrained
------------------------------------------------------------
31         4.883056        0.309174        total sum                     
31         3.976487        0.306205        excluding marked processes    
31         169.000000      13.000000       Unweighted events, alpha=0.028894
  => Total parameter prop_binSR_mm_bin31[0.00,-7.00,7.00] to be gaussian constrained
------------------------------------------------------------
32         5.313497        0.339107        total sum                     
32         4.293560        0.336076        excluding marked processes    
32         163.000000      12.767145       Unweighted events, alpha=0.032598
  => Total parameter prop_binSR_mm_bin32[0.00,-7.00,7.00] to be gaussian constrained
------------------------------------------------------------
33         4.981199        0.306305        total sum                     
33         3.844848        0.302560        excluding marked processes    
33         161.000000      12.688578       Unweighted events, alpha=0.030939
  => Total parameter prop_binSR_mm_bin33[0.00,-7.00,7.00] to be gaussian constrained
------------------------------------------------------------
34         5.518368        0.300608        total sum                     
34         4.124228        0.295929        excluding marked processes    
34         194.000000      13.928388       Unweighted events, alpha=0.028445
  => Total parameter prop_binSR_mm_bin34[0.00,-7.00,7.00] to be gaussian constrained
------------------------------------------------------------
35         5.592219        0.284951        total sum                     
35         3.927518        0.279009        excluding marked processes    
35         198.000000      14.071247       Unweighted events, alpha=0.028244
  => Total parameter prop_binSR_mm_bin35[0.00,-7.00,7.00] to be gaussian constrained
------------------------------------------------------------
36         6.225657        0.290660        total sum                     
36         4.175871        0.283521        excluding marked processes    
36         217.000000      14.730920       Unweighted events, alpha=0.028690
  => Total parameter prop_binSR_mm_bin36[0.00,-7.00,7.00] to be gaussian constrained
------------------------------------------------------------
37         7.167434        0.301875        total sum                     
37         4.316111        0.292238        excluding marked processes    
37         218.000000      14.764823       Unweighted events, alpha=0.032878
  => Total parameter prop_binSR_mm_bin37[0.00,-7.00,7.00] to be gaussian constrained
------------------------------------------------------------
38         8.266034        0.267506        total sum                     
38         4.073053        0.251230        excluding marked processes    
38         263.000000      16.217275       Unweighted events, alpha=0.031430
  => Total parameter prop_binSR_mm_bin38[0.00,-7.00,7.00] to be gaussian constrained
------------------------------------------------------------
39         9.983643        0.223790        total sum                     
39         2.809117        0.188817        excluding marked processes    
39         221.000000      14.866069       Unweighted events, alpha=0.045175
  => Total parameter prop_binSR_mm_bin39[0.00,-7.00,7.00] to be gaussian constrained
------------------------------------------------------------

 -- AsymptoticLimits ( CLs ) --
Observed Limit: r < 0.5181
Expected  2.5%: r < 0.2577
Expected 16.0%: r < 0.3539
Expected 50.0%: r < 0.5195
Expected 84.0%: r < 0.7763
Expected 97.5%: r < 1.1184

Done in 0.01 min (cpu), 0.01 min (real)
