 <<< Combine >>> 
>>> method used is AsymptoticLimits
>>> random number generator seed is 123456
Channel SR_em will use autoMCStats with settings: event-threshold=10, include-signal=0, hist-mode=1
('printing: ', <ROOT.RooArgList object at 0x9aa6ae0>)
============================================================
Analysing bin errors for: prop_binSR_em
Poisson cut-off: 10
Processes excluded for sums: TAToTTQ_rtc01_MA350
============================================================
Bin        Contents        Error           Notes                         
0          8.113254        0.566061        total sum                     
0          8.108605        0.566054        excluding marked processes    
0          205.000000      14.317821       Unweighted events, alpha=0.039577
  => Total parameter prop_binSR_em_bin0[0.00,-7.00,7.00] to be gaussian constrained
------------------------------------------------------------
1          22.387587       0.932101        total sum                     
1          22.340173       0.932062        excluding marked processes    
1          574.000000      23.958297       Unweighted events, alpha=0.039003
  => Total parameter prop_binSR_em_bin1[0.00,-7.00,7.00] to be gaussian constrained
------------------------------------------------------------
2          24.707757       0.967320        total sum                     
2          24.590148       0.967224        excluding marked processes    
2          646.000000      25.416530       Unweighted events, alpha=0.038247
  => Total parameter prop_binSR_em_bin2[0.00,-7.00,7.00] to be gaussian constrained
------------------------------------------------------------
3          26.026558       0.982691        total sum                     
3          25.845278       0.982546        excluding marked processes    
3          692.000000      26.305893       Unweighted events, alpha=0.037611
  => Total parameter prop_binSR_em_bin3[0.00,-7.00,7.00] to be gaussian constrained
------------------------------------------------------------
4          24.040297       0.944488        total sum                     
4          23.839962       0.944322        excluding marked processes    
4          637.000000      25.238859       Unweighted events, alpha=0.037740
  => Total parameter prop_binSR_em_bin4[0.00,-7.00,7.00] to be gaussian constrained
------------------------------------------------------------
5          23.113770       0.919232        total sum                     
5          22.862016       0.919016        excluding marked processes    
5          619.000000      24.879711       Unweighted events, alpha=0.037341
  => Total parameter prop_binSR_em_bin5[0.00,-7.00,7.00] to be gaussian constrained
------------------------------------------------------------
6          21.374484       0.869605        total sum                     
6          21.057564       0.869316        excluding marked processes    
6          587.000000      24.228083       Unweighted events, alpha=0.036413
  => Total parameter prop_binSR_em_bin6[0.00,-7.00,7.00] to be gaussian constrained
------------------------------------------------------------
7          19.776336       0.836759        total sum                     
7          19.405005       0.836411        excluding marked processes    
7          538.000000      23.194827       Unweighted events, alpha=0.036759
  => Total parameter prop_binSR_em_bin7[0.00,-7.00,7.00] to be gaussian constrained
------------------------------------------------------------
8          19.170345       0.816761        total sum                     
8          18.810072       0.816416        excluding marked processes    
8          531.000000      23.043437       Unweighted events, alpha=0.036102
  => Total parameter prop_binSR_em_bin8[0.00,-7.00,7.00] to be gaussian constrained
------------------------------------------------------------
9          19.290231       0.818723        total sum                     
9          18.913826       0.818360        excluding marked processes    
9          534.000000      23.108440       Unweighted events, alpha=0.036124
  => Total parameter prop_binSR_em_bin9[0.00,-7.00,7.00] to be gaussian constrained
------------------------------------------------------------
10         16.799973       0.753586        total sum                     
10         16.367142       0.753132        excluding marked processes    
10         472.000000      21.725561       Unweighted events, alpha=0.035593
  => Total parameter prop_binSR_em_bin10[0.00,-7.00,7.00] to be gaussian constrained
------------------------------------------------------------
11         16.690950       0.752018        total sum                     
11         16.244626       0.751551        excluding marked processes    
11         467.000000      21.610183       Unweighted events, alpha=0.035741
  => Total parameter prop_binSR_em_bin11[0.00,-7.00,7.00] to be gaussian constrained
------------------------------------------------------------
12         14.419989       0.685840        total sum                     
12         13.995255       0.685353        excluding marked processes    
12         417.000000      20.420578       Unweighted events, alpha=0.034580
  => Total parameter prop_binSR_em_bin12[0.00,-7.00,7.00] to be gaussian constrained
------------------------------------------------------------
13         14.377934       0.678793        total sum                     
13         13.869686       0.678203        excluding marked processes    
13         418.000000      20.445048       Unweighted events, alpha=0.034397
  => Total parameter prop_binSR_em_bin13[0.00,-7.00,7.00] to be gaussian constrained
------------------------------------------------------------
14         13.572464       0.658895        total sum                     
14         13.065813       0.658290        excluding marked processes    
14         394.000000      19.849433       Unweighted events, alpha=0.034448
  => Total parameter prop_binSR_em_bin14[0.00,-7.00,7.00] to be gaussian constrained
------------------------------------------------------------
15         12.894285       0.632978        total sum                     
15         12.329218       0.632271        excluding marked processes    
15         380.000000      19.493589       Unweighted events, alpha=0.033932
  => Total parameter prop_binSR_em_bin15[0.00,-7.00,7.00] to be gaussian constrained
------------------------------------------------------------
16         12.462589       0.620300        total sum                     
16         11.932679       0.619626        excluding marked processes    
16         371.000000      19.261360       Unweighted events, alpha=0.033592
  => Total parameter prop_binSR_em_bin16[0.00,-7.00,7.00] to be gaussian constrained
------------------------------------------------------------
17         10.731685       0.561655        total sum                     
17         10.154323       0.560849        excluding marked processes    
17         328.000000      18.110770       Unweighted events, alpha=0.032719
  => Total parameter prop_binSR_em_bin17[0.00,-7.00,7.00] to be gaussian constrained
------------------------------------------------------------
18         11.626797       0.591484        total sum                     
18         11.021274       0.590676        excluding marked processes    
18         348.000000      18.654758       Unweighted events, alpha=0.033410
  => Total parameter prop_binSR_em_bin18[0.00,-7.00,7.00] to be gaussian constrained
------------------------------------------------------------
19         9.938538        0.530378        total sum                     
19         9.346596        0.529492        excluding marked processes    
19         312.000000      17.663522       Unweighted events, alpha=0.031854
  => Total parameter prop_binSR_em_bin19[0.00,-7.00,7.00] to be gaussian constrained
------------------------------------------------------------
20         11.003553       0.562568        total sum                     
20         10.359939       0.561660        excluding marked processes    
20         340.000000      18.439089       Unweighted events, alpha=0.032363
  => Total parameter prop_binSR_em_bin20[0.00,-7.00,7.00] to be gaussian constrained
------------------------------------------------------------
21         9.904234        0.540963        total sum                     
21         9.246869        0.540004        excluding marked processes    
21         293.000000      17.117243       Unweighted events, alpha=0.033803
  => Total parameter prop_binSR_em_bin21[0.00,-7.00,7.00] to be gaussian constrained
------------------------------------------------------------
22         8.986038        0.495063        total sum                     
22         8.332223        0.494010        excluding marked processes    
22         284.000000      16.852300       Unweighted events, alpha=0.031641
  => Total parameter prop_binSR_em_bin22[0.00,-7.00,7.00] to be gaussian constrained
------------------------------------------------------------
23         9.660158        0.514249        total sum                     
23         8.894748        0.513064        excluding marked processes    
23         301.000000      17.349352       Unweighted events, alpha=0.032094
  => Total parameter prop_binSR_em_bin23[0.00,-7.00,7.00] to be gaussian constrained
------------------------------------------------------------
24         8.477795        0.484802        total sum                     
24         7.784444        0.483678        excluding marked processes    
24         259.000000      16.093477       Unweighted events, alpha=0.032733
  => Total parameter prop_binSR_em_bin24[0.00,-7.00,7.00] to be gaussian constrained
------------------------------------------------------------
25         7.933426        0.442831        total sum                     
25         7.184262        0.441500        excluding marked processes    
25         265.000000      16.278821       Unweighted events, alpha=0.029937
  => Total parameter prop_binSR_em_bin25[0.00,-7.00,7.00] to be gaussian constrained
------------------------------------------------------------
26         8.343602        0.467443        total sum                     
26         7.545516        0.466099        excluding marked processes    
26         262.000000      16.186414       Unweighted events, alpha=0.031846
  => Total parameter prop_binSR_em_bin26[0.00,-7.00,7.00] to be gaussian constrained
------------------------------------------------------------
27         9.213163        0.499609        total sum                     
27         8.349125        0.498240        excluding marked processes    
27         281.000000      16.763055       Unweighted events, alpha=0.032787
  => Total parameter prop_binSR_em_bin27[0.00,-7.00,7.00] to be gaussian constrained
------------------------------------------------------------
28         8.155823        0.441224        total sum                     
28         7.199500        0.439512        excluding marked processes    
28         268.000000      16.370706       Unweighted events, alpha=0.030432
  => Total parameter prop_binSR_em_bin28[0.00,-7.00,7.00] to be gaussian constrained
------------------------------------------------------------
29         7.562528        0.419478        total sum                     
29         6.557626        0.417588        excluding marked processes    
29         247.000000      15.716234       Unweighted events, alpha=0.030618
  => Total parameter prop_binSR_em_bin29[0.00,-7.00,7.00] to be gaussian constrained
------------------------------------------------------------
30         8.451510        0.438072        total sum                     
30         7.329163        0.436051        excluding marked processes    
30         283.000000      16.822604       Unweighted events, alpha=0.029864
  => Total parameter prop_binSR_em_bin30[0.00,-7.00,7.00] to be gaussian constrained
------------------------------------------------------------
31         7.983430        0.397875        total sum                     
31         6.711177        0.395338        excluding marked processes    
31         288.000000      16.970563       Unweighted events, alpha=0.027720
  => Total parameter prop_binSR_em_bin31[0.00,-7.00,7.00] to be gaussian constrained
------------------------------------------------------------
32         7.903895        0.395059        total sum                     
32         6.554068        0.392354        excluding marked processes    
32         279.000000      16.703293       Unweighted events, alpha=0.028329
  => Total parameter prop_binSR_em_bin32[0.00,-7.00,7.00] to be gaussian constrained
------------------------------------------------------------
33         8.440349        0.404767        total sum                     
33         6.984108        0.401924        excluding marked processes    
33         302.000000      17.378147       Unweighted events, alpha=0.027948
  => Total parameter prop_binSR_em_bin33[0.00,-7.00,7.00] to be gaussian constrained
------------------------------------------------------------
34         7.964670        0.364208        total sum                     
34         6.224177        0.360395        excluding marked processes    
34         298.000000      17.262677       Unweighted events, alpha=0.026727
  => Total parameter prop_binSR_em_bin34[0.00,-7.00,7.00] to be gaussian constrained
------------------------------------------------------------
35         8.195329        0.365339        total sum                     
35         6.378013        0.361402        excluding marked processes    
35         311.000000      17.635192       Unweighted events, alpha=0.026352
  => Total parameter prop_binSR_em_bin35[0.00,-7.00,7.00] to be gaussian constrained
------------------------------------------------------------
36         8.117437        0.352379        total sum                     
36         6.044756        0.347699        excluding marked processes    
36         302.000000      17.378147       Unweighted events, alpha=0.026879
  => Total parameter prop_binSR_em_bin36[0.00,-7.00,7.00] to be gaussian constrained
------------------------------------------------------------
37         7.902821        0.336984        total sum                     
37         5.489883        0.331266        excluding marked processes    
37         275.000000      16.583124       Unweighted events, alpha=0.028738
  => Total parameter prop_binSR_em_bin37[0.00,-7.00,7.00] to be gaussian constrained
------------------------------------------------------------
38         6.984776        0.291053        total sum                     
38         3.986397        0.282793        excluding marked processes    
38         199.000000      14.106736       Unweighted events, alpha=0.035099
  => Total parameter prop_binSR_em_bin38[0.00,-7.00,7.00] to be gaussian constrained
------------------------------------------------------------
39         5.991692        0.222003        total sum                     
39         2.506853        0.209217        excluding marked processes    
39         144.000000      12.000000       Unweighted events, alpha=0.041609
  => Total parameter prop_binSR_em_bin39[0.00,-7.00,7.00] to be gaussian constrained
------------------------------------------------------------

 -- AsymptoticLimits ( CLs ) --
Observed Limit: r < 0.8169
Expected  2.5%: r < 0.4146
Expected 16.0%: r < 0.5653
Expected 50.0%: r < 0.8164
Expected 84.0%: r < 1.2004
Expected 97.5%: r < 1.7063

Done in 0.01 min (cpu), 0.01 min (real)
