 <<< Combine >>> 
>>> method used is AsymptoticLimits
>>> random number generator seed is 123456
Channel SR_em will use autoMCStats with settings: event-threshold=10, include-signal=0, hist-mode=1
('printing: ', <ROOT.RooArgList object at 0x91c6540>)
============================================================
Analysing bin errors for: prop_binSR_em
Poisson cut-off: 10
Processes excluded for sums: TAToTTQ_rtc01_MA400
============================================================
Bin        Contents        Error           Notes                         
0          16.166980       0.802275        total sum                     
0          16.146148       0.802252        excluding marked processes    
0          405.000000      20.124612       Unweighted events, alpha=0.039918
  => Total parameter prop_binSR_em_bin0[0.00,-7.00,7.00] to be gaussian constrained
------------------------------------------------------------
1          29.923692       1.082523        total sum                     
1          29.829049       1.082447        excluding marked processes    
1          759.000000      27.549955       Unweighted events, alpha=0.039425
  => Total parameter prop_binSR_em_bin1[0.00,-7.00,7.00] to be gaussian constrained
------------------------------------------------------------
2          26.810591       1.012149        total sum                     
2          26.666817       1.012025        excluding marked processes    
2          694.000000      26.343880       Unweighted events, alpha=0.038632
  => Total parameter prop_binSR_em_bin2[0.00,-7.00,7.00] to be gaussian constrained
------------------------------------------------------------
3          24.530014       0.956489        total sum                     
3          24.334813       0.956314        excluding marked processes    
3          648.000000      25.455844       Unweighted events, alpha=0.037855
  => Total parameter prop_binSR_em_bin3[0.00,-7.00,7.00] to be gaussian constrained
------------------------------------------------------------
4          24.155454       0.944196        total sum                     
4          23.913213       0.943972        excluding marked processes    
4          642.000000      25.337719       Unweighted events, alpha=0.037625
  => Total parameter prop_binSR_em_bin4[0.00,-7.00,7.00] to be gaussian constrained
------------------------------------------------------------
5          23.168166       0.919762        total sum                     
5          22.880856       0.919493        excluding marked processes    
5          619.000000      24.879711       Unweighted events, alpha=0.037428
  => Total parameter prop_binSR_em_bin5[0.00,-7.00,7.00] to be gaussian constrained
------------------------------------------------------------
6          20.689754       0.862510        total sum                     
6          20.382127       0.862203        excluding marked processes    
6          559.000000      23.643181       Unweighted events, alpha=0.037012
  => Total parameter prop_binSR_em_bin6[0.00,-7.00,7.00] to be gaussian constrained
------------------------------------------------------------
7          18.411627       0.803578        total sum                     
7          18.066926       0.803210        excluding marked processes    
7          506.000000      22.494444       Unweighted events, alpha=0.036387
  => Total parameter prop_binSR_em_bin7[0.00,-7.00,7.00] to be gaussian constrained
------------------------------------------------------------
8          18.501677       0.799322        total sum                     
8          18.151996       0.798939        excluding marked processes    
8          516.000000      22.715633       Unweighted events, alpha=0.035856
  => Total parameter prop_binSR_em_bin8[0.00,-7.00,7.00] to be gaussian constrained
------------------------------------------------------------
9          17.555726       0.773670        total sum                     
9          17.186880       0.773257        excluding marked processes    
9          494.000000      22.226111       Unweighted events, alpha=0.035538
  => Total parameter prop_binSR_em_bin9[0.00,-7.00,7.00] to be gaussian constrained
------------------------------------------------------------
10         15.299692       0.717059        total sum                     
10         14.931021       0.716614        excluding marked processes    
10         434.000000      20.832667       Unweighted events, alpha=0.035253
  => Total parameter prop_binSR_em_bin10[0.00,-7.00,7.00] to be gaussian constrained
------------------------------------------------------------
11         14.340103       0.680851        total sum                     
11         13.923347       0.680321        excluding marked processes    
11         419.000000      20.469489       Unweighted events, alpha=0.034225
  => Total parameter prop_binSR_em_bin11[0.00,-7.00,7.00] to be gaussian constrained
------------------------------------------------------------
12         14.477753       0.682954        total sum                     
12         14.005070       0.682358        excluding marked processes    
12         421.000000      20.518285       Unweighted events, alpha=0.034389
  => Total parameter prop_binSR_em_bin12[0.00,-7.00,7.00] to be gaussian constrained
------------------------------------------------------------
13         12.678634       0.634803        total sum                     
13         12.270376       0.634250        excluding marked processes    
13         374.000000      19.339080       Unweighted events, alpha=0.033900
  => Total parameter prop_binSR_em_bin13[0.00,-7.00,7.00] to be gaussian constrained
------------------------------------------------------------
14         13.186251       0.647839        total sum                     
14         12.613775       0.647080        excluding marked processes    
14         380.000000      19.493589       Unweighted events, alpha=0.034701
  => Total parameter prop_binSR_em_bin14[0.00,-7.00,7.00] to be gaussian constrained
------------------------------------------------------------
15         11.903364       0.598113        total sum                     
15         11.392878       0.597374        excluding marked processes    
15         364.000000      19.078784       Unweighted events, alpha=0.032702
  => Total parameter prop_binSR_em_bin15[0.00,-7.00,7.00] to be gaussian constrained
------------------------------------------------------------
16         10.869903       0.572887        total sum                     
16         10.319326       0.572046        excluding marked processes    
16         325.000000      18.027756       Unweighted events, alpha=0.033446
  => Total parameter prop_binSR_em_bin16[0.00,-7.00,7.00] to be gaussian constrained
------------------------------------------------------------
17         11.312766       0.589135        total sum                     
17         10.773881       0.588345        excluding marked processes    
17         335.000000      18.303005       Unweighted events, alpha=0.033769
  => Total parameter prop_binSR_em_bin17[0.00,-7.00,7.00] to be gaussian constrained
------------------------------------------------------------
18         11.749481       0.588684        total sum                     
18         11.114156       0.587750        excluding marked processes    
18         358.000000      18.920888       Unweighted events, alpha=0.032820
  => Total parameter prop_binSR_em_bin18[0.00,-7.00,7.00] to be gaussian constrained
------------------------------------------------------------
19         9.672812        0.521175        total sum                     
19         9.081436        0.520188        excluding marked processes    
19         305.000000      17.464249       Unweighted events, alpha=0.031714
  => Total parameter prop_binSR_em_bin19[0.00,-7.00,7.00] to be gaussian constrained
------------------------------------------------------------
20         9.798292        0.527876        total sum                     
20         9.170705        0.526843        excluding marked processes    
20         303.000000      17.406895       Unweighted events, alpha=0.032338
  => Total parameter prop_binSR_em_bin20[0.00,-7.00,7.00] to be gaussian constrained
------------------------------------------------------------
21         9.333987        0.514932        total sum                     
21         8.698062        0.513862        excluding marked processes    
21         287.000000      16.941074       Unweighted events, alpha=0.032523
  => Total parameter prop_binSR_em_bin21[0.00,-7.00,7.00] to be gaussian constrained
------------------------------------------------------------
22         9.091502        0.486252        total sum                     
22         8.396360        0.485009        excluding marked processes    
22         300.000000      17.320508       Unweighted events, alpha=0.030305
  => Total parameter prop_binSR_em_bin22[0.00,-7.00,7.00] to be gaussian constrained
------------------------------------------------------------
23         8.359450        0.464136        total sum                     
23         7.704471        0.462913        excluding marked processes    
23         277.000000      16.643317       Unweighted events, alpha=0.030179
  => Total parameter prop_binSR_em_bin23[0.00,-7.00,7.00] to be gaussian constrained
------------------------------------------------------------
24         7.692653        0.448766        total sum                     
24         6.930047        0.447288        excluding marked processes    
24         240.000000      15.491933       Unweighted events, alpha=0.032053
  => Total parameter prop_binSR_em_bin24[0.00,-7.00,7.00] to be gaussian constrained
------------------------------------------------------------
25         8.040822        0.456342        total sum                     
25         7.293924        0.454915        excluding marked processes    
25         257.000000      16.031220       Unweighted events, alpha=0.031287
  => Total parameter prop_binSR_em_bin25[0.00,-7.00,7.00] to be gaussian constrained
------------------------------------------------------------
26         8.121473        0.463721        total sum                     
26         7.294527        0.462169        excluding marked processes    
26         249.000000      15.779734       Unweighted events, alpha=0.032616
  => Total parameter prop_binSR_em_bin26[0.00,-7.00,7.00] to be gaussian constrained
------------------------------------------------------------
27         8.187702        0.449950        total sum                     
27         7.277178        0.448186        excluding marked processes    
27         264.000000      16.248077       Unweighted events, alpha=0.031014
  => Total parameter prop_binSR_em_bin27[0.00,-7.00,7.00] to be gaussian constrained
------------------------------------------------------------
28         8.287753        0.449280        total sum                     
28         7.380043        0.447525        excluding marked processes    
28         272.000000      16.492423       Unweighted events, alpha=0.030470
  => Total parameter prop_binSR_em_bin28[0.00,-7.00,7.00] to be gaussian constrained
------------------------------------------------------------
29         8.024130        0.426044        total sum                     
29         7.045327        0.424041        excluding marked processes    
29         276.000000      16.613248       Unweighted events, alpha=0.029073
  => Total parameter prop_binSR_em_bin29[0.00,-7.00,7.00] to be gaussian constrained
------------------------------------------------------------
30         7.735515        0.414862        total sum                     
30         6.629513        0.412549        excluding marked processes    
30         258.000000      16.062378       Unweighted events, alpha=0.029983
  => Total parameter prop_binSR_em_bin30[0.00,-7.00,7.00] to be gaussian constrained
------------------------------------------------------------
31         7.911999        0.410151        total sum                     
31         6.644150        0.407466        excluding marked processes    
31         266.000000      16.309506       Unweighted events, alpha=0.029744
  => Total parameter prop_binSR_em_bin31[0.00,-7.00,7.00] to be gaussian constrained
------------------------------------------------------------
32         8.216374        0.398300        total sum                     
32         6.769849        0.395113        excluding marked processes    
32         294.000000      17.146428       Unweighted events, alpha=0.027947
  => Total parameter prop_binSR_em_bin32[0.00,-7.00,7.00] to be gaussian constrained
------------------------------------------------------------
33         8.150012        0.386507        total sum                     
33         6.560475        0.382934        excluding marked processes    
33         294.000000      17.146428       Unweighted events, alpha=0.027721
  => Total parameter prop_binSR_em_bin33[0.00,-7.00,7.00] to be gaussian constrained
------------------------------------------------------------
34         8.364159        0.379343        total sum                     
34         6.748492        0.375624        excluding marked processes    
34         323.000000      17.972201       Unweighted events, alpha=0.025895
  => Total parameter prop_binSR_em_bin34[0.00,-7.00,7.00] to be gaussian constrained
------------------------------------------------------------
35         8.560669        0.372973        total sum                     
35         6.523434        0.368194        excluding marked processes    
35         314.000000      17.720045       Unweighted events, alpha=0.027263
  => Total parameter prop_binSR_em_bin35[0.00,-7.00,7.00] to be gaussian constrained
------------------------------------------------------------
36         8.304127        0.361169        total sum                     
36         6.036712        0.355641        excluding marked processes    
36         288.000000      16.970563       Unweighted events, alpha=0.028834
  => Total parameter prop_binSR_em_bin36[0.00,-7.00,7.00] to be gaussian constrained
------------------------------------------------------------
37         7.990746        0.324498        total sum                     
37         5.467984        0.317663        excluding marked processes    
37         296.000000      17.204651       Unweighted events, alpha=0.026996
  => Total parameter prop_binSR_em_bin37[0.00,-7.00,7.00] to be gaussian constrained
------------------------------------------------------------
38         7.462854        0.303792        total sum                     
38         4.361028        0.294785        excluding marked processes    
38         219.000000      14.798649       Unweighted events, alpha=0.034077
  => Total parameter prop_binSR_em_bin38[0.00,-7.00,7.00] to be gaussian constrained
------------------------------------------------------------
39         7.246091        0.232354        total sum                     
39         2.845717        0.215190        excluding marked processes    
39         175.000000      13.228757       Unweighted events, alpha=0.041406
  => Total parameter prop_binSR_em_bin39[0.00,-7.00,7.00] to be gaussian constrained
------------------------------------------------------------

 -- AsymptoticLimits ( CLs ) --
Observed Limit: r < 0.7464
Expected  2.5%: r < 0.3760
Expected 16.0%: r < 0.5148
Expected 50.0%: r < 0.7461
Expected 84.0%: r < 1.1000
Expected 97.5%: r < 1.5611

Done in 0.02 min (cpu), 0.02 min (real)
