 <<< Combine >>> 
>>> method used is AsymptoticLimits
>>> random number generator seed is 123456
Channel SR_em will use autoMCStats with settings: event-threshold=10, include-signal=0, hist-mode=1
('printing: ', <ROOT.RooArgList object at 0xa0322f0>)
============================================================
Analysing bin errors for: prop_binSR_em
Poisson cut-off: 10
Processes excluded for sums: TAToTTQ_rtc01_MA500
============================================================
Bin        Contents        Error           Notes                         
0          41.823484       1.284069        total sum                     
0          41.780002       1.284041        excluding marked processes    
0          1059.000000     32.542280       Unweighted events, alpha=0.039493
  => Total parameter prop_binSR_em_bin0[0.00,-7.00,7.00] to be gaussian constrained
------------------------------------------------------------
1          46.943363       1.351345        total sum                     
1          46.792538       1.351250        excluding marked processes    
1          1199.000000     34.626579       Unweighted events, alpha=0.039152
  => Total parameter prop_binSR_em_bin1[0.00,-7.00,7.00] to be gaussian constrained
------------------------------------------------------------
2          34.227828       1.139002        total sum                     
2          34.029910       1.138856        excluding marked processes    
2          893.000000      29.883106       Unweighted events, alpha=0.038329
  => Total parameter prop_binSR_em_bin2[0.00,-7.00,7.00] to be gaussian constrained
------------------------------------------------------------
3          26.607163       0.998026        total sum                     
3          26.438364       0.997882        excluding marked processes    
3          702.000000      26.495283       Unweighted events, alpha=0.037902
  => Total parameter prop_binSR_em_bin3[0.00,-7.00,7.00] to be gaussian constrained
------------------------------------------------------------
4          20.952143       0.856448        total sum                     
4          20.730435       0.856227        excluding marked processes    
4          586.000000      24.207437       Unweighted events, alpha=0.035755
  => Total parameter prop_binSR_em_bin4[0.00,-7.00,7.00] to be gaussian constrained
------------------------------------------------------------
5          19.543255       0.833699        total sum                     
5          19.301196       0.833449        excluding marked processes    
5          536.000000      23.151674       Unweighted events, alpha=0.036461
  => Total parameter prop_binSR_em_bin5[0.00,-7.00,7.00] to be gaussian constrained
------------------------------------------------------------
6          17.338553       0.785874        total sum                     
6          17.092876       0.785607        excluding marked processes    
6          473.000000      21.748563       Unweighted events, alpha=0.036657
  => Total parameter prop_binSR_em_bin6[0.00,-7.00,7.00] to be gaussian constrained
------------------------------------------------------------
7          14.924772       0.709183        total sum                     
7          14.624441       0.708822        excluding marked processes    
7          426.000000      20.639767       Unweighted events, alpha=0.035035
  => Total parameter prop_binSR_em_bin7[0.00,-7.00,7.00] to be gaussian constrained
------------------------------------------------------------
8          13.496341       0.677208        total sum                     
8          13.194775       0.676828        excluding marked processes    
8          380.000000      19.493589       Unweighted events, alpha=0.035517
  => Total parameter prop_binSR_em_bin8[0.00,-7.00,7.00] to be gaussian constrained
------------------------------------------------------------
9          13.116250       0.654670        total sum                     
9          12.830141       0.654296        excluding marked processes    
9          385.000000      19.621417       Unweighted events, alpha=0.034068
  => Total parameter prop_binSR_em_bin9[0.00,-7.00,7.00] to be gaussian constrained
------------------------------------------------------------
10         12.005477       0.626313        total sum                     
10         11.667046       0.625852        excluding marked processes    
10         348.000000      18.654758       Unweighted events, alpha=0.034498
  => Total parameter prop_binSR_em_bin10[0.00,-7.00,7.00] to be gaussian constrained
------------------------------------------------------------
11         11.918991       0.616149        total sum                     
11         11.584000       0.615682        excluding marked processes    
11         354.000000      18.814888       Unweighted events, alpha=0.033669
  => Total parameter prop_binSR_em_bin11[0.00,-7.00,7.00] to be gaussian constrained
------------------------------------------------------------
12         10.379080       0.567129        total sum                     
12         10.023723       0.566589        excluding marked processes    
12         313.000000      17.691806       Unweighted events, alpha=0.033160
  => Total parameter prop_binSR_em_bin12[0.00,-7.00,7.00] to be gaussian constrained
------------------------------------------------------------
13         10.148250       0.562241        total sum                     
13         9.769323        0.561663        excluding marked processes    
13         303.000000      17.406895       Unweighted events, alpha=0.033493
  => Total parameter prop_binSR_em_bin13[0.00,-7.00,7.00] to be gaussian constrained
------------------------------------------------------------
14         11.088372       0.587767        total sum                     
14         10.677625       0.587171        excluding marked processes    
14         331.000000      18.193405       Unweighted events, alpha=0.033500
  => Total parameter prop_binSR_em_bin14[0.00,-7.00,7.00] to be gaussian constrained
------------------------------------------------------------
15         9.729135        0.549594        total sum                     
15         9.362531        0.549024        excluding marked processes    
15         291.000000      17.058722       Unweighted events, alpha=0.033433
  => Total parameter prop_binSR_em_bin15[0.00,-7.00,7.00] to be gaussian constrained
------------------------------------------------------------
16         9.580342        0.536666        total sum                     
16         9.145796        0.535977        excluding marked processes    
16         291.000000      17.058722       Unweighted events, alpha=0.032922
  => Total parameter prop_binSR_em_bin16[0.00,-7.00,7.00] to be gaussian constrained
------------------------------------------------------------
17         8.684664        0.491325        total sum                     
17         8.232410        0.490544        excluding marked processes    
17         282.000000      16.792856       Unweighted events, alpha=0.030797
  => Total parameter prop_binSR_em_bin17[0.00,-7.00,7.00] to be gaussian constrained
------------------------------------------------------------
18         8.755592        0.499249        total sum                     
18         8.268283        0.498414        excluding marked processes    
18         275.000000      16.583124       Unweighted events, alpha=0.031839
  => Total parameter prop_binSR_em_bin18[0.00,-7.00,7.00] to be gaussian constrained
------------------------------------------------------------
19         8.537469        0.487206        total sum                     
19         8.007697        0.486271        excluding marked processes    
19         271.000000      16.462078       Unweighted events, alpha=0.031504
  => Total parameter prop_binSR_em_bin19[0.00,-7.00,7.00] to be gaussian constrained
------------------------------------------------------------
20         8.663695        0.488901        total sum                     
20         8.116794        0.487932        excluding marked processes    
20         277.000000      16.643317       Unweighted events, alpha=0.031277
  => Total parameter prop_binSR_em_bin20[0.00,-7.00,7.00] to be gaussian constrained
------------------------------------------------------------
21         7.947094        0.462663        total sum                     
21         7.364234        0.461576        excluding marked processes    
21         255.000000      15.968719       Unweighted events, alpha=0.031165
  => Total parameter prop_binSR_em_bin21[0.00,-7.00,7.00] to be gaussian constrained
------------------------------------------------------------
22         8.150317        0.471014        total sum                     
22         7.572519        0.469961        excluding marked processes    
22         260.000000      16.124515       Unweighted events, alpha=0.031347
  => Total parameter prop_binSR_em_bin22[0.00,-7.00,7.00] to be gaussian constrained
------------------------------------------------------------
23         7.306721        0.430261        total sum                     
23         6.676295        0.429000        excluding marked processes    
23         242.000000      15.556349       Unweighted events, alpha=0.030193
  => Total parameter prop_binSR_em_bin23[0.00,-7.00,7.00] to be gaussian constrained
------------------------------------------------------------
24         8.092154        0.460577        total sum                     
24         7.503277        0.459473        excluding marked processes    
24         267.000000      16.340135       Unweighted events, alpha=0.030308
  => Total parameter prop_binSR_em_bin24[0.00,-7.00,7.00] to be gaussian constrained
------------------------------------------------------------
25         7.092883        0.411420        total sum                     
25         6.348824        0.409860        excluding marked processes    
25         240.000000      15.491933       Unweighted events, alpha=0.029554
  => Total parameter prop_binSR_em_bin25[0.00,-7.00,7.00] to be gaussian constrained
------------------------------------------------------------
26         7.286874        0.418607        total sum                     
26         6.430724        0.416851        excluding marked processes    
26         238.000000      15.427249       Unweighted events, alpha=0.030617
  => Total parameter prop_binSR_em_bin26[0.00,-7.00,7.00] to be gaussian constrained
------------------------------------------------------------
27         7.486948        0.433126        total sum                     
27         6.685465        0.431535        excluding marked processes    
27         240.000000      15.491933       Unweighted events, alpha=0.031196
  => Total parameter prop_binSR_em_bin27[0.00,-7.00,7.00] to be gaussian constrained
------------------------------------------------------------
28         7.620107        0.421532        total sum                     
28         6.657114        0.419569        excluding marked processes    
28         252.000000      15.874508       Unweighted events, alpha=0.030239
  => Total parameter prop_binSR_em_bin28[0.00,-7.00,7.00] to be gaussian constrained
------------------------------------------------------------
29         7.101178        0.410623        total sum                     
29         6.223182        0.408763        excluding marked processes    
29         232.000000      15.231546       Unweighted events, alpha=0.030609
  => Total parameter prop_binSR_em_bin29[0.00,-7.00,7.00] to be gaussian constrained
------------------------------------------------------------
30         7.273572        0.389215        total sum                     
30         6.188514        0.386800        excluding marked processes    
30         256.000000      16.000000       Unweighted events, alpha=0.028412
  => Total parameter prop_binSR_em_bin30[0.00,-7.00,7.00] to be gaussian constrained
------------------------------------------------------------
31         7.672990        0.403316        total sum                     
31         6.467409        0.400732        excluding marked processes    
31         260.000000      16.124515       Unweighted events, alpha=0.029512
  => Total parameter prop_binSR_em_bin31[0.00,-7.00,7.00] to be gaussian constrained
------------------------------------------------------------
32         7.258841        0.372203        total sum                     
32         6.001186        0.369287        excluding marked processes    
32         264.000000      16.248077       Unweighted events, alpha=0.027496
  => Total parameter prop_binSR_em_bin32[0.00,-7.00,7.00] to be gaussian constrained
------------------------------------------------------------
33         7.590757        0.375764        total sum                     
33         6.134433        0.372406        excluding marked processes    
33         271.000000      16.462078       Unweighted events, alpha=0.028010
  => Total parameter prop_binSR_em_bin33[0.00,-7.00,7.00] to be gaussian constrained
------------------------------------------------------------
34         8.252566        0.380269        total sum                     
34         6.492942        0.376246        excluding marked processes    
34         298.000000      17.262677       Unweighted events, alpha=0.027693
  => Total parameter prop_binSR_em_bin34[0.00,-7.00,7.00] to be gaussian constrained
------------------------------------------------------------
35         8.792340        0.374004        total sum                     
35         6.717996        0.369185        excluding marked processes    
35         331.000000      18.193405       Unweighted events, alpha=0.026563
  => Total parameter prop_binSR_em_bin35[0.00,-7.00,7.00] to be gaussian constrained
------------------------------------------------------------
36         9.981443        0.412601        total sum                     
36         7.398625        0.407141        excluding marked processes    
36         330.000000      18.165902       Unweighted events, alpha=0.030247
  => Total parameter prop_binSR_em_bin36[0.00,-7.00,7.00] to be gaussian constrained
------------------------------------------------------------
37         9.883568        0.351281        total sum                     
37         6.579598        0.343022        excluding marked processes    
37         368.000000      19.183326       Unweighted events, alpha=0.026858
  => Total parameter prop_binSR_em_bin37[0.00,-7.00,7.00] to be gaussian constrained
------------------------------------------------------------
38         9.259533        0.290313        total sum                     
38         5.079677        0.277597        excluding marked processes    
38         335.000000      18.303005       Unweighted events, alpha=0.027640
  => Total parameter prop_binSR_em_bin38[0.00,-7.00,7.00] to be gaussian constrained
------------------------------------------------------------
39         9.973136        0.274969        total sum                     
39         3.570139        0.254013        excluding marked processes    
39         198.000000      14.071247       Unweighted events, alpha=0.050369
  => Total parameter prop_binSR_em_bin39[0.00,-7.00,7.00] to be gaussian constrained
------------------------------------------------------------

 -- AsymptoticLimits ( CLs ) --
Observed Limit: r < 0.6107
Expected  2.5%: r < 0.3071
Expected 16.0%: r < 0.4204
Expected 50.0%: r < 0.6094
Expected 84.0%: r < 0.9033
Expected 97.5%: r < 1.2891

Done in 0.01 min (cpu), 0.01 min (real)
