 <<< Combine >>> 
>>> method used is AsymptoticLimits
>>> random number generator seed is 123456
Channel SR_mm will use autoMCStats with settings: event-threshold=10, include-signal=0, hist-mode=1
('printing: ', <ROOT.RooArgList object at 0xaa16b00>)
============================================================
Analysing bin errors for: prop_binSR_mm
Poisson cut-off: 10
Processes excluded for sums: TAToTTQ_rtc01_MA200
============================================================
Bin        Contents        Error           Notes                         
0          23.136829       0.949935        total sum                     
0          23.120740       0.949924        excluding marked processes    
0          592.000000      24.331050       Unweighted events, alpha=0.039082
  => Total parameter prop_binSR_mm_bin0[0.00,-7.00,7.00] to be gaussian constrained
------------------------------------------------------------
1          35.433424       1.171816        total sum                     
1          35.376358       1.171783        excluding marked processes    
1          911.000000      30.182777       Unweighted events, alpha=0.038895
  => Total parameter prop_binSR_mm_bin1[0.00,-7.00,7.00] to be gaussian constrained
------------------------------------------------------------
2          32.536333       1.125444        total sum                     
2          32.406036       1.125363        excluding marked processes    
2          829.000000      28.792360       Unweighted events, alpha=0.039248
  => Total parameter prop_binSR_mm_bin2[0.00,-7.00,7.00] to be gaussian constrained
------------------------------------------------------------
3          28.714089       1.068327        total sum                     
3          28.585081       1.068245        excluding marked processes    
3          716.000000      26.758176       Unweighted events, alpha=0.040103
  => Total parameter prop_binSR_mm_bin3[0.00,-7.00,7.00] to be gaussian constrained
------------------------------------------------------------
4          27.050159       1.022554        total sum                     
4          26.877271       1.022439        excluding marked processes    
4          691.000000      26.286879       Unweighted events, alpha=0.039146
  => Total parameter prop_binSR_mm_bin4[0.00,-7.00,7.00] to be gaussian constrained
------------------------------------------------------------
5          23.844890       0.957454        total sum                     
5          23.654333       0.957318        excluding marked processes    
5          611.000000      24.718414       Unweighted events, alpha=0.039026
  => Total parameter prop_binSR_mm_bin5[0.00,-7.00,7.00] to be gaussian constrained
------------------------------------------------------------
6          19.381651       0.862796        total sum                     
6          19.154027       0.862612        excluding marked processes    
6          493.000000      22.203603       Unweighted events, alpha=0.039314
  => Total parameter prop_binSR_mm_bin6[0.00,-7.00,7.00] to be gaussian constrained
------------------------------------------------------------
7          17.677749       0.817398        total sum                     
7          17.459420       0.817215        excluding marked processes    
7          456.000000      21.354157       Unweighted events, alpha=0.038767
  => Total parameter prop_binSR_mm_bin7[0.00,-7.00,7.00] to be gaussian constrained
------------------------------------------------------------
8          16.493493       0.783442        total sum                     
8          16.221681       0.783203        excluding marked processes    
8          429.000000      20.712315       Unweighted events, alpha=0.038446
  => Total parameter prop_binSR_mm_bin8[0.00,-7.00,7.00] to be gaussian constrained
------------------------------------------------------------
9          15.142150       0.740753        total sum                     
9          14.909781       0.740538        excluding marked processes    
9          405.000000      20.124612       Unweighted events, alpha=0.037388
  => Total parameter prop_binSR_mm_bin9[0.00,-7.00,7.00] to be gaussian constrained
------------------------------------------------------------
10         13.006008       0.678571        total sum                     
10         12.764785       0.678327        excluding marked processes    
10         354.000000      18.814888       Unweighted events, alpha=0.036740
  => Total parameter prop_binSR_mm_bin10[0.00,-7.00,7.00] to be gaussian constrained
------------------------------------------------------------
11         12.133879       0.655080        total sum                     
11         11.905213       0.654840        excluding marked processes    
11         331.000000      18.193405       Unweighted events, alpha=0.036658
  => Total parameter prop_binSR_mm_bin11[0.00,-7.00,7.00] to be gaussian constrained
------------------------------------------------------------
12         10.719689       0.617660        total sum                     
12         10.450062       0.617363        excluding marked processes    
12         287.000000      16.941074       Unweighted events, alpha=0.037351
  => Total parameter prop_binSR_mm_bin12[0.00,-7.00,7.00] to be gaussian constrained
------------------------------------------------------------
13         10.943813       0.625638        total sum                     
13         10.672267       0.625342        excluding marked processes    
13         291.000000      17.058722       Unweighted events, alpha=0.037608
  => Total parameter prop_binSR_mm_bin13[0.00,-7.00,7.00] to be gaussian constrained
------------------------------------------------------------
14         9.906942        0.579481        total sum                     
14         9.598811        0.579115        excluding marked processes    
14         275.000000      16.583124       Unweighted events, alpha=0.036025
  => Total parameter prop_binSR_mm_bin14[0.00,-7.00,7.00] to be gaussian constrained
------------------------------------------------------------
15         8.040420        0.518300        total sum                     
15         7.766050        0.517933        excluding marked processes    
15         225.000000      15.000000       Unweighted events, alpha=0.035735
  => Total parameter prop_binSR_mm_bin15[0.00,-7.00,7.00] to be gaussian constrained
------------------------------------------------------------
16         8.566453        0.534534        total sum                     
16         8.227030        0.534100        excluding marked processes    
16         237.000000      15.394804       Unweighted events, alpha=0.036145
  => Total parameter prop_binSR_mm_bin16[0.00,-7.00,7.00] to be gaussian constrained
------------------------------------------------------------
17         7.431401        0.490826        total sum                     
17         7.135765        0.490410        excluding marked processes    
17         212.000000      14.560220       Unweighted events, alpha=0.035054
  => Total parameter prop_binSR_mm_bin17[0.00,-7.00,7.00] to be gaussian constrained
------------------------------------------------------------
18         7.293008        0.486474        total sum                     
18         7.012296        0.486080        excluding marked processes    
18         208.000000      14.422205       Unweighted events, alpha=0.035063
  => Total parameter prop_binSR_mm_bin18[0.00,-7.00,7.00] to be gaussian constrained
------------------------------------------------------------
19         6.756746        0.462947        total sum                     
19         6.383938        0.462392        excluding marked processes    
19         191.000000      13.820275       Unweighted events, alpha=0.035376
  => Total parameter prop_binSR_mm_bin19[0.00,-7.00,7.00] to be gaussian constrained
------------------------------------------------------------
20         6.479961        0.453349        total sum                     
20         6.183849        0.452902        excluding marked processes    
20         186.000000      13.638182       Unweighted events, alpha=0.034838
  => Total parameter prop_binSR_mm_bin20[0.00,-7.00,7.00] to be gaussian constrained
------------------------------------------------------------
21         6.893107        0.465095        total sum                     
21         6.571426        0.464624        excluding marked processes    
21         200.000000      14.142136       Unweighted events, alpha=0.034466
  => Total parameter prop_binSR_mm_bin21[0.00,-7.00,7.00] to be gaussian constrained
------------------------------------------------------------
22         6.151323        0.437883        total sum                     
22         5.761743        0.437274        excluding marked processes    
22         174.000000      13.190906       Unweighted events, alpha=0.035352
  => Total parameter prop_binSR_mm_bin22[0.00,-7.00,7.00] to be gaussian constrained
------------------------------------------------------------
23         6.159633        0.440325        total sum                     
23         5.800814        0.439766        excluding marked processes    
23         174.000000      13.190906       Unweighted events, alpha=0.035400
  => Total parameter prop_binSR_mm_bin23[0.00,-7.00,7.00] to be gaussian constrained
------------------------------------------------------------
24         4.976257        0.376929        total sum                     
24         4.555063        0.376162        excluding marked processes    
24         147.000000      12.124356       Unweighted events, alpha=0.033852
  => Total parameter prop_binSR_mm_bin24[0.00,-7.00,7.00] to be gaussian constrained
------------------------------------------------------------
25         5.720938        0.402849        total sum                     
25         5.294448        0.402124        excluding marked processes    
25         173.000000      13.152946       Unweighted events, alpha=0.033069
  => Total parameter prop_binSR_mm_bin25[0.00,-7.00,7.00] to be gaussian constrained
------------------------------------------------------------
26         6.045382        0.424842        total sum                     
26         5.568307        0.424069        excluding marked processes    
26         172.000000      13.114877       Unweighted events, alpha=0.035148
  => Total parameter prop_binSR_mm_bin26[0.00,-7.00,7.00] to be gaussian constrained
------------------------------------------------------------
27         5.779734        0.400366        total sum                     
27         5.301857        0.399549        excluding marked processes    
27         176.000000      13.266499       Unweighted events, alpha=0.032839
  => Total parameter prop_binSR_mm_bin27[0.00,-7.00,7.00] to be gaussian constrained
------------------------------------------------------------
28         5.291625        0.381608        total sum                     
28         4.792741        0.380708        excluding marked processes    
28         158.000000      12.569805       Unweighted events, alpha=0.033491
  => Total parameter prop_binSR_mm_bin28[0.00,-7.00,7.00] to be gaussian constrained
------------------------------------------------------------
29         4.804968        0.341318        total sum                     
29         4.226457        0.340151        excluding marked processes    
29         154.000000      12.409674       Unweighted events, alpha=0.031201
  => Total parameter prop_binSR_mm_bin29[0.00,-7.00,7.00] to be gaussian constrained
------------------------------------------------------------
30         4.367786        0.320924        total sum                     
30         3.758286        0.319614        excluding marked processes    
30         138.000000      11.747340       Unweighted events, alpha=0.031651
  => Total parameter prop_binSR_mm_bin30[0.00,-7.00,7.00] to be gaussian constrained
------------------------------------------------------------
31         4.923968        0.333376        total sum                     
31         4.259781        0.332003        excluding marked processes    
31         165.000000      12.845233       Unweighted events, alpha=0.029842
  => Total parameter prop_binSR_mm_bin31[0.00,-7.00,7.00] to be gaussian constrained
------------------------------------------------------------
32         4.282559        0.300922        total sum                     
32         3.543428        0.299233        excluding marked processes    
32         140.000000      11.832160       Unweighted events, alpha=0.030590
  => Total parameter prop_binSR_mm_bin32[0.00,-7.00,7.00] to be gaussian constrained
------------------------------------------------------------
33         5.315554        0.335142        total sum                     
33         4.474666        0.333414        excluding marked processes    
33         180.000000      13.416408       Unweighted events, alpha=0.029531
  => Total parameter prop_binSR_mm_bin33[0.00,-7.00,7.00] to be gaussian constrained
------------------------------------------------------------
34         4.847948        0.317340        total sum                     
34         3.962619        0.315425        excluding marked processes    
34         158.000000      12.569805       Unweighted events, alpha=0.030683
  => Total parameter prop_binSR_mm_bin34[0.00,-7.00,7.00] to be gaussian constrained
------------------------------------------------------------
35         4.839950        0.290648        total sum                     
35         3.796051        0.288165        excluding marked processes    
35         174.000000      13.190906       Unweighted events, alpha=0.027816
  => Total parameter prop_binSR_mm_bin35[0.00,-7.00,7.00] to be gaussian constrained
------------------------------------------------------------
36         4.836540        0.277950        total sum                     
36         3.629887        0.274958        excluding marked processes    
36         174.000000      13.190906       Unweighted events, alpha=0.027796
  => Total parameter prop_binSR_mm_bin36[0.00,-7.00,7.00] to be gaussian constrained
------------------------------------------------------------
37         4.931925        0.258803        total sum                     
37         3.557661        0.255122        excluding marked processes    
37         194.000000      13.928388       Unweighted events, alpha=0.025422
  => Total parameter prop_binSR_mm_bin37[0.00,-7.00,7.00] to be gaussian constrained
------------------------------------------------------------
38         4.894612        0.211043        total sum                     
38         3.094787        0.205125        excluding marked processes    
38         228.000000      15.099669       Unweighted events, alpha=0.021468
  => Total parameter prop_binSR_mm_bin38[0.00,-7.00,7.00] to be gaussian constrained
------------------------------------------------------------
39         4.360024        0.181301        total sum                     
39         2.021711        0.172224        excluding marked processes    
39         138.000000      11.747340       Unweighted events, alpha=0.031594
  => Total parameter prop_binSR_mm_bin39[0.00,-7.00,7.00] to be gaussian constrained
------------------------------------------------------------

 -- AsymptoticLimits ( CLs ) --
Observed Limit: r < 1.1096
Expected  2.5%: r < 0.5590
Expected 16.0%: r < 0.7654
Expected 50.0%: r < 1.1094
Expected 84.0%: r < 1.6356
Expected 97.5%: r < 2.3348

Done in 0.01 min (cpu), 0.01 min (real)
