 <<< Combine >>> 
>>> method used is AsymptoticLimits
>>> random number generator seed is 123456
Channel SR_mm will use autoMCStats with settings: event-threshold=10, include-signal=0, hist-mode=1
('printing: ', <ROOT.RooArgList object at 0x925cd20>)
============================================================
Analysing bin errors for: prop_binSR_mm
Poisson cut-off: 10
Processes excluded for sums: TAToTTQ_rtc01_MA350
============================================================
Bin        Contents        Error           Notes                         
0          9.138810        0.613929        total sum                     
0          9.119798        0.613904        excluding marked processes    
0          221.000000      14.866069       Unweighted events, alpha=0.041352
  => Total parameter prop_binSR_mm_bin0[0.00,-7.00,7.00] to be gaussian constrained
------------------------------------------------------------
1          26.584323       1.043844        total sum                     
1          26.521623       1.043795        excluding marked processes    
1          646.000000      25.416530       Unweighted events, alpha=0.041152
  => Total parameter prop_binSR_mm_bin1[0.00,-7.00,7.00] to be gaussian constrained
------------------------------------------------------------
2          30.580293       1.106273        total sum                     
2          30.424193       1.106156        excluding marked processes    
2          756.000000      27.495454       Unweighted events, alpha=0.040450
  => Total parameter prop_binSR_mm_bin2[0.00,-7.00,7.00] to be gaussian constrained
------------------------------------------------------------
3          25.361560       1.004579        total sum                     
3          25.171454       1.004421        excluding marked processes    
3          628.000000      25.059928       Unweighted events, alpha=0.040385
  => Total parameter prop_binSR_mm_bin3[0.00,-7.00,7.00] to be gaussian constrained
------------------------------------------------------------
4          25.411685       0.999669        total sum                     
4          25.200478       0.999495        excluding marked processes    
4          636.000000      25.219040       Unweighted events, alpha=0.039955
  => Total parameter prop_binSR_mm_bin4[0.00,-7.00,7.00] to be gaussian constrained
------------------------------------------------------------
5          22.873042       0.943560        total sum                     
5          22.613847       0.943333        excluding marked processes    
5          575.000000      23.979158       Unweighted events, alpha=0.039779
  => Total parameter prop_binSR_mm_bin5[0.00,-7.00,7.00] to be gaussian constrained
------------------------------------------------------------
6          21.764904       0.917027        total sum                     
6          21.452727       0.916743        excluding marked processes    
6          548.000000      23.409400       Unweighted events, alpha=0.039717
  => Total parameter prop_binSR_mm_bin6[0.00,-7.00,7.00] to be gaussian constrained
------------------------------------------------------------
7          18.722354       0.847041        total sum                     
7          18.410406       0.846738        excluding marked processes    
7          473.000000      21.748563       Unweighted events, alpha=0.039582
  => Total parameter prop_binSR_mm_bin7[0.00,-7.00,7.00] to be gaussian constrained
------------------------------------------------------------
8          17.613390       0.804111        total sum                     
8          17.236234       0.803725        excluding marked processes    
8          460.000000      21.447611       Unweighted events, alpha=0.038290
  => Total parameter prop_binSR_mm_bin8[0.00,-7.00,7.00] to be gaussian constrained
------------------------------------------------------------
9          16.509171       0.782903        total sum                     
9          16.108060       0.782479        excluding marked processes    
9          424.000000      20.591260       Unweighted events, alpha=0.038937
  => Total parameter prop_binSR_mm_bin9[0.00,-7.00,7.00] to be gaussian constrained
------------------------------------------------------------
10         14.688817       0.734893        total sum                     
10         14.276162       0.734435        excluding marked processes    
10         378.000000      19.442222       Unweighted events, alpha=0.038859
  => Total parameter prop_binSR_mm_bin10[0.00,-7.00,7.00] to be gaussian constrained
------------------------------------------------------------
11         15.486051       0.744308        total sum                     
11         15.063824       0.743837        excluding marked processes    
11         410.000000      20.248457       Unweighted events, alpha=0.037771
  => Total parameter prop_binSR_mm_bin11[0.00,-7.00,7.00] to be gaussian constrained
------------------------------------------------------------
12         13.866675       0.707004        total sum                     
12         13.472090       0.706540        excluding marked processes    
12         364.000000      19.078784       Unweighted events, alpha=0.038095
  => Total parameter prop_binSR_mm_bin12[0.00,-7.00,7.00] to be gaussian constrained
------------------------------------------------------------
13         13.018810       0.671549        total sum                     
13         12.532436       0.670946        excluding marked processes    
13         349.000000      18.681542       Unweighted events, alpha=0.037303
  => Total parameter prop_binSR_mm_bin13[0.00,-7.00,7.00] to be gaussian constrained
------------------------------------------------------------
14         10.378298       0.590516        total sum                     
14         9.992965        0.589969        excluding marked processes    
14         287.000000      16.941074       Unweighted events, alpha=0.036161
  => Total parameter prop_binSR_mm_bin14[0.00,-7.00,7.00] to be gaussian constrained
------------------------------------------------------------
15         11.432893       0.620407        total sum                     
15         10.986443       0.619815        excluding marked processes    
15         314.000000      17.720045       Unweighted events, alpha=0.036410
  => Total parameter prop_binSR_mm_bin15[0.00,-7.00,7.00] to be gaussian constrained
------------------------------------------------------------
16         10.564482       0.585146        total sum                     
16         10.073113       0.584449        excluding marked processes    
16         297.000000      17.233688       Unweighted events, alpha=0.035571
  => Total parameter prop_binSR_mm_bin16[0.00,-7.00,7.00] to be gaussian constrained
------------------------------------------------------------
17         8.904263        0.534395        total sum                     
17         8.411931        0.533619        excluding marked processes    
17         249.000000      15.779734       Unweighted events, alpha=0.035760
  => Total parameter prop_binSR_mm_bin17[0.00,-7.00,7.00] to be gaussian constrained
------------------------------------------------------------
18         8.722447        0.533084        total sum                     
18         8.248158        0.532348        excluding marked processes    
18         240.000000      15.491933       Unweighted events, alpha=0.036344
  => Total parameter prop_binSR_mm_bin18[0.00,-7.00,7.00] to be gaussian constrained
------------------------------------------------------------
19         7.919899        0.494352        total sum                     
19         7.420083        0.493511        excluding marked processes    
19         226.000000      15.033296       Unweighted events, alpha=0.035044
  => Total parameter prop_binSR_mm_bin19[0.00,-7.00,7.00] to be gaussian constrained
------------------------------------------------------------
20         8.281882        0.504628        total sum                     
20         7.789687        0.503821        excluding marked processes    
20         239.000000      15.459625       Unweighted events, alpha=0.034652
  => Total parameter prop_binSR_mm_bin20[0.00,-7.00,7.00] to be gaussian constrained
------------------------------------------------------------
21         7.438190        0.475260        total sum                     
21         6.917717        0.474351        excluding marked processes    
21         213.000000      14.594520       Unweighted events, alpha=0.034921
  => Total parameter prop_binSR_mm_bin21[0.00,-7.00,7.00] to be gaussian constrained
------------------------------------------------------------
22         7.181557        0.460983        total sum                     
22         6.637788        0.459997        excluding marked processes    
22         208.000000      14.422205       Unweighted events, alpha=0.034527
  => Total parameter prop_binSR_mm_bin22[0.00,-7.00,7.00] to be gaussian constrained
------------------------------------------------------------
23         6.884260        0.442123        total sum                     
23         6.266882        0.440959        excluding marked processes    
23         202.000000      14.212670       Unweighted events, alpha=0.034080
  => Total parameter prop_binSR_mm_bin23[0.00,-7.00,7.00] to be gaussian constrained
------------------------------------------------------------
24         6.231175        0.404952        total sum                     
24         5.548196        0.403545        excluding marked processes    
24         189.000000      13.747727       Unweighted events, alpha=0.032969
  => Total parameter prop_binSR_mm_bin24[0.00,-7.00,7.00] to be gaussian constrained
------------------------------------------------------------
25         6.308039        0.421633        total sum                     
25         5.760414        0.420547        excluding marked processes    
25         188.000000      13.711309       Unweighted events, alpha=0.033553
  => Total parameter prop_binSR_mm_bin25[0.00,-7.00,7.00] to be gaussian constrained
------------------------------------------------------------
26         5.667815        0.377893        total sum                     
26         4.979363        0.376383        excluding marked processes    
26         175.000000      13.228757       Unweighted events, alpha=0.032388
  => Total parameter prop_binSR_mm_bin26[0.00,-7.00,7.00] to be gaussian constrained
------------------------------------------------------------
27         5.965261        0.391630        total sum                     
27         5.248302        0.390102        excluding marked processes    
27         181.000000      13.453624       Unweighted events, alpha=0.032957
  => Total parameter prop_binSR_mm_bin27[0.00,-7.00,7.00] to be gaussian constrained
------------------------------------------------------------
28         5.810527        0.373131        total sum                     
28         5.034149        0.371388        excluding marked processes    
28         184.000000      13.564660       Unweighted events, alpha=0.031579
  => Total parameter prop_binSR_mm_bin28[0.00,-7.00,7.00] to be gaussian constrained
------------------------------------------------------------
29         5.956840        0.375120        total sum                     
29         5.064819        0.373134        excluding marked processes    
29         184.000000      13.564660       Unweighted events, alpha=0.032374
  => Total parameter prop_binSR_mm_bin29[0.00,-7.00,7.00] to be gaussian constrained
------------------------------------------------------------
30         5.917725        0.358475        total sum                     
30         5.036117        0.356421        excluding marked processes    
30         200.000000      14.142136       Unweighted events, alpha=0.029589
  => Total parameter prop_binSR_mm_bin30[0.00,-7.00,7.00] to be gaussian constrained
------------------------------------------------------------
31         5.398869        0.338153        total sum                     
31         4.386963        0.335653        excluding marked processes    
31         171.000000      13.076697       Unweighted events, alpha=0.031572
  => Total parameter prop_binSR_mm_bin31[0.00,-7.00,7.00] to be gaussian constrained
------------------------------------------------------------
32         5.775052        0.348983        total sum                     
32         4.688648        0.346382        excluding marked processes    
32         183.000000      13.527749       Unweighted events, alpha=0.031558
  => Total parameter prop_binSR_mm_bin32[0.00,-7.00,7.00] to be gaussian constrained
------------------------------------------------------------
33         5.988363        0.343164        total sum                     
33         4.778318        0.340226        excluding marked processes    
33         197.000000      14.035669       Unweighted events, alpha=0.030398
  => Total parameter prop_binSR_mm_bin33[0.00,-7.00,7.00] to be gaussian constrained
------------------------------------------------------------
34         5.295121        0.293761        total sum                     
34         4.031009        0.290169        excluding marked processes    
34         193.000000      13.892444       Unweighted events, alpha=0.027436
  => Total parameter prop_binSR_mm_bin34[0.00,-7.00,7.00] to be gaussian constrained
------------------------------------------------------------
35         5.323776        0.289290        total sum                     
35         3.936041        0.285269        excluding marked processes    
35         190.000000      13.784049       Unweighted events, alpha=0.028020
  => Total parameter prop_binSR_mm_bin35[0.00,-7.00,7.00] to be gaussian constrained
------------------------------------------------------------
36         5.594493        0.300486        total sum                     
36         4.088415        0.296247        excluding marked processes    
36         190.000000      13.784049       Unweighted events, alpha=0.029445
  => Total parameter prop_binSR_mm_bin36[0.00,-7.00,7.00] to be gaussian constrained
------------------------------------------------------------
37         4.722492        0.249031        total sum                     
37         3.048812        0.243369        excluding marked processes    
37         157.000000      12.529964       Unweighted events, alpha=0.030080
  => Total parameter prop_binSR_mm_bin37[0.00,-7.00,7.00] to be gaussian constrained
------------------------------------------------------------
38         4.734813        0.208550        total sum                     
38         2.482822        0.199366        excluding marked processes    
38         155.000000      12.449900       Unweighted events, alpha=0.030547
  => Total parameter prop_binSR_mm_bin38[0.00,-7.00,7.00] to be gaussian constrained
------------------------------------------------------------
39         3.755995        0.160962        total sum                     
39         1.376005        0.148087        excluding marked processes    
39         86.000000       9.273618        Unweighted events, alpha=0.043674
  => Total parameter prop_binSR_mm_bin39[0.00,-7.00,7.00] to be gaussian constrained
------------------------------------------------------------

 -- AsymptoticLimits ( CLs ) --
Observed Limit: r < 0.8728
Expected  2.5%: r < 0.4375
Expected 16.0%: r < 0.6016
Expected 50.0%: r < 0.8750
Expected 84.0%: r < 1.2935
Expected 97.5%: r < 1.8436

Done in 0.01 min (cpu), 0.01 min (real)
