 <<< Combine >>> 
>>> method used is AsymptoticLimits
>>> random number generator seed is 123456
Channel SR_em will use autoMCStats with settings: event-threshold=10, include-signal=0, hist-mode=1
('printing: ', <ROOT.RooArgList object at 0x9b8d130>)
============================================================
Analysing bin errors for: prop_binSR_em
Poisson cut-off: 10
Processes excluded for sums: TAToTTQ_rtc01_MA300
============================================================
Bin        Contents        Error           Notes                         
0          3.722179        0.375385        total sum                     
0          3.717935        0.375377        excluding marked processes    
0          98.000000       9.899495        Unweighted events, alpha=0.037981
  => Total parameter prop_binSR_em_bin0[0.00,-7.00,7.00] to be gaussian constrained
------------------------------------------------------------
1          15.342033       0.763006        total sum                     
1          15.293866       0.762961        excluding marked processes    
1          402.000000      20.049938       Unweighted events, alpha=0.038164
  => Total parameter prop_binSR_em_bin1[0.00,-7.00,7.00] to be gaussian constrained
------------------------------------------------------------
2          21.716966       0.906107        total sum                     
2          21.621012       0.906031        excluding marked processes    
2          569.000000      23.853721       Unweighted events, alpha=0.038167
  => Total parameter prop_binSR_em_bin2[0.00,-7.00,7.00] to be gaussian constrained
------------------------------------------------------------
3          21.643016       0.888162        total sum                     
3          21.462431       0.888015        excluding marked processes    
3          584.000000      24.166092       Unweighted events, alpha=0.037060
  => Total parameter prop_binSR_em_bin3[0.00,-7.00,7.00] to be gaussian constrained
------------------------------------------------------------
4          23.264128       0.915607        total sum                     
4          23.047573       0.915437        excluding marked processes    
4          634.000000      25.179357       Unweighted events, alpha=0.036694
  => Total parameter prop_binSR_em_bin4[0.00,-7.00,7.00] to be gaussian constrained
------------------------------------------------------------
5          26.487141       0.983108        total sum                     
5          26.250768       0.982933        excluding marked processes    
5          713.000000      26.702060       Unweighted events, alpha=0.037149
  => Total parameter prop_binSR_em_bin5[0.00,-7.00,7.00] to be gaussian constrained
------------------------------------------------------------
6          24.145208       0.930917        total sum                     
6          23.844489       0.930682        excluding marked processes    
6          656.000000      25.612497       Unweighted events, alpha=0.036807
  => Total parameter prop_binSR_em_bin6[0.00,-7.00,7.00] to be gaussian constrained
------------------------------------------------------------
7          22.412891       0.897618        total sum                     
7          22.100787       0.897366        excluding marked processes    
7          607.000000      24.637370       Unweighted events, alpha=0.036924
  => Total parameter prop_binSR_em_bin7[0.00,-7.00,7.00] to be gaussian constrained
------------------------------------------------------------
8          20.395955       0.834471        total sum                     
8          20.059050       0.834181        excluding marked processes    
8          578.000000      24.041631       Unweighted events, alpha=0.035287
  => Total parameter prop_binSR_em_bin8[0.00,-7.00,7.00] to be gaussian constrained
------------------------------------------------------------
9          19.715533       0.823003        total sum                     
9          19.281889       0.822619        excluding marked processes    
9          549.000000      23.430749       Unweighted events, alpha=0.035912
  => Total parameter prop_binSR_em_bin9[0.00,-7.00,7.00] to be gaussian constrained
------------------------------------------------------------
10         20.417319       0.837103        total sum                     
10         19.987024       0.836730        excluding marked processes    
10         571.000000      23.895606       Unweighted events, alpha=0.035757
  => Total parameter prop_binSR_em_bin10[0.00,-7.00,7.00] to be gaussian constrained
------------------------------------------------------------
11         16.738567       0.746354        total sum                     
11         16.295274       0.745924        excluding marked processes    
11         477.000000      21.840330       Unweighted events, alpha=0.035091
  => Total parameter prop_binSR_em_bin11[0.00,-7.00,7.00] to be gaussian constrained
------------------------------------------------------------
12         15.938381       0.716938        total sum                     
12         15.478340       0.716475        excluding marked processes    
12         467.000000      21.610183       Unweighted events, alpha=0.034129
  => Total parameter prop_binSR_em_bin12[0.00,-7.00,7.00] to be gaussian constrained
------------------------------------------------------------
13         15.678391       0.714582        total sum                     
13         15.155461       0.714052        excluding marked processes    
13         450.000000      21.213203       Unweighted events, alpha=0.034841
  => Total parameter prop_binSR_em_bin13[0.00,-7.00,7.00] to be gaussian constrained
------------------------------------------------------------
14         15.217344       0.699513        total sum                     
14         14.666096       0.698946        excluding marked processes    
14         440.000000      20.976177       Unweighted events, alpha=0.034585
  => Total parameter prop_binSR_em_bin14[0.00,-7.00,7.00] to be gaussian constrained
------------------------------------------------------------
15         13.546636       0.651468        total sum                     
15         13.020254       0.650884        excluding marked processes    
15         400.000000      20.000000       Unweighted events, alpha=0.033867
  => Total parameter prop_binSR_em_bin15[0.00,-7.00,7.00] to be gaussian constrained
------------------------------------------------------------
16         12.343789       0.614087        total sum                     
16         11.785710       0.613422        excluding marked processes    
16         369.000000      19.209373       Unweighted events, alpha=0.033452
  => Total parameter prop_binSR_em_bin16[0.00,-7.00,7.00] to be gaussian constrained
------------------------------------------------------------
17         11.185896       0.580081        total sum                     
17         10.598483       0.579343        excluding marked processes    
17         335.000000      18.303005       Unweighted events, alpha=0.033391
  => Total parameter prop_binSR_em_bin17[0.00,-7.00,7.00] to be gaussian constrained
------------------------------------------------------------
18         12.190552       0.619538        total sum                     
18         11.611049       0.618862        excluding marked processes    
18         352.000000      18.761663       Unweighted events, alpha=0.034632
  => Total parameter prop_binSR_em_bin18[0.00,-7.00,7.00] to be gaussian constrained
------------------------------------------------------------
19         10.682462       0.571933        total sum                     
19         10.115964       0.571210        excluding marked processes    
19         314.000000      17.720045       Unweighted events, alpha=0.034021
  => Total parameter prop_binSR_em_bin19[0.00,-7.00,7.00] to be gaussian constrained
------------------------------------------------------------
20         9.815061        0.538315        total sum                     
20         9.206188        0.537495        excluding marked processes    
20         293.000000      17.117243       Unweighted events, alpha=0.033499
  => Total parameter prop_binSR_em_bin20[0.00,-7.00,7.00] to be gaussian constrained
------------------------------------------------------------
21         9.322725        0.511761        total sum                     
21         8.728877        0.510911        excluding marked processes    
21         292.000000      17.088007       Unweighted events, alpha=0.031927
  => Total parameter prop_binSR_em_bin21[0.00,-7.00,7.00] to be gaussian constrained
------------------------------------------------------------
22         9.588502        0.529338        total sum                     
22         8.958391        0.528474        excluding marked processes    
22         287.000000      16.941074       Unweighted events, alpha=0.033409
  => Total parameter prop_binSR_em_bin22[0.00,-7.00,7.00] to be gaussian constrained
------------------------------------------------------------
23         9.951107        0.535420        total sum                     
23         9.277417        0.534504        excluding marked processes    
23         301.000000      17.349352       Unweighted events, alpha=0.033060
  => Total parameter prop_binSR_em_bin23[0.00,-7.00,7.00] to be gaussian constrained
------------------------------------------------------------
24         8.733707        0.488049        total sum                     
24         7.975814        0.486916        excluding marked processes    
24         268.000000      16.370706       Unweighted events, alpha=0.032588
  => Total parameter prop_binSR_em_bin24[0.00,-7.00,7.00] to be gaussian constrained
------------------------------------------------------------
25         8.522026        0.477916        total sum                     
25         7.683200        0.476640        excluding marked processes    
25         260.000000      16.124515       Unweighted events, alpha=0.032777
  => Total parameter prop_binSR_em_bin25[0.00,-7.00,7.00] to be gaussian constrained
------------------------------------------------------------
26         9.287001        0.513545        total sum                     
26         8.415011        0.512306        excluding marked processes    
26         270.000000      16.431677       Unweighted events, alpha=0.034396
  => Total parameter prop_binSR_em_bin26[0.00,-7.00,7.00] to be gaussian constrained
------------------------------------------------------------
27         8.764716        0.467215        total sum                     
27         7.903922        0.465870        excluding marked processes    
27         288.000000      16.970563       Unweighted events, alpha=0.030433
  => Total parameter prop_binSR_em_bin27[0.00,-7.00,7.00] to be gaussian constrained
------------------------------------------------------------
28         7.932417        0.431686        total sum                     
28         6.897627        0.429928        excluding marked processes    
28         257.000000      16.031220       Unweighted events, alpha=0.030865
  => Total parameter prop_binSR_em_bin28[0.00,-7.00,7.00] to be gaussian constrained
------------------------------------------------------------
29         8.898109        0.461760        total sum                     
29         7.831688        0.460072        excluding marked processes    
29         290.000000      17.029386       Unweighted events, alpha=0.030683
  => Total parameter prop_binSR_em_bin29[0.00,-7.00,7.00] to be gaussian constrained
------------------------------------------------------------
30         8.564476        0.433272        total sum                     
30         7.415563        0.431326        excluding marked processes    
30         296.000000      17.204651       Unweighted events, alpha=0.028934
  => Total parameter prop_binSR_em_bin30[0.00,-7.00,7.00] to be gaussian constrained
------------------------------------------------------------
31         7.898606        0.414373        total sum                     
31         6.604293        0.412085        excluding marked processes    
31         257.000000      16.031220       Unweighted events, alpha=0.030734
  => Total parameter prop_binSR_em_bin31[0.00,-7.00,7.00] to be gaussian constrained
------------------------------------------------------------
32         8.090807        0.391202        total sum                     
32         6.748111        0.388701        excluding marked processes    
32         301.000000      17.349352       Unweighted events, alpha=0.026880
  => Total parameter prop_binSR_em_bin32[0.00,-7.00,7.00] to be gaussian constrained
------------------------------------------------------------
33         7.837390        0.378440        total sum                     
33         6.345661        0.375543        excluding marked processes    
33         286.000000      16.911535       Unweighted events, alpha=0.027403
  => Total parameter prop_binSR_em_bin33[0.00,-7.00,7.00] to be gaussian constrained
------------------------------------------------------------
34         7.448190        0.351783        total sum                     
34         5.942232        0.348672        excluding marked processes    
34         290.000000      17.029386       Unweighted events, alpha=0.025683
  => Total parameter prop_binSR_em_bin34[0.00,-7.00,7.00] to be gaussian constrained
------------------------------------------------------------
35         8.403532        0.396880        total sum                     
35         6.803704        0.393929        excluding marked processes    
35         298.000000      17.262677       Unweighted events, alpha=0.028200
  => Total parameter prop_binSR_em_bin35[0.00,-7.00,7.00] to be gaussian constrained
------------------------------------------------------------
36         6.778548        0.329083        total sum                     
36         5.069631        0.325268        excluding marked processes    
36         243.000000      15.588457       Unweighted events, alpha=0.027895
  => Total parameter prop_binSR_em_bin36[0.00,-7.00,7.00] to be gaussian constrained
------------------------------------------------------------
37         6.366632        0.323718        total sum                     
37         4.384784        0.319244        excluding marked processes    
37         189.000000      13.747727       Unweighted events, alpha=0.033686
  => Total parameter prop_binSR_em_bin37[0.00,-7.00,7.00] to be gaussian constrained
------------------------------------------------------------
38         6.462918        0.273873        total sum                     
38         3.733674        0.266517        excluding marked processes    
38         196.000000      14.000000       Unweighted events, alpha=0.032974
  => Total parameter prop_binSR_em_bin38[0.00,-7.00,7.00] to be gaussian constrained
------------------------------------------------------------
39         5.114627        0.212260        total sum                     
39         2.442897        0.202867        excluding marked processes    
39         145.000000      12.041595       Unweighted events, alpha=0.035273
  => Total parameter prop_binSR_em_bin39[0.00,-7.00,7.00] to be gaussian constrained
------------------------------------------------------------

 -- AsymptoticLimits ( CLs ) --
Observed Limit: r < 0.9228
Expected  2.5%: r < 0.4717
Expected 16.0%: r < 0.6405
Expected 50.0%: r < 0.9219
Expected 84.0%: r < 1.3518
Expected 97.5%: r < 1.9018

Done in 0.01 min (cpu), 0.01 min (real)
