 <<< Combine >>> 
>>> method used is AsymptoticLimits
>>> random number generator seed is 123456
Channel SR_ee will use autoMCStats with settings: event-threshold=10, include-signal=0, hist-mode=1
('printing: ', <ROOT.RooArgList object at 0x9e3aa90>)
============================================================
Analysing bin errors for: prop_binSR_ee
Poisson cut-off: 10
Processes excluded for sums: TAToTTQ_rtc01_MA200
============================================================
Bin        Contents        Error           Notes                         
0          12.488034       0.656632        total sum                     
0          12.482918       0.656627        excluding marked processes    
0          361.000000      19.000000       Unweighted events, alpha=0.034593
  => Total parameter prop_binSR_ee_bin0[0.00,-7.00,7.00] to be gaussian constrained
------------------------------------------------------------
1          18.306859       0.805313        total sum                     
1          18.275381       0.805289        excluding marked processes    
1          515.000000      22.693611       Unweighted events, alpha=0.035547
  => Total parameter prop_binSR_ee_bin1[0.00,-7.00,7.00] to be gaussian constrained
------------------------------------------------------------
2          16.869483       0.765634        total sum                     
2          16.816380       0.765590        excluding marked processes    
2          482.000000      21.954498       Unweighted events, alpha=0.034999
  => Total parameter prop_binSR_ee_bin2[0.00,-7.00,7.00] to be gaussian constrained
------------------------------------------------------------
3          15.150762       0.730065        total sum                     
3          15.072532       0.729998        excluding marked processes    
3          426.000000      20.639767       Unweighted events, alpha=0.035565
  => Total parameter prop_binSR_ee_bin3[0.00,-7.00,7.00] to be gaussian constrained
------------------------------------------------------------
4          13.989154       0.692581        total sum                     
4          13.888075       0.692492        excluding marked processes    
4          402.000000      20.049938       Unweighted events, alpha=0.034799
  => Total parameter prop_binSR_ee_bin4[0.00,-7.00,7.00] to be gaussian constrained
------------------------------------------------------------
5          12.457884       0.652905        total sum                     
5          12.379305       0.652830        excluding marked processes    
5          360.000000      18.973666       Unweighted events, alpha=0.034605
  => Total parameter prop_binSR_ee_bin5[0.00,-7.00,7.00] to be gaussian constrained
------------------------------------------------------------
6          10.729174       0.597848        total sum                     
6          10.624268       0.597741        excluding marked processes    
6          316.000000      17.776389       Unweighted events, alpha=0.033953
  => Total parameter prop_binSR_ee_bin6[0.00,-7.00,7.00] to be gaussian constrained
------------------------------------------------------------
7          8.641458        0.542525        total sum                     
7          8.534551        0.542403        excluding marked processes    
7          248.000000      15.748016       Unweighted events, alpha=0.034845
  => Total parameter prop_binSR_ee_bin7[0.00,-7.00,7.00] to be gaussian constrained
------------------------------------------------------------
8          8.054494        0.516439        total sum                     
8          7.946030        0.516307        excluding marked processes    
8          237.000000      15.394804       Unweighted events, alpha=0.033985
  => Total parameter prop_binSR_ee_bin8[0.00,-7.00,7.00] to be gaussian constrained
------------------------------------------------------------
9          7.604663        0.495241        total sum                     
9          7.463171        0.495066        excluding marked processes    
9          227.000000      15.066519       Unweighted events, alpha=0.033501
  => Total parameter prop_binSR_ee_bin9[0.00,-7.00,7.00] to be gaussian constrained
------------------------------------------------------------
10         6.720298        0.466336        total sum                     
10         6.595124        0.466171        excluding marked processes    
10         200.000000      14.142136       Unweighted events, alpha=0.033601
  => Total parameter prop_binSR_ee_bin10[0.00,-7.00,7.00] to be gaussian constrained
------------------------------------------------------------
11         6.098164        0.436632        total sum                     
11         5.962263        0.436435        excluding marked processes    
11         187.000000      13.674794       Unweighted events, alpha=0.032611
  => Total parameter prop_binSR_ee_bin11[0.00,-7.00,7.00] to be gaussian constrained
------------------------------------------------------------
12         5.463305        0.421173        total sum                     
12         5.317610        0.420958        excluding marked processes    
12         160.000000      12.649111       Unweighted events, alpha=0.034146
  => Total parameter prop_binSR_ee_bin12[0.00,-7.00,7.00] to be gaussian constrained
------------------------------------------------------------
13         6.268339        0.449719        total sum                     
13         6.150166        0.449556        excluding marked processes    
13         187.000000      13.674794       Unweighted events, alpha=0.033521
  => Total parameter prop_binSR_ee_bin13[0.00,-7.00,7.00] to be gaussian constrained
------------------------------------------------------------
14         5.257793        0.409886        total sum                     
14         5.111987        0.409666        excluding marked processes    
14         156.000000      12.489996       Unweighted events, alpha=0.033704
  => Total parameter prop_binSR_ee_bin14[0.00,-7.00,7.00] to be gaussian constrained
------------------------------------------------------------
15         5.016902        0.391348        total sum                     
15         4.840885        0.391062        excluding marked processes    
15         153.000000      12.369317       Unweighted events, alpha=0.032790
  => Total parameter prop_binSR_ee_bin15[0.00,-7.00,7.00] to be gaussian constrained
------------------------------------------------------------
16         4.483404        0.368389        total sum                     
16         4.317152        0.368105        excluding marked processes    
16         138.000000      11.747340       Unweighted events, alpha=0.032488
  => Total parameter prop_binSR_ee_bin16[0.00,-7.00,7.00] to be gaussian constrained
------------------------------------------------------------
17         4.677432        0.374066        total sum                     
17         4.529507        0.373820        excluding marked processes    
17         147.000000      12.124356       Unweighted events, alpha=0.031819
  => Total parameter prop_binSR_ee_bin17[0.00,-7.00,7.00] to be gaussian constrained
------------------------------------------------------------
18         4.793280        0.383717        total sum                     
18         4.632542        0.383457        excluding marked processes    
18         146.000000      12.083046       Unweighted events, alpha=0.032831
  => Total parameter prop_binSR_ee_bin18[0.00,-7.00,7.00] to be gaussian constrained
------------------------------------------------------------
19         3.594132        0.318759        total sum                     
19         3.406840        0.318391        excluding marked processes    
19         114.000000      10.677078       Unweighted events, alpha=0.031527
  => Total parameter prop_binSR_ee_bin19[0.00,-7.00,7.00] to be gaussian constrained
------------------------------------------------------------
20         3.964037        0.339329        total sum                     
20         3.758809        0.338951        excluding marked processes    
20         123.000000      11.090537       Unweighted events, alpha=0.032228
  => Total parameter prop_binSR_ee_bin20[0.00,-7.00,7.00] to be gaussian constrained
------------------------------------------------------------
21         3.427398        0.305438        total sum                     
21         3.253545        0.305081        excluding marked processes    
21         114.000000      10.677078       Unweighted events, alpha=0.030065
  => Total parameter prop_binSR_ee_bin21[0.00,-7.00,7.00] to be gaussian constrained
------------------------------------------------------------
22         3.905813        0.329678        total sum                     
22         3.674541        0.329236        excluding marked processes    
22         125.000000      11.180340       Unweighted events, alpha=0.031247
  => Total parameter prop_binSR_ee_bin22[0.00,-7.00,7.00] to be gaussian constrained
------------------------------------------------------------
23         3.462705        0.301450        total sum                     
23         3.248688        0.301004        excluding marked processes    
23         116.000000      10.770330       Unweighted events, alpha=0.029851
  => Total parameter prop_binSR_ee_bin23[0.00,-7.00,7.00] to be gaussian constrained
------------------------------------------------------------
24         3.175414        0.294794        total sum                     
24         2.960730        0.294335        excluding marked processes    
24         101.000000      10.049876       Unweighted events, alpha=0.031440
  => Total parameter prop_binSR_ee_bin24[0.00,-7.00,7.00] to be gaussian constrained
------------------------------------------------------------
25         3.578972        0.311250        total sum                     
25         3.353496        0.310798        excluding marked processes    
25         116.000000      10.770330       Unweighted events, alpha=0.030853
  => Total parameter prop_binSR_ee_bin25[0.00,-7.00,7.00] to be gaussian constrained
------------------------------------------------------------
26         3.462517        0.301991        total sum                     
26         3.188497        0.301423        excluding marked processes    
26         112.000000      10.583005       Unweighted events, alpha=0.030915
  => Total parameter prop_binSR_ee_bin26[0.00,-7.00,7.00] to be gaussian constrained
------------------------------------------------------------
27         3.057712        0.275897        total sum                     
27         2.774092        0.275257        excluding marked processes    
27         102.000000      10.099505       Unweighted events, alpha=0.029978
  => Total parameter prop_binSR_ee_bin27[0.00,-7.00,7.00] to be gaussian constrained
------------------------------------------------------------
28         3.125749        0.279517        total sum                     
28         2.860604        0.278922        excluding marked processes    
28         105.000000      10.246951       Unweighted events, alpha=0.029769
  => Total parameter prop_binSR_ee_bin28[0.00,-7.00,7.00] to be gaussian constrained
------------------------------------------------------------
29         3.059235        0.259033        total sum                     
29         2.745013        0.258275        excluding marked processes    
29         113.000000      10.630146       Unweighted events, alpha=0.027073
  => Total parameter prop_binSR_ee_bin29[0.00,-7.00,7.00] to be gaussian constrained
------------------------------------------------------------
30         3.250725        0.279365        total sum                     
30         2.941597        0.278666        excluding marked processes    
30         111.000000      10.535654       Unweighted events, alpha=0.029286
  => Total parameter prop_binSR_ee_bin30[0.00,-7.00,7.00] to be gaussian constrained
------------------------------------------------------------
31         2.726208        0.227949        total sum                     
31         2.362654        0.226948        excluding marked processes    
31         108.000000      10.392305       Unweighted events, alpha=0.025243
  => Total parameter prop_binSR_ee_bin31[0.00,-7.00,7.00] to be gaussian constrained
------------------------------------------------------------
32         3.387334        0.277579        total sum                     
32         2.996468        0.276699        excluding marked processes    
32         117.000000      10.816654       Unweighted events, alpha=0.028952
  => Total parameter prop_binSR_ee_bin32[0.00,-7.00,7.00] to be gaussian constrained
------------------------------------------------------------
33         3.173984        0.255106        total sum                     
33         2.685041        0.253906        excluding marked processes    
33         112.000000      10.583005       Unweighted events, alpha=0.028339
  => Total parameter prop_binSR_ee_bin33[0.00,-7.00,7.00] to be gaussian constrained
------------------------------------------------------------
34         3.273786        0.249670        total sum                     
34         2.808064        0.248499        excluding marked processes    
34         128.000000      11.313708       Unweighted events, alpha=0.025576
  => Total parameter prop_binSR_ee_bin34[0.00,-7.00,7.00] to be gaussian constrained
------------------------------------------------------------
35         3.223634        0.242040        total sum                     
35         2.658557        0.240567        excluding marked processes    
35         122.000000      11.045361       Unweighted events, alpha=0.026423
  => Total parameter prop_binSR_ee_bin35[0.00,-7.00,7.00] to be gaussian constrained
------------------------------------------------------------
36         3.017787        0.217108        total sum                     
36         2.367334        0.215224        excluding marked processes    
36         121.000000      11.000000       Unweighted events, alpha=0.024940
  => Total parameter prop_binSR_ee_bin36[0.00,-7.00,7.00] to be gaussian constrained
------------------------------------------------------------
37         3.462689        0.226343        total sum                     
37         2.623121        0.223993        excluding marked processes    
37         137.000000      11.704700       Unweighted events, alpha=0.025275
  => Total parameter prop_binSR_ee_bin37[0.00,-7.00,7.00] to be gaussian constrained
------------------------------------------------------------
38         3.209957        0.192651        total sum                     
38         2.221417        0.189398        excluding marked processes    
38         138.000000      11.747340       Unweighted events, alpha=0.023261
  => Total parameter prop_binSR_ee_bin38[0.00,-7.00,7.00] to be gaussian constrained
------------------------------------------------------------
39         3.023330        0.172528        total sum                     
39         1.726711        0.167718        excluding marked processes    
39         106.000000      10.295630       Unweighted events, alpha=0.028522
  => Total parameter prop_binSR_ee_bin39[0.00,-7.00,7.00] to be gaussian constrained
------------------------------------------------------------

 -- AsymptoticLimits ( CLs ) --
Observed Limit: r < 1.7139
Expected  2.5%: r < 0.8594
Expected 16.0%: r < 1.1816
Expected 50.0%: r < 1.7188
Expected 84.0%: r < 2.5409
Expected 97.5%: r < 3.6214

Done in 0.01 min (cpu), 0.01 min (real)
