 <<< Combine >>> 
>>> method used is AsymptoticLimits
>>> random number generator seed is 123456
Channel SR_em will use autoMCStats with settings: event-threshold=10, include-signal=0, hist-mode=1
('printing: ', <ROOT.RooArgList object at 0x9b343c0>)
============================================================
Analysing bin errors for: prop_binSR_em
Poisson cut-off: 10
Processes excluded for sums: TAToTTQ_rtc01_MA200
============================================================
Bin        Contents        Error           Notes                         
0          20.145114       0.861669        total sum                     
0          20.134834       0.861661        excluding marked processes    
0          546.000000      23.366643       Unweighted events, alpha=0.036896
  => Total parameter prop_binSR_em_bin0[0.00,-7.00,7.00] to be gaussian constrained
------------------------------------------------------------
1          31.992630       1.077573        total sum                     
1          31.948677       1.077547        excluding marked processes    
1          879.000000      29.647934       Unweighted events, alpha=0.036397
  => Total parameter prop_binSR_em_bin1[0.00,-7.00,7.00] to be gaussian constrained
------------------------------------------------------------
2          30.551738       1.052967        total sum                     
2          30.458530       1.052909        excluding marked processes    
2          837.000000      28.930952       Unweighted events, alpha=0.036501
  => Total parameter prop_binSR_em_bin2[0.00,-7.00,7.00] to be gaussian constrained
------------------------------------------------------------
3          27.065052       0.984839        total sum                     
3          26.892263       0.984726        excluding marked processes    
3          746.000000      27.313001       Unweighted events, alpha=0.036280
  => Total parameter prop_binSR_em_bin3[0.00,-7.00,7.00] to be gaussian constrained
------------------------------------------------------------
4          25.379858       0.944513        total sum                     
4          25.188144       0.944381        excluding marked processes    
4          711.000000      26.664583       Unweighted events, alpha=0.035696
  => Total parameter prop_binSR_em_bin4[0.00,-7.00,7.00] to be gaussian constrained
------------------------------------------------------------
5          23.292426       0.904137        total sum                     
5          23.116220       0.904011        excluding marked processes    
5          654.000000      25.573424       Unweighted events, alpha=0.035615
  => Total parameter prop_binSR_em_bin5[0.00,-7.00,7.00] to be gaussian constrained
------------------------------------------------------------
6          21.417607       0.876049        total sum                     
6          21.239437       0.875918        excluding marked processes    
6          588.000000      24.248711       Unweighted events, alpha=0.036425
  => Total parameter prop_binSR_em_bin6[0.00,-7.00,7.00] to be gaussian constrained
------------------------------------------------------------
7          19.746314       0.819513        total sum                     
7          19.532756       0.819344        excluding marked processes    
7          568.000000      23.832751       Unweighted events, alpha=0.034765
  => Total parameter prop_binSR_em_bin7[0.00,-7.00,7.00] to be gaussian constrained
------------------------------------------------------------
8          18.115992       0.787752        total sum                     
8          17.851464       0.787533        excluding marked processes    
8          514.000000      22.671568       Unweighted events, alpha=0.035245
  => Total parameter prop_binSR_em_bin8[0.00,-7.00,7.00] to be gaussian constrained
------------------------------------------------------------
9          16.757670       0.756885        total sum                     
9          16.529194       0.756690        excluding marked processes    
9          477.000000      21.840330       Unweighted events, alpha=0.035131
  => Total parameter prop_binSR_em_bin9[0.00,-7.00,7.00] to be gaussian constrained
------------------------------------------------------------
10         15.007661       0.711083        total sum                     
10         14.759726       0.710856        excluding marked processes    
10         431.000000      20.760539       Unweighted events, alpha=0.034821
  => Total parameter prop_binSR_em_bin10[0.00,-7.00,7.00] to be gaussian constrained
------------------------------------------------------------
11         14.390090       0.697564        total sum                     
11         14.123519       0.697314        excluding marked processes    
11         410.000000      20.248457       Unweighted events, alpha=0.035098
  => Total parameter prop_binSR_em_bin11[0.00,-7.00,7.00] to be gaussian constrained
------------------------------------------------------------
12         14.063407       0.679283        total sum                     
12         13.755400       0.678985        excluding marked processes    
12         410.000000      20.248457       Unweighted events, alpha=0.034301
  => Total parameter prop_binSR_em_bin12[0.00,-7.00,7.00] to be gaussian constrained
------------------------------------------------------------
13         12.855597       0.649052        total sum                     
13         12.527087       0.648719        excluding marked processes    
13         373.000000      19.313208       Unweighted events, alpha=0.034465
  => Total parameter prop_binSR_em_bin13[0.00,-7.00,7.00] to be gaussian constrained
------------------------------------------------------------
14         10.381906       0.581300        total sum                     
14         10.058216       0.580938        excluding marked processes    
14         300.000000      17.320508       Unweighted events, alpha=0.034606
  => Total parameter prop_binSR_em_bin14[0.00,-7.00,7.00] to be gaussian constrained
------------------------------------------------------------
15         10.980437       0.605383        total sum                     
15         10.627535       0.605002        excluding marked processes    
15         309.000000      17.578396       Unweighted events, alpha=0.035535
  => Total parameter prop_binSR_em_bin15[0.00,-7.00,7.00] to be gaussian constrained
------------------------------------------------------------
16         10.377009       0.575102        total sum                     
16         10.010440       0.574689        excluding marked processes    
16         303.000000      17.406895       Unweighted events, alpha=0.034248
  => Total parameter prop_binSR_em_bin16[0.00,-7.00,7.00] to be gaussian constrained
------------------------------------------------------------
17         9.817581        0.551982        total sum                     
17         9.476763        0.551578        excluding marked processes    
17         295.000000      17.175564       Unweighted events, alpha=0.033280
  => Total parameter prop_binSR_em_bin17[0.00,-7.00,7.00] to be gaussian constrained
------------------------------------------------------------
18         9.883407        0.548368        total sum                     
18         9.499883        0.547912        excluding marked processes    
18         301.000000      17.349352       Unweighted events, alpha=0.032835
  => Total parameter prop_binSR_em_bin18[0.00,-7.00,7.00] to be gaussian constrained
------------------------------------------------------------
19         9.028337        0.531826        total sum                     
19         8.660098        0.531373        excluding marked processes    
19         266.000000      16.309506       Unweighted events, alpha=0.033941
  => Total parameter prop_binSR_em_bin19[0.00,-7.00,7.00] to be gaussian constrained
------------------------------------------------------------
20         8.418170        0.493817        total sum                     
20         7.975719        0.493231        excluding marked processes    
20         261.000000      16.155494       Unweighted events, alpha=0.032254
  => Total parameter prop_binSR_em_bin20[0.00,-7.00,7.00] to be gaussian constrained
------------------------------------------------------------
21         8.468743        0.506894        total sum                     
21         7.990873        0.506279        excluding marked processes    
21         249.000000      15.779734       Unweighted events, alpha=0.034011
  => Total parameter prop_binSR_em_bin21[0.00,-7.00,7.00] to be gaussian constrained
------------------------------------------------------------
22         8.210194        0.487175        total sum                     
22         7.776299        0.486597        excluding marked processes    
22         255.000000      15.968719       Unweighted events, alpha=0.032197
  => Total parameter prop_binSR_em_bin22[0.00,-7.00,7.00] to be gaussian constrained
------------------------------------------------------------
23         8.280790        0.491712        total sum                     
23         7.774342        0.491041        excluding marked processes    
23         251.000000      15.842980       Unweighted events, alpha=0.032991
  => Total parameter prop_binSR_em_bin23[0.00,-7.00,7.00] to be gaussian constrained
------------------------------------------------------------
24         7.898103        0.473115        total sum                     
24         7.391461        0.472415        excluding marked processes    
24         245.000000      15.652476       Unweighted events, alpha=0.032237
  => Total parameter prop_binSR_em_bin24[0.00,-7.00,7.00] to be gaussian constrained
------------------------------------------------------------
25         7.705825        0.456547        total sum                     
25         7.235976        0.455873        excluding marked processes    
25         252.000000      15.874508       Unweighted events, alpha=0.030579
  => Total parameter prop_binSR_em_bin25[0.00,-7.00,7.00] to be gaussian constrained
------------------------------------------------------------
26         6.706377        0.412152        total sum                     
26         6.130864        0.411235        excluding marked processes    
26         222.000000      14.899664       Unweighted events, alpha=0.030209
  => Total parameter prop_binSR_em_bin26[0.00,-7.00,7.00] to be gaussian constrained
------------------------------------------------------------
27         7.219227        0.441250        total sum                     
27         6.619605        0.440358        excluding marked processes    
27         226.000000      15.033296       Unweighted events, alpha=0.031943
  => Total parameter prop_binSR_em_bin27[0.00,-7.00,7.00] to be gaussian constrained
------------------------------------------------------------
28         6.494106        0.396208        total sum                     
28         5.841851        0.395123        excluding marked processes    
28         219.000000      14.798649       Unweighted events, alpha=0.029653
  => Total parameter prop_binSR_em_bin28[0.00,-7.00,7.00] to be gaussian constrained
------------------------------------------------------------
29         7.098440        0.412289        total sum                     
29         6.371226        0.411130        excluding marked processes    
29         240.000000      15.491933       Unweighted events, alpha=0.029577
  => Total parameter prop_binSR_em_bin29[0.00,-7.00,7.00] to be gaussian constrained
------------------------------------------------------------
30         7.281274        0.434223        total sum                     
30         6.532154        0.433092        excluding marked processes    
30         227.000000      15.066519       Unweighted events, alpha=0.032076
  => Total parameter prop_binSR_em_bin30[0.00,-7.00,7.00] to be gaussian constrained
------------------------------------------------------------
31         6.576158        0.381393        total sum                     
31         5.769702        0.380009        excluding marked processes    
31         231.000000      15.198684       Unweighted events, alpha=0.028468
  => Total parameter prop_binSR_em_bin31[0.00,-7.00,7.00] to be gaussian constrained
------------------------------------------------------------
32         6.569017        0.374609        total sum                     
32         5.596229        0.372909        excluding marked processes    
32         225.000000      15.000000       Unweighted events, alpha=0.029196
  => Total parameter prop_binSR_em_bin32[0.00,-7.00,7.00] to be gaussian constrained
------------------------------------------------------------
33         6.963611        0.372831        total sum                     
33         5.917609        0.370989        excluding marked processes    
33         254.000000      15.937377       Unweighted events, alpha=0.027416
  => Total parameter prop_binSR_em_bin33[0.00,-7.00,7.00] to be gaussian constrained
------------------------------------------------------------
34         7.052730        0.358800        total sum                     
34         5.813457        0.356538        excluding marked processes    
34         266.000000      16.309506       Unweighted events, alpha=0.026514
  => Total parameter prop_binSR_em_bin34[0.00,-7.00,7.00] to be gaussian constrained
------------------------------------------------------------
35         7.233040        0.360149        total sum                     
35         5.863538        0.357662        excluding marked processes    
35         269.000000      16.401219       Unweighted events, alpha=0.026889
  => Total parameter prop_binSR_em_bin35[0.00,-7.00,7.00] to be gaussian constrained
------------------------------------------------------------
36         8.162615        0.380380        total sum                     
36         6.576821        0.377644        excluding marked processes    
36         303.000000      17.406895       Unweighted events, alpha=0.026939
  => Total parameter prop_binSR_em_bin36[0.00,-7.00,7.00] to be gaussian constrained
------------------------------------------------------------
37         8.045441        0.381887        total sum                     
37         6.128461        0.378571        excluding marked processes    
37         262.000000      16.186414       Unweighted events, alpha=0.030708
  => Total parameter prop_binSR_em_bin37[0.00,-7.00,7.00] to be gaussian constrained
------------------------------------------------------------
38         7.083539        0.285982        total sum                     
38         4.688022        0.280426        excluding marked processes    
38         279.000000      16.703293       Unweighted events, alpha=0.025389
  => Total parameter prop_binSR_em_bin38[0.00,-7.00,7.00] to be gaussian constrained
------------------------------------------------------------
39         6.490591        0.237438        total sum                     
39         3.377735        0.228691        excluding marked processes    
39         218.000000      14.764823       Unweighted events, alpha=0.029773
  => Total parameter prop_binSR_em_bin39[0.00,-7.00,7.00] to be gaussian constrained
------------------------------------------------------------

 -- AsymptoticLimits ( CLs ) --
Observed Limit: r < 1.0563
Expected  2.5%: r < 0.5397
Expected 16.0%: r < 0.7328
Expected 50.0%: r < 1.0547
Expected 84.0%: r < 1.5466
Expected 97.5%: r < 2.1823

Done in 0.01 min (cpu), 0.01 min (real)
