 <<< Combine >>> 
>>> method used is AsymptoticLimits
>>> random number generator seed is 123456
Channel SR_ee will use autoMCStats with settings: event-threshold=10, include-signal=0, hist-mode=1
('printing: ', <ROOT.RooArgList object at 0x9794860>)
============================================================
Analysing bin errors for: prop_binSR_ee
Poisson cut-off: 10
Processes excluded for sums: TAToTTQ_rtc01_MA600
============================================================
Bin        Contents        Error           Notes                         
0          43.538724       1.269548        total sum                     
0          43.486569       1.269511        excluding marked processes    
0          1173.000000     34.249088       Unweighted events, alpha=0.037117
  => Total parameter prop_binSR_ee_bin0[0.00,-7.00,7.00] to be gaussian constrained
------------------------------------------------------------
1          28.570317       1.016497        total sum                     
1          28.482960       1.016420        excluding marked processes    
1          785.000000      28.017851       Unweighted events, alpha=0.036395
  => Total parameter prop_binSR_ee_bin1[0.00,-7.00,7.00] to be gaussian constrained
------------------------------------------------------------
2          17.525613       0.780589        total sum                     
2          17.435534       0.780485        excluding marked processes    
2          499.000000      22.338308       Unweighted events, alpha=0.035121
  => Total parameter prop_binSR_ee_bin2[0.00,-7.00,7.00] to be gaussian constrained
------------------------------------------------------------
3          11.973933       0.637818        total sum                     
3          11.851467       0.637644        excluding marked processes    
3          345.000000      18.574176       Unweighted events, alpha=0.034707
  => Total parameter prop_binSR_ee_bin3[0.00,-7.00,7.00] to be gaussian constrained
------------------------------------------------------------
4          10.618446       0.595581        total sum                     
4          10.504971       0.595408        excluding marked processes    
4          311.000000      17.635192       Unweighted events, alpha=0.034143
  => Total parameter prop_binSR_ee_bin4[0.00,-7.00,7.00] to be gaussian constrained
------------------------------------------------------------
5          8.858399        0.541722        total sum                     
5          8.762563        0.541563        excluding marked processes    
5          262.000000      16.186414       Unweighted events, alpha=0.033811
  => Total parameter prop_binSR_ee_bin5[0.00,-7.00,7.00] to be gaussian constrained
------------------------------------------------------------
6          7.145890        0.477563        total sum                     
6          7.033384        0.477349        excluding marked processes    
6          217.000000      14.730920       Unweighted events, alpha=0.032930
  => Total parameter prop_binSR_ee_bin6[0.00,-7.00,7.00] to be gaussian constrained
------------------------------------------------------------
7          6.256595        0.438003        total sum                     
7          6.120463        0.437724        excluding marked processes    
7          196.000000      14.000000       Unweighted events, alpha=0.031921
  => Total parameter prop_binSR_ee_bin7[0.00,-7.00,7.00] to be gaussian constrained
------------------------------------------------------------
8          5.617640        0.415996        total sum                     
8          5.475823        0.415688        excluding marked processes    
8          174.000000      13.190906       Unweighted events, alpha=0.032285
  => Total parameter prop_binSR_ee_bin8[0.00,-7.00,7.00] to be gaussian constrained
------------------------------------------------------------
9          5.371360        0.403031        total sum                     
9          5.243083        0.402751        excluding marked processes    
9          169.000000      13.000000       Unweighted events, alpha=0.031783
  => Total parameter prop_binSR_ee_bin9[0.00,-7.00,7.00] to be gaussian constrained
------------------------------------------------------------
10         4.342010        0.359124        total sum                     
10         4.243473        0.358880        excluding marked processes    
10         140.000000      11.832160       Unweighted events, alpha=0.031014
  => Total parameter prop_binSR_ee_bin10[0.00,-7.00,7.00] to be gaussian constrained
------------------------------------------------------------
11         4.133460        0.352496        total sum                     
11         3.984891        0.352114        excluding marked processes    
11         128.000000      11.313708       Unweighted events, alpha=0.032293
  => Total parameter prop_binSR_ee_bin11[0.00,-7.00,7.00] to be gaussian constrained
------------------------------------------------------------
12         3.982499        0.350713        total sum                     
12         3.874868        0.350439        excluding marked processes    
12         122.000000      11.045361       Unweighted events, alpha=0.032643
  => Total parameter prop_binSR_ee_bin12[0.00,-7.00,7.00] to be gaussian constrained
------------------------------------------------------------
13         4.006045        0.343680        total sum                     
13         3.861696        0.343301        excluding marked processes    
13         127.000000      11.269428       Unweighted events, alpha=0.031544
  => Total parameter prop_binSR_ee_bin13[0.00,-7.00,7.00] to be gaussian constrained
------------------------------------------------------------
14         3.341805        0.302256        total sum                     
14         3.193689        0.301813        excluding marked processes    
14         112.000000      10.583005       Unweighted events, alpha=0.029838
  => Total parameter prop_binSR_ee_bin14[0.00,-7.00,7.00] to be gaussian constrained
------------------------------------------------------------
15         3.437233        0.300064        total sum                     
15         3.279751        0.299587        excluding marked processes    
15         120.000000      10.954451       Unweighted events, alpha=0.028644
  => Total parameter prop_binSR_ee_bin15[0.00,-7.00,7.00] to be gaussian constrained
------------------------------------------------------------
16         3.358916        0.306815        total sum                     
16         3.173210        0.306259        excluding marked processes    
16         107.000000      10.344080       Unweighted events, alpha=0.031392
  => Total parameter prop_binSR_ee_bin16[0.00,-7.00,7.00] to be gaussian constrained
------------------------------------------------------------
17         3.109538        0.280536        total sum                     
17         2.908011        0.279889        excluding marked processes    
17         108.000000      10.392305       Unweighted events, alpha=0.028792
  => Total parameter prop_binSR_ee_bin17[0.00,-7.00,7.00] to be gaussian constrained
------------------------------------------------------------
18         2.755529        0.270137        total sum                     
18         2.573929        0.269530        excluding marked processes    
18         91.000000       9.539392        Unweighted events, alpha=0.030281
  => Total parameter prop_binSR_ee_bin18[0.00,-7.00,7.00] to be gaussian constrained
------------------------------------------------------------
19         3.171965        0.286258        total sum                     
19         2.999434        0.285705        excluding marked processes    
19         110.000000      10.488088       Unweighted events, alpha=0.028836
  => Total parameter prop_binSR_ee_bin19[0.00,-7.00,7.00] to be gaussian constrained
------------------------------------------------------------
20         3.373122        0.299487        total sum                     
20         3.142808        0.298787        excluding marked processes    
20         111.000000      10.535654       Unweighted events, alpha=0.030388
  => Total parameter prop_binSR_ee_bin20[0.00,-7.00,7.00] to be gaussian constrained
------------------------------------------------------------
21         3.139802        0.306735        total sum                     
21         2.978985        0.306258        excluding marked processes    
21         95.000000       9.746794        Unweighted events, alpha=0.033051
  => Total parameter prop_binSR_ee_bin21[0.00,-7.00,7.00] to be gaussian constrained
------------------------------------------------------------
22         2.774027        0.252794        total sum                     
22         2.501337        0.251802        excluding marked processes    
22         99.000000       9.949874        Unweighted events, alpha=0.028020
  => Total parameter prop_binSR_ee_bin22[0.00,-7.00,7.00] to be gaussian constrained
------------------------------------------------------------
23         3.070510        0.280885        total sum                     
23         2.819284        0.280072        excluding marked processes    
23         101.000000      10.049876       Unweighted events, alpha=0.030401
  => Total parameter prop_binSR_ee_bin23[0.00,-7.00,7.00] to be gaussian constrained
------------------------------------------------------------
24         2.787288        0.253216        total sum                     
24         2.496973        0.252172        excluding marked processes    
24         98.000000       9.899495        Unweighted events, alpha=0.028442
  => Total parameter prop_binSR_ee_bin24[0.00,-7.00,7.00] to be gaussian constrained
------------------------------------------------------------
25         2.724747        0.251712        total sum                     
25         2.453672        0.250725        excluding marked processes    
25         96.000000       9.797959        Unweighted events, alpha=0.028383
  => Total parameter prop_binSR_ee_bin25[0.00,-7.00,7.00] to be gaussian constrained
------------------------------------------------------------
26         2.830108        0.251641        total sum                     
26         2.518510        0.250506        excluding marked processes    
26         101.000000      10.049876       Unweighted events, alpha=0.028021
  => Total parameter prop_binSR_ee_bin26[0.00,-7.00,7.00] to be gaussian constrained
------------------------------------------------------------
27         3.364404        0.291911        total sum                     
27         3.023599        0.290846        excluding marked processes    
27         108.000000      10.392305       Unweighted events, alpha=0.031152
  => Total parameter prop_binSR_ee_bin27[0.00,-7.00,7.00] to be gaussian constrained
------------------------------------------------------------
28         2.838948        0.258795        total sum                     
28         2.508332        0.257629        excluding marked processes    
28         95.000000       9.746794        Unweighted events, alpha=0.029884
  => Total parameter prop_binSR_ee_bin28[0.00,-7.00,7.00] to be gaussian constrained
------------------------------------------------------------
29         2.811753        0.244331        total sum                     
29         2.417227        0.242833        excluding marked processes    
29         99.000000       9.949874        Unweighted events, alpha=0.028402
  => Total parameter prop_binSR_ee_bin29[0.00,-7.00,7.00] to be gaussian constrained
------------------------------------------------------------
30         2.610344        0.211713        total sum                     
30         2.178086        0.209861        excluding marked processes    
30         108.000000      10.392305       Unweighted events, alpha=0.024170
  => Total parameter prop_binSR_ee_bin30[0.00,-7.00,7.00] to be gaussian constrained
------------------------------------------------------------
31         3.012609        0.263281        total sum                     
31         2.523407        0.261585        excluding marked processes    
31         93.000000       9.643651        Unweighted events, alpha=0.032394
  => Total parameter prop_binSR_ee_bin31[0.00,-7.00,7.00] to be gaussian constrained
------------------------------------------------------------
32         2.938838        0.243106        total sum                     
32         2.401743        0.241093        excluding marked processes    
32         99.000000       9.949874        Unweighted events, alpha=0.029685
  => Total parameter prop_binSR_ee_bin32[0.00,-7.00,7.00] to be gaussian constrained
------------------------------------------------------------
33         2.987854        0.249677        total sum                     
33         2.360114        0.247384        excluding marked processes    
33         91.000000       9.539392        Unweighted events, alpha=0.032834
  => Total parameter prop_binSR_ee_bin33[0.00,-7.00,7.00] to be gaussian constrained
------------------------------------------------------------
34         3.774387        0.259601        total sum                     
34         2.995811        0.256840        excluding marked processes    
34         136.000000      11.661904       Unweighted events, alpha=0.027753
  => Total parameter prop_binSR_ee_bin34[0.00,-7.00,7.00] to be gaussian constrained
------------------------------------------------------------
35         3.987354        0.273387        total sum                     
35         3.070581        0.270291        excluding marked processes    
35         129.000000      11.357817       Unweighted events, alpha=0.030910
  => Total parameter prop_binSR_ee_bin35[0.00,-7.00,7.00] to be gaussian constrained
------------------------------------------------------------
36         3.899185        0.231195        total sum                     
36         2.680512        0.226325        excluding marked processes    
36         140.000000      11.832160       Unweighted events, alpha=0.027851
  => Total parameter prop_binSR_ee_bin36[0.00,-7.00,7.00] to be gaussian constrained
------------------------------------------------------------
37         4.538141        0.250593        total sum                     
37         2.902290        0.244518        excluding marked processes    
37         141.000000      11.874342       Unweighted events, alpha=0.032185
  => Total parameter prop_binSR_ee_bin37[0.00,-7.00,7.00] to be gaussian constrained
------------------------------------------------------------
38         5.497664        0.239419        total sum                     
38         3.155348        0.230250        excluding marked processes    
38         188.000000      13.711309       Unweighted events, alpha=0.029243
  => Total parameter prop_binSR_ee_bin38[0.00,-7.00,7.00] to be gaussian constrained
------------------------------------------------------------
39         5.807884        0.188224        total sum                     
39         1.937284        0.168312        excluding marked processes    
39         132.000000      11.489125       Unweighted events, alpha=0.043999
  => Total parameter prop_binSR_ee_bin39[0.00,-7.00,7.00] to be gaussian constrained
------------------------------------------------------------

 -- AsymptoticLimits ( CLs ) --
Observed Limit: r < 0.7895
Expected  2.5%: r < 0.3884
Expected 16.0%: r < 0.5355
Expected 50.0%: r < 0.7891
Expected 84.0%: r < 1.1885
Expected 97.5%: r < 1.7230

Done in 0.01 min (cpu), 0.01 min (real)
