 <<< Combine >>> 
>>> method used is AsymptoticLimits
>>> random number generator seed is 123456
Channel SR_ee will use autoMCStats with settings: event-threshold=10, include-signal=0, hist-mode=1
('printing: ', <ROOT.RooArgList object at 0xa006200>)
============================================================
Analysing bin errors for: prop_binSR_ee
Poisson cut-off: 10
Processes excluded for sums: TAToTTQ_rtc01_MA400
============================================================
Bin        Contents        Error           Notes                         
0          9.821059        0.606754        total sum                     
0          9.806468        0.606734        excluding marked processes    
0          261.000000      16.155494       Unweighted events, alpha=0.037629
  => Total parameter prop_binSR_ee_bin0[0.00,-7.00,7.00] to be gaussian constrained
------------------------------------------------------------
1          17.479046       0.802560        total sum                     
1          17.424660       0.802505        excluding marked processes    
1          471.000000      21.702534       Unweighted events, alpha=0.037111
  => Total parameter prop_binSR_ee_bin1[0.00,-7.00,7.00] to be gaussian constrained
------------------------------------------------------------
2          14.516529       0.721449        total sum                     
2          14.420531       0.721342        excluding marked processes    
2          400.000000      20.000000       Unweighted events, alpha=0.036291
  => Total parameter prop_binSR_ee_bin2[0.00,-7.00,7.00] to be gaussian constrained
------------------------------------------------------------
3          12.867627       0.680270        total sum                     
3          12.777475       0.680162        excluding marked processes    
3          353.000000      18.788294       Unweighted events, alpha=0.036452
  => Total parameter prop_binSR_ee_bin3[0.00,-7.00,7.00] to be gaussian constrained
------------------------------------------------------------
4          12.037656       0.644498        total sum                     
4          11.890396       0.644308        excluding marked processes    
4          341.000000      18.466185       Unweighted events, alpha=0.035301
  => Total parameter prop_binSR_ee_bin4[0.00,-7.00,7.00] to be gaussian constrained
------------------------------------------------------------
5          11.321285       0.632581        total sum                     
5          11.180901       0.632401        excluding marked processes    
5          313.000000      17.691806       Unweighted events, alpha=0.036170
  => Total parameter prop_binSR_ee_bin5[0.00,-7.00,7.00] to be gaussian constrained
------------------------------------------------------------
6          11.346105       0.620358        total sum                     
6          11.187386       0.620150        excluding marked processes    
6          325.000000      18.027756       Unweighted events, alpha=0.034911
  => Total parameter prop_binSR_ee_bin6[0.00,-7.00,7.00] to be gaussian constrained
------------------------------------------------------------
7          9.595586        0.573070        total sum                     
7          9.433261        0.572837        excluding marked processes    
7          271.000000      16.462078       Unweighted events, alpha=0.035408
  => Total parameter prop_binSR_ee_bin7[0.00,-7.00,7.00] to be gaussian constrained
------------------------------------------------------------
8          8.723529        0.533262        total sum                     
8          8.522033        0.532952        excluding marked processes    
8          256.000000      16.000000       Unweighted events, alpha=0.034076
  => Total parameter prop_binSR_ee_bin8[0.00,-7.00,7.00] to be gaussian constrained
------------------------------------------------------------
9          7.766617        0.492614        total sum                     
9          7.552605        0.492250        excluding marked processes    
9          235.000000      15.329710       Unweighted events, alpha=0.033049
  => Total parameter prop_binSR_ee_bin9[0.00,-7.00,7.00] to be gaussian constrained
------------------------------------------------------------
10         7.126132        0.484365        total sum                     
10         6.934642        0.484037        excluding marked processes    
10         205.000000      14.317821       Unweighted events, alpha=0.034762
  => Total parameter prop_binSR_ee_bin10[0.00,-7.00,7.00] to be gaussian constrained
------------------------------------------------------------
11         6.439354        0.453589        total sum                     
11         6.238868        0.453219        excluding marked processes    
11         189.000000      13.747727       Unweighted events, alpha=0.034071
  => Total parameter prop_binSR_ee_bin11[0.00,-7.00,7.00] to be gaussian constrained
------------------------------------------------------------
12         7.091994        0.470677        total sum                     
12         6.881451        0.470304        excluding marked processes    
12         214.000000      14.628739       Unweighted events, alpha=0.033140
  => Total parameter prop_binSR_ee_bin12[0.00,-7.00,7.00] to be gaussian constrained
------------------------------------------------------------
13         6.041161        0.432625        total sum                     
13         5.823670        0.432208        excluding marked processes    
13         182.000000      13.490738       Unweighted events, alpha=0.033193
  => Total parameter prop_binSR_ee_bin13[0.00,-7.00,7.00] to be gaussian constrained
------------------------------------------------------------
14         6.319610        0.440147        total sum                     
14         6.091453        0.439717        excluding marked processes    
14         192.000000      13.856406       Unweighted events, alpha=0.032915
  => Total parameter prop_binSR_ee_bin14[0.00,-7.00,7.00] to be gaussian constrained
------------------------------------------------------------
15         5.986883        0.416634        total sum                     
15         5.740388        0.416148        excluding marked processes    
15         190.000000      13.784049       Unweighted events, alpha=0.031510
  => Total parameter prop_binSR_ee_bin15[0.00,-7.00,7.00] to be gaussian constrained
------------------------------------------------------------
16         5.090373        0.384722        total sum                     
16         4.829348        0.384155        excluding marked processes    
16         158.000000      12.569805       Unweighted events, alpha=0.032218
  => Total parameter prop_binSR_ee_bin16[0.00,-7.00,7.00] to be gaussian constrained
------------------------------------------------------------
17         5.246016        0.388334        total sum                     
17         4.982912        0.387778        excluding marked processes    
17         165.000000      12.845233       Unweighted events, alpha=0.031794
  => Total parameter prop_binSR_ee_bin17[0.00,-7.00,7.00] to be gaussian constrained
------------------------------------------------------------
18         4.636294        0.366084        total sum                     
18         4.385933        0.365519        excluding marked processes    
18         144.000000      12.000000       Unweighted events, alpha=0.032196
  => Total parameter prop_binSR_ee_bin18[0.00,-7.00,7.00] to be gaussian constrained
------------------------------------------------------------
19         4.721225        0.358024        total sum                     
19         4.478670        0.357471        excluding marked processes    
19         157.000000      12.529964       Unweighted events, alpha=0.030071
  => Total parameter prop_binSR_ee_bin19[0.00,-7.00,7.00] to be gaussian constrained
------------------------------------------------------------
20         4.186992        0.346993        total sum                     
20         3.890204        0.346281        excluding marked processes    
20         126.000000      11.224972       Unweighted events, alpha=0.033230
  => Total parameter prop_binSR_ee_bin20[0.00,-7.00,7.00] to be gaussian constrained
------------------------------------------------------------
21         4.128957        0.332127        total sum                     
21         3.862718        0.331465        excluding marked processes    
21         136.000000      11.661904       Unweighted events, alpha=0.030360
  => Total parameter prop_binSR_ee_bin21[0.00,-7.00,7.00] to be gaussian constrained
------------------------------------------------------------
22         4.222034        0.335058        total sum                     
22         3.902115        0.334263        excluding marked processes    
22         136.000000      11.661904       Unweighted events, alpha=0.031044
  => Total parameter prop_binSR_ee_bin22[0.00,-7.00,7.00] to be gaussian constrained
------------------------------------------------------------
23         3.762844        0.307517        total sum                     
23         3.426792        0.306615        excluding marked processes    
23         125.000000      11.180340       Unweighted events, alpha=0.030103
  => Total parameter prop_binSR_ee_bin23[0.00,-7.00,7.00] to be gaussian constrained
------------------------------------------------------------
24         4.049069        0.315543        total sum                     
24         3.699727        0.314620        excluding marked processes    
24         138.000000      11.747340       Unweighted events, alpha=0.029341
  => Total parameter prop_binSR_ee_bin24[0.00,-7.00,7.00] to be gaussian constrained
------------------------------------------------------------
25         4.225747        0.334647        total sum                     
25         3.824116        0.333646        excluding marked processes    
25         131.000000      11.445523       Unweighted events, alpha=0.032258
  => Total parameter prop_binSR_ee_bin25[0.00,-7.00,7.00] to be gaussian constrained
------------------------------------------------------------
26         4.150054        0.323208        total sum                     
26         3.776977        0.322229        excluding marked processes    
26         137.000000      11.704700       Unweighted events, alpha=0.030292
  => Total parameter prop_binSR_ee_bin26[0.00,-7.00,7.00] to be gaussian constrained
------------------------------------------------------------
27         3.541669        0.286627        total sum                     
27         3.122869        0.285415        excluding marked processes    
27         120.000000      10.954451       Unweighted events, alpha=0.029514
  => Total parameter prop_binSR_ee_bin27[0.00,-7.00,7.00] to be gaussian constrained
------------------------------------------------------------
28         3.187937        0.267732        total sum                     
28         2.825040        0.266607        excluding marked processes    
28         112.000000      10.583005       Unweighted events, alpha=0.028464
  => Total parameter prop_binSR_ee_bin28[0.00,-7.00,7.00] to be gaussian constrained
------------------------------------------------------------
29         3.137873        0.261136        total sum                     
29         2.633103        0.259516        excluding marked processes    
29         103.000000      10.148892       Unweighted events, alpha=0.030465
  => Total parameter prop_binSR_ee_bin29[0.00,-7.00,7.00] to be gaussian constrained
------------------------------------------------------------
30         3.034367        0.241819        total sum                     
30         2.530244        0.240075        excluding marked processes    
30         111.000000      10.535654       Unweighted events, alpha=0.027337
  => Total parameter prop_binSR_ee_bin30[0.00,-7.00,7.00] to be gaussian constrained
------------------------------------------------------------
31         3.720720        0.289539        total sum                     
31         3.182320        0.287996        excluding marked processes    
31         122.000000      11.045361       Unweighted events, alpha=0.030498
  => Total parameter prop_binSR_ee_bin31[0.00,-7.00,7.00] to be gaussian constrained
------------------------------------------------------------
32         3.593685        0.257375        total sum                     
32         2.999468        0.255452        excluding marked processes    
32         138.000000      11.747340       Unweighted events, alpha=0.026041
  => Total parameter prop_binSR_ee_bin32[0.00,-7.00,7.00] to be gaussian constrained
------------------------------------------------------------
33         4.029666        0.271709        total sum                     
33         3.318151        0.269515        excluding marked processes    
33         152.000000      12.328828       Unweighted events, alpha=0.026511
  => Total parameter prop_binSR_ee_bin33[0.00,-7.00,7.00] to be gaussian constrained
------------------------------------------------------------
34         3.847947        0.270746        total sum                     
34         3.089000        0.268380        excluding marked processes    
34         132.000000      11.489125       Unweighted events, alpha=0.029151
  => Total parameter prop_binSR_ee_bin34[0.00,-7.00,7.00] to be gaussian constrained
------------------------------------------------------------
35         3.771345        0.245256        total sum                     
35         2.922248        0.242353        excluding marked processes    
35         145.000000      12.041595       Unweighted events, alpha=0.026009
  => Total parameter prop_binSR_ee_bin35[0.00,-7.00,7.00] to be gaussian constrained
------------------------------------------------------------
36         3.810554        0.253915        total sum                     
36         2.897783        0.250903        excluding marked processes    
36         133.000000      11.532563       Unweighted events, alpha=0.028651
  => Total parameter prop_binSR_ee_bin36[0.00,-7.00,7.00] to be gaussian constrained
------------------------------------------------------------
37         3.076245        0.195483        total sum                     
37         2.013294        0.190899        excluding marked processes    
37         111.000000      10.535654       Unweighted events, alpha=0.027714
  => Total parameter prop_binSR_ee_bin37[0.00,-7.00,7.00] to be gaussian constrained
------------------------------------------------------------
38         3.166156        0.181122        total sum                     
38         1.894049        0.175187        excluding marked processes    
38         117.000000      10.816654       Unweighted events, alpha=0.027061
  => Total parameter prop_binSR_ee_bin38[0.00,-7.00,7.00] to be gaussian constrained
------------------------------------------------------------
39         2.956510        0.148425        total sum                     
39         1.162386        0.137981        excluding marked processes    
39         71.000000       8.426150        Unweighted events, alpha=0.041641
  => Total parameter prop_binSR_ee_bin39[0.00,-7.00,7.00] to be gaussian constrained
------------------------------------------------------------

 -- AsymptoticLimits ( CLs ) --
Observed Limit: r < 1.1751
Expected  2.5%: r < 0.5787
Expected 16.0%: r < 0.8026
Expected 50.0%: r < 1.1758
Expected 84.0%: r < 1.7569
Expected 97.5%: r < 2.5312

Done in 0.01 min (cpu), 0.01 min (real)
