 <<< Combine >>> 
>>> method used is AsymptoticLimits
>>> random number generator seed is 123456
Channel SR_ee will use autoMCStats with settings: event-threshold=10, include-signal=0, hist-mode=1
('printing: ', <ROOT.RooArgList object at 0x9f702d0>)
============================================================
Analysing bin errors for: prop_binSR_ee
Poisson cut-off: 10
Processes excluded for sums: TAToTTQ_rtc01_MA500
============================================================
Bin        Contents        Error           Notes                         
0          24.862590       0.962652        total sum                     
0          24.826017       0.962622        excluding marked processes    
0          665.000000      25.787594       Unweighted events, alpha=0.037387
  => Total parameter prop_binSR_ee_bin0[0.00,-7.00,7.00] to be gaussian constrained
------------------------------------------------------------
1          22.635490       0.910437        total sum                     
1          22.546212       0.910357        excluding marked processes    
1          613.000000      24.758837       Unweighted events, alpha=0.036926
  => Total parameter prop_binSR_ee_bin1[0.00,-7.00,7.00] to be gaussian constrained
------------------------------------------------------------
2          17.894676       0.802018        total sum                     
2          17.774620       0.801896        excluding marked processes    
2          491.000000      22.158520       Unweighted events, alpha=0.036445
  => Total parameter prop_binSR_ee_bin2[0.00,-7.00,7.00] to be gaussian constrained
------------------------------------------------------------
3          13.875804       0.699698        total sum                     
3          13.736734       0.699535        excluding marked processes    
3          386.000000      19.646883       Unweighted events, alpha=0.035948
  => Total parameter prop_binSR_ee_bin3[0.00,-7.00,7.00] to be gaussian constrained
------------------------------------------------------------
4          11.701699       0.638297        total sum                     
4          11.577786       0.638139        excluding marked processes    
4          329.000000      18.138357       Unweighted events, alpha=0.035567
  => Total parameter prop_binSR_ee_bin4[0.00,-7.00,7.00] to be gaussian constrained
------------------------------------------------------------
5          9.781376        0.576722        total sum                     
5          9.661356        0.576553        excluding marked processes    
5          281.000000      16.763055       Unweighted events, alpha=0.034809
  => Total parameter prop_binSR_ee_bin5[0.00,-7.00,7.00] to be gaussian constrained
------------------------------------------------------------
6          8.063808        0.519047        total sum                     
6          7.933481        0.518841        excluding marked processes    
6          234.000000      15.297059       Unweighted events, alpha=0.034461
  => Total parameter prop_binSR_ee_bin6[0.00,-7.00,7.00] to be gaussian constrained
------------------------------------------------------------
7          7.662174        0.503957        total sum                     
7          7.509528        0.503712        excluding marked processes    
7          222.000000      14.899664       Unweighted events, alpha=0.034514
  => Total parameter prop_binSR_ee_bin7[0.00,-7.00,7.00] to be gaussian constrained
------------------------------------------------------------
8          6.524028        0.450004        total sum                     
8          6.406848        0.449793        excluding marked processes    
8          203.000000      14.247807       Unweighted events, alpha=0.032138
  => Total parameter prop_binSR_ee_bin8[0.00,-7.00,7.00] to be gaussian constrained
------------------------------------------------------------
9          6.396230        0.455195        total sum                     
9          6.232456        0.454902        excluding marked processes    
9          188.000000      13.711309       Unweighted events, alpha=0.034022
  => Total parameter prop_binSR_ee_bin9[0.00,-7.00,7.00] to be gaussian constrained
------------------------------------------------------------
10         5.257609        0.400300        total sum                     
10         5.077777        0.399934        excluding marked processes    
10         161.000000      12.688578       Unweighted events, alpha=0.032656
  => Total parameter prop_binSR_ee_bin10[0.00,-7.00,7.00] to be gaussian constrained
------------------------------------------------------------
11         6.138560        0.439406        total sum                     
11         5.965174        0.439079        excluding marked processes    
11         185.000000      13.601471       Unweighted events, alpha=0.033181
  => Total parameter prop_binSR_ee_bin11[0.00,-7.00,7.00] to be gaussian constrained
------------------------------------------------------------
12         5.048706        0.392572        total sum                     
12         4.873538        0.392204        excluding marked processes    
12         154.000000      12.409674       Unweighted events, alpha=0.032784
  => Total parameter prop_binSR_ee_bin12[0.00,-7.00,7.00] to be gaussian constrained
------------------------------------------------------------
13         5.150258        0.387449        total sum                     
13         4.973348        0.387071        excluding marked processes    
13         165.000000      12.845233       Unweighted events, alpha=0.031214
  => Total parameter prop_binSR_ee_bin13[0.00,-7.00,7.00] to be gaussian constrained
------------------------------------------------------------
14         4.688261        0.376441        total sum                     
14         4.517722        0.376070        excluding marked processes    
14         144.000000      12.000000       Unweighted events, alpha=0.032557
  => Total parameter prop_binSR_ee_bin14[0.00,-7.00,7.00] to be gaussian constrained
------------------------------------------------------------
15         4.280464        0.335528        total sum                     
15         4.106965        0.335108        excluding marked processes    
15         150.000000      12.247449       Unweighted events, alpha=0.028536
  => Total parameter prop_binSR_ee_bin15[0.00,-7.00,7.00] to be gaussian constrained
------------------------------------------------------------
16         4.441941        0.356101        total sum                     
16         4.221684        0.355586        excluding marked processes    
16         141.000000      11.874342       Unweighted events, alpha=0.031503
  => Total parameter prop_binSR_ee_bin16[0.00,-7.00,7.00] to be gaussian constrained
------------------------------------------------------------
17         4.270976        0.349299        total sum                     
17         4.068680        0.348820        excluding marked processes    
17         136.000000      11.661904       Unweighted events, alpha=0.031404
  => Total parameter prop_binSR_ee_bin17[0.00,-7.00,7.00] to be gaussian constrained
------------------------------------------------------------
18         3.924348        0.323191        total sum                     
18         3.681490        0.322585        excluding marked processes    
18         130.000000      11.401754       Unweighted events, alpha=0.030187
  => Total parameter prop_binSR_ee_bin18[0.00,-7.00,7.00] to be gaussian constrained
------------------------------------------------------------
19         3.323469        0.285923        total sum                     
19         3.076038        0.285212        excluding marked processes    
19         116.000000      10.770330       Unweighted events, alpha=0.028651
  => Total parameter prop_binSR_ee_bin19[0.00,-7.00,7.00] to be gaussian constrained
------------------------------------------------------------
20         4.118342        0.339386        total sum                     
20         3.882485        0.338822        excluding marked processes    
20         131.000000      11.445523       Unweighted events, alpha=0.031438
  => Total parameter prop_binSR_ee_bin20[0.00,-7.00,7.00] to be gaussian constrained
------------------------------------------------------------
21         3.718310        0.308439        total sum                     
21         3.464394        0.307760        excluding marked processes    
21         127.000000      11.269428       Unweighted events, alpha=0.029278
  => Total parameter prop_binSR_ee_bin21[0.00,-7.00,7.00] to be gaussian constrained
------------------------------------------------------------
22         3.949859        0.330680        total sum                     
22         3.693904        0.330040        excluding marked processes    
22         125.000000      11.180340       Unweighted events, alpha=0.031599
  => Total parameter prop_binSR_ee_bin22[0.00,-7.00,7.00] to be gaussian constrained
------------------------------------------------------------
23         3.568865        0.293591        total sum                     
23         3.249642        0.292704        excluding marked processes    
23         123.000000      11.090537       Unweighted events, alpha=0.029015
  => Total parameter prop_binSR_ee_bin23[0.00,-7.00,7.00] to be gaussian constrained
------------------------------------------------------------
24         2.871496        0.256603        total sum                     
24         2.572863        0.255652        excluding marked processes    
24         101.000000      10.049876       Unweighted events, alpha=0.028431
  => Total parameter prop_binSR_ee_bin24[0.00,-7.00,7.00] to be gaussian constrained
------------------------------------------------------------
25         3.390898        0.293715        total sum                     
25         3.061884        0.292784        excluding marked processes    
25         109.000000      10.440307       Unweighted events, alpha=0.031109
  => Total parameter prop_binSR_ee_bin25[0.00,-7.00,7.00] to be gaussian constrained
------------------------------------------------------------
26         3.794955        0.310175        total sum                     
26         3.417295        0.309168        excluding marked processes    
26         122.000000      11.045361       Unweighted events, alpha=0.031106
  => Total parameter prop_binSR_ee_bin26[0.00,-7.00,7.00] to be gaussian constrained
------------------------------------------------------------
27         3.057289        0.267559        total sum                     
27         2.690703        0.266438        excluding marked processes    
27         102.000000      10.099505       Unweighted events, alpha=0.029973
  => Total parameter prop_binSR_ee_bin27[0.00,-7.00,7.00] to be gaussian constrained
------------------------------------------------------------
28         3.017638        0.254289        total sum                     
28         2.585795        0.252886        excluding marked processes    
28         105.000000      10.246951       Unweighted events, alpha=0.028739
  => Total parameter prop_binSR_ee_bin28[0.00,-7.00,7.00] to be gaussian constrained
------------------------------------------------------------
29         3.134931        0.255125        total sum                     
29         2.678133        0.253631        excluding marked processes    
29         111.000000      10.535654       Unweighted events, alpha=0.028243
  => Total parameter prop_binSR_ee_bin29[0.00,-7.00,7.00] to be gaussian constrained
------------------------------------------------------------
30         3.950375        0.311245        total sum                     
30         3.497784        0.310044        excluding marked processes    
30         127.000000      11.269428       Unweighted events, alpha=0.031105
  => Total parameter prop_binSR_ee_bin30[0.00,-7.00,7.00] to be gaussian constrained
------------------------------------------------------------
31         3.451656        0.273426        total sum                     
31         2.959809        0.271955        excluding marked processes    
31         118.000000      10.862780       Unweighted events, alpha=0.029251
  => Total parameter prop_binSR_ee_bin31[0.00,-7.00,7.00] to be gaussian constrained
------------------------------------------------------------
32         3.398513        0.258140        total sum                     
32         2.784789        0.256171        excluding marked processes    
32         118.000000      10.862780       Unweighted events, alpha=0.028801
  => Total parameter prop_binSR_ee_bin32[0.00,-7.00,7.00] to be gaussian constrained
------------------------------------------------------------
33         3.593990        0.261308        total sum                     
33         2.899352        0.259112        excluding marked processes    
33         125.000000      11.180340       Unweighted events, alpha=0.028752
  => Total parameter prop_binSR_ee_bin33[0.00,-7.00,7.00] to be gaussian constrained
------------------------------------------------------------
34         3.459199        0.237485        total sum                     
34         2.638966        0.234622        excluding marked processes    
34         127.000000      11.269428       Unweighted events, alpha=0.027238
  => Total parameter prop_binSR_ee_bin34[0.00,-7.00,7.00] to be gaussian constrained
------------------------------------------------------------
35         4.095842        0.257593        total sum                     
35         3.108220        0.254405        excluding marked processes    
35         149.000000      12.206556       Unweighted events, alpha=0.027489
  => Total parameter prop_binSR_ee_bin35[0.00,-7.00,7.00] to be gaussian constrained
------------------------------------------------------------
36         4.288878        0.260437        total sum                     
36         3.071736        0.256522        excluding marked processes    
36         143.000000      11.958261       Unweighted events, alpha=0.029992
  => Total parameter prop_binSR_ee_bin36[0.00,-7.00,7.00] to be gaussian constrained
------------------------------------------------------------
37         4.050582        0.228609        total sum                     
37         2.686120        0.223603        excluding marked processes    
37         144.000000      12.000000       Unweighted events, alpha=0.028129
  => Total parameter prop_binSR_ee_bin37[0.00,-7.00,7.00] to be gaussian constrained
------------------------------------------------------------
38         4.334837        0.206465        total sum                     
38         2.502809        0.198977        excluding marked processes    
38         158.000000      12.569805       Unweighted events, alpha=0.027436
  => Total parameter prop_binSR_ee_bin38[0.00,-7.00,7.00] to be gaussian constrained
------------------------------------------------------------
39         4.161617        0.155239        total sum                     
39         1.341552        0.139336        excluding marked processes    
39         93.000000       9.643651        Unweighted events, alpha=0.044749
  => Total parameter prop_binSR_ee_bin39[0.00,-7.00,7.00] to be gaussian constrained
------------------------------------------------------------

 -- AsymptoticLimits ( CLs ) --
Observed Limit: r < 0.9056
Expected  2.5%: r < 0.4406
Expected 16.0%: r < 0.6138
Expected 50.0%: r < 0.9023
Expected 84.0%: r < 1.3663
Expected 97.5%: r < 1.9852

Done in 0.01 min (cpu), 0.01 min (real)
