 <<< Combine >>> 
>>> method used is AsymptoticLimits
>>> random number generator seed is 123456
Channel SR_ee will use autoMCStats with settings: event-threshold=10, include-signal=0, hist-mode=1
('printing: ', <ROOT.RooArgList object at 0xa5a41f0>)
============================================================
Analysing bin errors for: prop_binSR_ee
Poisson cut-off: 10
Processes excluded for sums: TAToTTQ_rtc01_MA700
============================================================
Bin        Contents        Error           Notes                         
0          62.658719       1.521831        total sum                     
0          62.611491       1.521804        excluding marked processes    
0          1693.000000     41.146081       Unweighted events, alpha=0.037010
  => Total parameter prop_binSR_ee_bin0[0.00,-7.00,7.00] to be gaussian constrained
------------------------------------------------------------
1          28.773174       1.004929        total sum                     
1          28.657082       1.004828        excluding marked processes    
1          813.000000      28.513155       Unweighted events, alpha=0.035391
  => Total parameter prop_binSR_ee_bin1[0.00,-7.00,7.00] to be gaussian constrained
------------------------------------------------------------
2          17.468760       0.776589        total sum                     
2          17.391081       0.776503        excluding marked processes    
2          502.000000      22.405357       Unweighted events, alpha=0.034798
  => Total parameter prop_binSR_ee_bin2[0.00,-7.00,7.00] to be gaussian constrained
------------------------------------------------------------
3          11.855424       0.622800        total sum                     
3          11.757783       0.622668        excluding marked processes    
3          357.000000      18.894444       Unweighted events, alpha=0.033208
  => Total parameter prop_binSR_ee_bin3[0.00,-7.00,7.00] to be gaussian constrained
------------------------------------------------------------
4          8.776818        0.523819        total sum                     
4          8.656265        0.523617        excluding marked processes    
4          273.000000      16.522712       Unweighted events, alpha=0.032150
  => Total parameter prop_binSR_ee_bin4[0.00,-7.00,7.00] to be gaussian constrained
------------------------------------------------------------
5          7.008094        0.470709        total sum                     
5          6.912288        0.470534        excluding marked processes    
5          216.000000      14.696938       Unweighted events, alpha=0.032445
  => Total parameter prop_binSR_ee_bin5[0.00,-7.00,7.00] to be gaussian constrained
------------------------------------------------------------
6          6.154067        0.436516        total sum                     
6          6.047932        0.436302        excluding marked processes    
6          192.000000      13.856406       Unweighted events, alpha=0.032052
  => Total parameter prop_binSR_ee_bin6[0.00,-7.00,7.00] to be gaussian constrained
------------------------------------------------------------
7          5.096647        0.385090        total sum                     
7          4.993017        0.384863        excluding marked processes    
7          168.000000      12.961481       Unweighted events, alpha=0.030337
  => Total parameter prop_binSR_ee_bin7[0.00,-7.00,7.00] to be gaussian constrained
------------------------------------------------------------
8          4.575651        0.369859        total sum                     
8          4.478261        0.369628        excluding marked processes    
8          147.000000      12.124356       Unweighted events, alpha=0.031127
  => Total parameter prop_binSR_ee_bin8[0.00,-7.00,7.00] to be gaussian constrained
------------------------------------------------------------
9          3.887649        0.335604        total sum                     
9          3.789378        0.335344        excluding marked processes    
9          128.000000      11.313708       Unweighted events, alpha=0.030372
  => Total parameter prop_binSR_ee_bin9[0.00,-7.00,7.00] to be gaussian constrained
------------------------------------------------------------
10         3.946722        0.339848        total sum                     
10         3.840329        0.339575        excluding marked processes    
10         128.000000      11.313708       Unweighted events, alpha=0.030834
  => Total parameter prop_binSR_ee_bin10[0.00,-7.00,7.00] to be gaussian constrained
------------------------------------------------------------
11         3.276701        0.304392        total sum                     
11         3.162320        0.304062        excluding marked processes    
11         108.000000      10.392305       Unweighted events, alpha=0.030340
  => Total parameter prop_binSR_ee_bin11[0.00,-7.00,7.00] to be gaussian constrained
------------------------------------------------------------
12         3.199059        0.314623        total sum                     
12         3.111514        0.314383        excluding marked processes    
12         98.000000       9.899495        Unweighted events, alpha=0.032643
  => Total parameter prop_binSR_ee_bin12[0.00,-7.00,7.00] to be gaussian constrained
------------------------------------------------------------
13         3.137042        0.295871        total sum                     
13         3.027542        0.295550        excluding marked processes    
13         105.000000      10.246951       Unweighted events, alpha=0.029877
  => Total parameter prop_binSR_ee_bin13[0.00,-7.00,7.00] to be gaussian constrained
------------------------------------------------------------
14         2.374399        0.244947        total sum                     
14         2.258026        0.244528        excluding marked processes    
14         85.000000       9.219544        Unweighted events, alpha=0.027934
  => Total parameter prop_binSR_ee_bin14[0.00,-7.00,7.00] to be gaussian constrained
------------------------------------------------------------
15         2.994648        0.289579        total sum                     
15         2.865301        0.289189        excluding marked processes    
15         98.000000       9.899495        Unweighted events, alpha=0.030558
  => Total parameter prop_binSR_ee_bin15[0.00,-7.00,7.00] to be gaussian constrained
------------------------------------------------------------
16         2.808480        0.279696        total sum                     
16         2.674703        0.279277        excluding marked processes    
16         92.000000       9.591663        Unweighted events, alpha=0.030527
  => Total parameter prop_binSR_ee_bin16[0.00,-7.00,7.00] to be gaussian constrained
------------------------------------------------------------
17         2.303164        0.244164        total sum                     
17         2.148490        0.243604        excluding marked processes    
17         78.000000       8.831761        Unweighted events, alpha=0.029528
  => Total parameter prop_binSR_ee_bin17[0.00,-7.00,7.00] to be gaussian constrained
------------------------------------------------------------
18         2.660645        0.255780        total sum                     
18         2.540513        0.255372        excluding marked processes    
18         99.000000       9.949874        Unweighted events, alpha=0.026875
  => Total parameter prop_binSR_ee_bin18[0.00,-7.00,7.00] to be gaussian constrained
------------------------------------------------------------
19         2.491197        0.249404        total sum                     
19         2.345458        0.248890        excluding marked processes    
19         89.000000       9.433981        Unweighted events, alpha=0.027991
  => Total parameter prop_binSR_ee_bin19[0.00,-7.00,7.00] to be gaussian constrained
------------------------------------------------------------
20         2.217900        0.231470        total sum                     
20         2.027678        0.230729        excluding marked processes    
20         77.000000       8.774964        Unweighted events, alpha=0.028804
  => Total parameter prop_binSR_ee_bin20[0.00,-7.00,7.00] to be gaussian constrained
------------------------------------------------------------
21         3.064358        0.301306        total sum                     
21         2.897909        0.300813        excluding marked processes    
21         93.000000       9.643651        Unweighted events, alpha=0.032950
  => Total parameter prop_binSR_ee_bin21[0.00,-7.00,7.00] to be gaussian constrained
------------------------------------------------------------
22         2.356717        0.249857        total sum                     
22         2.220693        0.249378        excluding marked processes    
22         79.000000       8.888194        Unweighted events, alpha=0.029832
  => Total parameter prop_binSR_ee_bin22[0.00,-7.00,7.00] to be gaussian constrained
------------------------------------------------------------
23         2.789709        0.266881        total sum                     
23         2.605013        0.266273        excluding marked processes    
23         96.000000       9.797959        Unweighted events, alpha=0.029059
  => Total parameter prop_binSR_ee_bin23[0.00,-7.00,7.00] to be gaussian constrained
------------------------------------------------------------
24         2.446835        0.248836        total sum                     
24         2.202442        0.247964        excluding marked processes    
24         79.000000       8.888194        Unweighted events, alpha=0.030973
  => Total parameter prop_binSR_ee_bin24[0.00,-7.00,7.00] to be gaussian constrained
------------------------------------------------------------
25         2.195485        0.216574        total sum                     
25         1.969071        0.215640        excluding marked processes    
25         83.000000       9.110434        Unweighted events, alpha=0.026452
  => Total parameter prop_binSR_ee_bin25[0.00,-7.00,7.00] to be gaussian constrained
------------------------------------------------------------
26         2.516496        0.235357        total sum                     
26         2.243755        0.234319        excluding marked processes    
26         92.000000       9.591663        Unweighted events, alpha=0.027353
  => Total parameter prop_binSR_ee_bin26[0.00,-7.00,7.00] to be gaussian constrained
------------------------------------------------------------
27         2.712186        0.246269        total sum                     
27         2.407891        0.245177        excluding marked processes    
27         96.000000       9.797959        Unweighted events, alpha=0.028252
  => Total parameter prop_binSR_ee_bin27[0.00,-7.00,7.00] to be gaussian constrained
------------------------------------------------------------
28         2.430653        0.236535        total sum                     
28         2.162107        0.235530        excluding marked processes    
28         84.000000       9.165151        Unweighted events, alpha=0.028936
  => Total parameter prop_binSR_ee_bin28[0.00,-7.00,7.00] to be gaussian constrained
------------------------------------------------------------
29         2.637665        0.244706        total sum                     
29         2.288393        0.243439        excluding marked processes    
29         88.000000       9.380832        Unweighted events, alpha=0.029973
  => Total parameter prop_binSR_ee_bin29[0.00,-7.00,7.00] to be gaussian constrained
------------------------------------------------------------
30         2.731175        0.241206        total sum                     
30         2.318649        0.239681        excluding marked processes    
30         94.000000       9.695360        Unweighted events, alpha=0.029055
  => Total parameter prop_binSR_ee_bin30[0.00,-7.00,7.00] to be gaussian constrained
------------------------------------------------------------
31         2.629164        0.240525        total sum                     
31         2.202964        0.238937        excluding marked processes    
31         85.000000       9.219544        Unweighted events, alpha=0.030931
  => Total parameter prop_binSR_ee_bin31[0.00,-7.00,7.00] to be gaussian constrained
------------------------------------------------------------
32         2.766348        0.229565        total sum                     
32         2.254955        0.227569        excluding marked processes    
32         98.000000       9.899495        Unweighted events, alpha=0.028228
  => Total parameter prop_binSR_ee_bin32[0.00,-7.00,7.00] to be gaussian constrained
------------------------------------------------------------
33         2.666453        0.222235        total sum                     
33         2.063414        0.219792        excluding marked processes    
33         88.000000       9.380832        Unweighted events, alpha=0.030301
  => Total parameter prop_binSR_ee_bin33[0.00,-7.00,7.00] to be gaussian constrained
------------------------------------------------------------
34         3.386313        0.240030        total sum                     
34         2.606677        0.237113        excluding marked processes    
34         121.000000      11.000000       Unweighted events, alpha=0.027986
  => Total parameter prop_binSR_ee_bin34[0.00,-7.00,7.00] to be gaussian constrained
------------------------------------------------------------
35         3.324834        0.240966        total sum                     
35         2.395786        0.237519        excluding marked processes    
35         102.000000      10.099505       Unweighted events, alpha=0.032596
  => Total parameter prop_binSR_ee_bin35[0.00,-7.00,7.00] to be gaussian constrained
------------------------------------------------------------
36         3.983528        0.243624        total sum                     
36         2.856468        0.239450        excluding marked processes    
36         142.000000      11.916375       Unweighted events, alpha=0.028053
  => Total parameter prop_binSR_ee_bin36[0.00,-7.00,7.00] to be gaussian constrained
------------------------------------------------------------
37         4.771899        0.250651        total sum                     
37         3.038202        0.244374        excluding marked processes    
37         155.000000      12.449900       Unweighted events, alpha=0.030786
  => Total parameter prop_binSR_ee_bin37[0.00,-7.00,7.00] to be gaussian constrained
------------------------------------------------------------
38         5.954601        0.261406        total sum                     
38         3.305949        0.252169        excluding marked processes    
38         172.000000      13.114877       Unweighted events, alpha=0.034620
  => Total parameter prop_binSR_ee_bin38[0.00,-7.00,7.00] to be gaussian constrained
------------------------------------------------------------
39         7.352232        0.190274        total sum                     
39         2.218835        0.164252        excluding marked processes    
39         182.000000      13.490738       Unweighted events, alpha=0.040397
  => Total parameter prop_binSR_ee_bin39[0.00,-7.00,7.00] to be gaussian constrained
------------------------------------------------------------

 -- AsymptoticLimits ( CLs ) --
Observed Limit: r < 0.6744
Expected  2.5%: r < 0.3290
Expected 16.0%: r < 0.4556
Expected 50.0%: r < 0.6738
Expected 84.0%: r < 1.0203
Expected 97.5%: r < 1.4905

Done in 0.01 min (cpu), 0.01 min (real)
