 <<< Combine >>> 
>>> method used is AsymptoticLimits
>>> random number generator seed is 123456
Channel SR_em will use autoMCStats with settings: event-threshold=10, include-signal=0, hist-mode=1
('printing: ', <ROOT.RooArgList object at 0x9934820>)
============================================================
Analysing bin errors for: prop_binSR_em
Poisson cut-off: 10
Processes excluded for sums: TAToTTQ_rtc01_MA600
============================================================
Bin        Contents        Error           Notes                         
0          75.591057       1.721952        total sum                     
0          75.512507       1.721909        excluding marked processes    
0          1923.000000     43.852024       Unweighted events, alpha=0.039309
  => Total parameter prop_binSR_em_bin0[0.00,-7.00,7.00] to be gaussian constrained
------------------------------------------------------------
1          54.327051       1.433997        total sum                     
1          54.140701       1.433877        excluding marked processes    
1          1426.000000     37.762415       Unweighted events, alpha=0.038098
  => Total parameter prop_binSR_em_bin1[0.00,-7.00,7.00] to be gaussian constrained
------------------------------------------------------------
2          37.408309       1.173992        total sum                     
2          37.199985       1.173825        excluding marked processes    
2          1004.000000     31.685959       Unweighted events, alpha=0.037259
  => Total parameter prop_binSR_em_bin2[0.00,-7.00,7.00] to be gaussian constrained
------------------------------------------------------------
3          26.552048       0.972166        total sum                     
3          26.325128       0.971949        excluding marked processes    
3          734.000000      27.092434       Unweighted events, alpha=0.036174
  => Total parameter prop_binSR_em_bin3[0.00,-7.00,7.00] to be gaussian constrained
------------------------------------------------------------
4          19.292400       0.824242        total sum                     
4          19.075799       0.823993        excluding marked processes    
4          536.000000      23.151674       Unweighted events, alpha=0.035993
  => Total parameter prop_binSR_em_bin4[0.00,-7.00,7.00] to be gaussian constrained
------------------------------------------------------------
5          16.613320       0.754055        total sum                     
5          16.411544       0.753807        excluding marked processes    
5          474.000000      21.771541       Unweighted events, alpha=0.035049
  => Total parameter prop_binSR_em_bin5[0.00,-7.00,7.00] to be gaussian constrained
------------------------------------------------------------
6          15.119307       0.711711        total sum                     
6          14.923627       0.711456        excluding marked processes    
6          440.000000      20.976177       Unweighted events, alpha=0.034362
  => Total parameter prop_binSR_em_bin6[0.00,-7.00,7.00] to be gaussian constrained
------------------------------------------------------------
7          12.574145       0.642022        total sum                     
7          12.310602       0.641629        excluding marked processes    
7          368.000000      19.183326       Unweighted events, alpha=0.034169
  => Total parameter prop_binSR_em_bin7[0.00,-7.00,7.00] to be gaussian constrained
------------------------------------------------------------
8          11.487699       0.608882        total sum                     
8          11.264085       0.608538        excluding marked processes    
8          343.000000      18.520259       Unweighted events, alpha=0.033492
  => Total parameter prop_binSR_em_bin8[0.00,-7.00,7.00] to be gaussian constrained
------------------------------------------------------------
9          10.352645       0.577992        total sum                     
9          10.132132       0.577637        excluding marked processes    
9          308.000000      17.549929       Unweighted events, alpha=0.033612
  => Total parameter prop_binSR_em_bin9[0.00,-7.00,7.00] to be gaussian constrained
------------------------------------------------------------
10         10.241509       0.562635        total sum                     
10         9.988598        0.562211        excluding marked processes    
10         316.000000      17.776389       Unweighted events, alpha=0.032410
  => Total parameter prop_binSR_em_bin10[0.00,-7.00,7.00] to be gaussian constrained
------------------------------------------------------------
11         9.868291        0.563584        total sum                     
11         9.596158        0.563128        excluding marked processes    
11         290.000000      17.029386       Unweighted events, alpha=0.034029
  => Total parameter prop_binSR_em_bin11[0.00,-7.00,7.00] to be gaussian constrained
------------------------------------------------------------
12         8.793595        0.521012        total sum                     
12         8.531774        0.520542        excluding marked processes    
12         269.000000      16.401219       Unweighted events, alpha=0.032690
  => Total parameter prop_binSR_em_bin12[0.00,-7.00,7.00] to be gaussian constrained
------------------------------------------------------------
13         8.170572        0.489864        total sum                     
13         7.904797        0.489345        excluding marked processes    
13         261.000000      16.155494       Unweighted events, alpha=0.031305
  => Total parameter prop_binSR_em_bin13[0.00,-7.00,7.00] to be gaussian constrained
------------------------------------------------------------
14         8.260023        0.501619        total sum                     
14         7.954788        0.501046        excluding marked processes    
14         252.000000      15.874508       Unweighted events, alpha=0.032778
  => Total parameter prop_binSR_em_bin14[0.00,-7.00,7.00] to be gaussian constrained
------------------------------------------------------------
15         7.041388        0.457488        total sum                     
15         6.664651        0.456702        excluding marked processes    
15         213.000000      14.594520       Unweighted events, alpha=0.033058
  => Total parameter prop_binSR_em_bin15[0.00,-7.00,7.00] to be gaussian constrained
------------------------------------------------------------
16         6.916095        0.446060        total sum                     
16         6.581896        0.445347        excluding marked processes    
16         218.000000      14.764823       Unweighted events, alpha=0.031725
  => Total parameter prop_binSR_em_bin16[0.00,-7.00,7.00] to be gaussian constrained
------------------------------------------------------------
17         7.573473        0.468557        total sum                     
17         7.224480        0.467851        excluding marked processes    
17         238.000000      15.427249       Unweighted events, alpha=0.031821
  => Total parameter prop_binSR_em_bin17[0.00,-7.00,7.00] to be gaussian constrained
------------------------------------------------------------
18         7.421200        0.451131        total sum                     
18         6.978714        0.450199        excluding marked processes    
18         240.000000      15.491933       Unweighted events, alpha=0.030922
  => Total parameter prop_binSR_em_bin18[0.00,-7.00,7.00] to be gaussian constrained
------------------------------------------------------------
19         6.342800        0.419122        total sum                     
19         5.958062        0.418250        excluding marked processes    
19         203.000000      14.247807       Unweighted events, alpha=0.031245
  => Total parameter prop_binSR_em_bin19[0.00,-7.00,7.00] to be gaussian constrained
------------------------------------------------------------
20         7.198758        0.450198        total sum                     
20         6.783356        0.449325        excluding marked processes    
20         228.000000      15.099669       Unweighted events, alpha=0.031574
  => Total parameter prop_binSR_em_bin20[0.00,-7.00,7.00] to be gaussian constrained
------------------------------------------------------------
21         5.980804        0.391236        total sum                     
21         5.539267        0.390159        excluding marked processes    
21         202.000000      14.212670       Unweighted events, alpha=0.029608
  => Total parameter prop_binSR_em_bin21[0.00,-7.00,7.00] to be gaussian constrained
------------------------------------------------------------
22         7.251594        0.434489        total sum                     
22         6.784886        0.433466        excluding marked processes    
22         245.000000      15.652476       Unweighted events, alpha=0.029598
  => Total parameter prop_binSR_em_bin22[0.00,-7.00,7.00] to be gaussian constrained
------------------------------------------------------------
23         6.296829        0.396132        total sum                     
23         5.800299        0.394937        excluding marked processes    
23         216.000000      14.696938       Unweighted events, alpha=0.029152
  => Total parameter prop_binSR_em_bin23[0.00,-7.00,7.00] to be gaussian constrained
------------------------------------------------------------
24         6.416012        0.405528        total sum                     
24         5.841602        0.404181        excluding marked processes    
24         209.000000      14.456832       Unweighted events, alpha=0.030699
  => Total parameter prop_binSR_em_bin24[0.00,-7.00,7.00] to be gaussian constrained
------------------------------------------------------------
25         6.724313        0.410640        total sum                     
25         6.132105        0.409263        excluding marked processes    
25         224.000000      14.966630       Unweighted events, alpha=0.030019
  => Total parameter prop_binSR_em_bin25[0.00,-7.00,7.00] to be gaussian constrained
------------------------------------------------------------
26         6.526798        0.412894        total sum                     
26         5.938427        0.411535        excluding marked processes    
26         208.000000      14.422205       Unweighted events, alpha=0.031379
  => Total parameter prop_binSR_em_bin26[0.00,-7.00,7.00] to be gaussian constrained
------------------------------------------------------------
27         5.973043        0.393712        total sum                     
27         5.269274        0.392005        excluding marked processes    
27         181.000000      13.453624       Unweighted events, alpha=0.033000
  => Total parameter prop_binSR_em_bin27[0.00,-7.00,7.00] to be gaussian constrained
------------------------------------------------------------
28         6.047736        0.351806        total sum                     
28         5.211877        0.349535        excluding marked processes    
28         222.000000      14.899664       Unweighted events, alpha=0.027242
  => Total parameter prop_binSR_em_bin28[0.00,-7.00,7.00] to be gaussian constrained
------------------------------------------------------------
29         6.374309        0.378493        total sum                     
29         5.518460        0.376323        excluding marked processes    
29         215.000000      14.662878       Unweighted events, alpha=0.029648
  => Total parameter prop_binSR_em_bin29[0.00,-7.00,7.00] to be gaussian constrained
------------------------------------------------------------
30         5.948024        0.332829        total sum                     
30         4.983279        0.330065        excluding marked processes    
30         228.000000      15.099669       Unweighted events, alpha=0.026088
  => Total parameter prop_binSR_em_bin30[0.00,-7.00,7.00] to be gaussian constrained
------------------------------------------------------------
31         6.729189        0.372636        total sum                     
31         5.685816        0.369957        excluding marked processes    
31         236.000000      15.362291       Unweighted events, alpha=0.028514
  => Total parameter prop_binSR_em_bin31[0.00,-7.00,7.00] to be gaussian constrained
------------------------------------------------------------
32         7.719934        0.414815        total sum                     
32         6.481624        0.411954        excluding marked processes    
32         248.000000      15.748016       Unweighted events, alpha=0.031129
  => Total parameter prop_binSR_em_bin32[0.00,-7.00,7.00] to be gaussian constrained
------------------------------------------------------------
33         6.798117        0.350357        total sum                     
33         5.441889        0.346646        excluding marked processes    
33         246.000000      15.684387       Unweighted events, alpha=0.027635
  => Total parameter prop_binSR_em_bin33[0.00,-7.00,7.00] to be gaussian constrained
------------------------------------------------------------
34         8.129321        0.383668        total sum                     
34         6.353158        0.379228        excluding marked processes    
34         281.000000      16.763055       Unweighted events, alpha=0.028930
  => Total parameter prop_binSR_em_bin34[0.00,-7.00,7.00] to be gaussian constrained
------------------------------------------------------------
35         8.079895        0.376103        total sum                     
35         6.106652        0.371074        excluding marked processes    
35         271.000000      16.462078       Unweighted events, alpha=0.029815
  => Total parameter prop_binSR_em_bin35[0.00,-7.00,7.00] to be gaussian constrained
------------------------------------------------------------
36         9.507626        0.379921        total sum                     
36         6.783619        0.373016        excluding marked processes    
36         331.000000      18.193405       Unweighted events, alpha=0.028724
  => Total parameter prop_binSR_em_bin36[0.00,-7.00,7.00] to be gaussian constrained
------------------------------------------------------------
37         10.206329       0.351150        total sum                     
37         6.689824        0.341457        excluding marked processes    
37         384.000000      19.595918       Unweighted events, alpha=0.026579
  => Total parameter prop_binSR_em_bin37[0.00,-7.00,7.00] to be gaussian constrained
------------------------------------------------------------
38         11.944785       0.345132        total sum                     
38         6.580889        0.329940        excluding marked processes    
38         398.000000      19.949937       Unweighted events, alpha=0.030012
  => Total parameter prop_binSR_em_bin38[0.00,-7.00,7.00] to be gaussian constrained
------------------------------------------------------------
39         14.656298       0.321974        total sum                     
39         5.155814        0.292382        excluding marked processes    
39         311.000000      17.635192       Unweighted events, alpha=0.047126
  => Total parameter prop_binSR_em_bin39[0.00,-7.00,7.00] to be gaussian constrained
------------------------------------------------------------

 -- AsymptoticLimits ( CLs ) --
Observed Limit: r < 0.5122
Expected  2.5%: r < 0.2588
Expected 16.0%: r < 0.3544
Expected 50.0%: r < 0.5137
Expected 84.0%: r < 0.7573
Expected 97.5%: r < 1.0811

Done in 0.01 min (cpu), 0.01 min (real)
