 <<< Combine >>> 
>>> random number generator seed is 123456
>>> method used is AsymptoticLimits
Channel SR_em will use autoMCStats with settings: event-threshold=10, include-signal=0, hist-mode=1
============================================================
Analysing bin errors for: prop_binSR_em
Poisson cut-off: 10
Processes excluded for sums: TAToTTQ_rtc04_MA350
============================================================
Bin        Contents        Error           Notes                         
0          28.641227       5.247606        total sum                     
0          28.626458       5.247603        excluding marked processes    
0          30.000000       5.477226        Unweighted events, alpha=0.954708
  => Total parameter prop_binSR_em_bin0[0.00,-7.00,7.00] to be gaussian constrained
------------------------------------------------------------
1          76.987359       8.058384        total sum                     
1          76.861361       8.058364        excluding marked processes    
1          91.000000       9.539392        Unweighted events, alpha=0.846015
  => Total parameter prop_binSR_em_bin1[0.00,-7.00,7.00] to be gaussian constrained
------------------------------------------------------------
2          76.154270       10.096261       total sum                     
2          75.901511       10.096229       excluding marked processes    
2          57.000000       7.549834        Unweighted events, alpha=1.336040
  => Total parameter prop_binSR_em_bin2[0.00,-7.00,7.00] to be gaussian constrained
------------------------------------------------------------
3          81.866129       9.703580        total sum                     
3          81.537443       9.703533        excluding marked processes    
3          71.000000       8.426150        Unweighted events, alpha=1.153044
  => Total parameter prop_binSR_em_bin3[0.00,-7.00,7.00] to be gaussian constrained
------------------------------------------------------------
4          93.947044       9.759208        total sum                     
4          93.554200       9.759141        excluding marked processes    
4          92.000000       9.591663        Unweighted events, alpha=1.021164
  => Total parameter prop_binSR_em_bin4[0.00,-7.00,7.00] to be gaussian constrained
------------------------------------------------------------
5          69.359937       8.164609        total sum                     
5          68.934854       8.164550        excluding marked processes    
5          71.000000       8.426150        Unweighted events, alpha=0.976901
  => Total parameter prop_binSR_em_bin5[0.00,-7.00,7.00] to be gaussian constrained
------------------------------------------------------------
6          87.415357       8.612849        total sum                     
6          86.935465       8.612783        excluding marked processes    
6          102.000000      10.099505       Unweighted events, alpha=0.857013
  => Total parameter prop_binSR_em_bin6[0.00,-7.00,7.00] to be gaussian constrained
------------------------------------------------------------
7          65.770174       7.964868        total sum                     
7          65.128659       7.964756        excluding marked processes    
7          67.000000       8.185353        Unweighted events, alpha=0.981644
  => Total parameter prop_binSR_em_bin7[0.00,-7.00,7.00] to be gaussian constrained
------------------------------------------------------------
8          64.117950       7.151419        total sum                     
8          63.483851       7.151304        excluding marked processes    
8          79.000000       8.888194        Unweighted events, alpha=0.811620
  => Total parameter prop_binSR_em_bin8[0.00,-7.00,7.00] to be gaussian constrained
------------------------------------------------------------
9          70.038890       7.788556        total sum                     
9          69.401829       7.788453        excluding marked processes    
9          79.000000       8.888194        Unweighted events, alpha=0.886568
  => Total parameter prop_binSR_em_bin9[0.00,-7.00,7.00] to be gaussian constrained
------------------------------------------------------------
10         51.346827       6.689614        total sum                     
10         50.630779       6.689477        excluding marked processes    
10         57.000000       7.549834        Unweighted events, alpha=0.900822
  => Total parameter prop_binSR_em_bin10[0.00,-7.00,7.00] to be gaussian constrained
------------------------------------------------------------
11         46.593942       7.160131        total sum                     
11         45.921396       7.160014        excluding marked processes    
11         41.000000       6.403124        Unweighted events, alpha=1.136438
  => Total parameter prop_binSR_em_bin11[0.00,-7.00,7.00] to be gaussian constrained
------------------------------------------------------------
12         46.605157       5.836895        total sum                     
12         45.757941       5.836726        excluding marked processes    
12         61.000000       7.810250        Unweighted events, alpha=0.764019
  => Total parameter prop_binSR_em_bin12[0.00,-7.00,7.00] to be gaussian constrained
------------------------------------------------------------
13         44.499132       6.661530        total sum                     
13         43.724573       6.661394        excluding marked processes    
13         43.000000       6.557439        Unweighted events, alpha=1.034864
  => Total parameter prop_binSR_em_bin13[0.00,-7.00,7.00] to be gaussian constrained
------------------------------------------------------------
14         45.986877       5.959385        total sum                     
14         45.146644       5.959196        excluding marked processes    
14         57.000000       7.549834        Unweighted events, alpha=0.806787
  => Total parameter prop_binSR_em_bin14[0.00,-7.00,7.00] to be gaussian constrained
------------------------------------------------------------
15         41.943291       5.696106        total sum                     
15         41.093916       5.695926        excluding marked processes    
15         52.000000       7.211103        Unweighted events, alpha=0.806602
  => Total parameter prop_binSR_em_bin15[0.00,-7.00,7.00] to be gaussian constrained
------------------------------------------------------------
16         33.436198       4.855186        total sum                     
16         32.436504       4.854941        excluding marked processes    
16         45.000000       6.708204        Unweighted events, alpha=0.743027
  => Total parameter prop_binSR_em_bin16[0.00,-7.00,7.00] to be gaussian constrained
------------------------------------------------------------
17         36.473276       5.097976        total sum                     
17         35.466811       5.097724        excluding marked processes    
17         48.000000       6.928203        Unweighted events, alpha=0.759860
  => Total parameter prop_binSR_em_bin17[0.00,-7.00,7.00] to be gaussian constrained
------------------------------------------------------------
18         37.811705       6.019018        total sum                     
18         36.766136       6.018817        excluding marked processes    
18         37.000000       6.082763        Unweighted events, alpha=1.021938
  => Total parameter prop_binSR_em_bin18[0.00,-7.00,7.00] to be gaussian constrained
------------------------------------------------------------
19         28.171603       4.486226        total sum                     
19         27.159346       4.485965        excluding marked processes    
19         37.000000       6.082763        Unweighted events, alpha=0.761395
  => Total parameter prop_binSR_em_bin19[0.00,-7.00,7.00] to be gaussian constrained
------------------------------------------------------------
20         35.398600       5.294831        total sum                     
20         34.314114       5.294587        excluding marked processes    
20         42.000000       6.480741        Unweighted events, alpha=0.842824
  => Total parameter prop_binSR_em_bin20[0.00,-7.00,7.00] to be gaussian constrained
------------------------------------------------------------
21         35.402509       5.751442        total sum                     
21         34.338781       5.751229        excluding marked processes    
21         36.000000       6.000000        Unweighted events, alpha=0.983403
  => Total parameter prop_binSR_em_bin21[0.00,-7.00,7.00] to be gaussian constrained
------------------------------------------------------------
22         26.480868       4.418123        total sum                     
22         25.367789       4.417828        excluding marked processes    
22         33.000000       5.744563        Unweighted events, alpha=0.802451
  => Total parameter prop_binSR_em_bin22[0.00,-7.00,7.00] to be gaussian constrained
------------------------------------------------------------
23         23.683290       4.125720        total sum                     
23         22.515221       4.125412        excluding marked processes    
23         30.000000       5.477226        Unweighted events, alpha=0.789443
  => Total parameter prop_binSR_em_bin23[0.00,-7.00,7.00] to be gaussian constrained
------------------------------------------------------------
24         31.514922       5.032668        total sum                     
24         30.189699       5.032370        excluding marked processes    
24         36.000000       6.000000        Unweighted events, alpha=0.875415
  => Total parameter prop_binSR_em_bin24[0.00,-7.00,7.00] to be gaussian constrained
------------------------------------------------------------
25         19.881180       3.666844        total sum                     
25         18.366994       3.666369        excluding marked processes    
25         25.000000       5.000000        Unweighted events, alpha=0.795247
  => Total parameter prop_binSR_em_bin25[0.00,-7.00,7.00] to be gaussian constrained
------------------------------------------------------------
26         24.899816       4.468807        total sum                     
26         23.533594       4.468473        excluding marked processes    
26         28.000000       5.291503        Unweighted events, alpha=0.889279
  => Total parameter prop_binSR_em_bin26[0.00,-7.00,7.00] to be gaussian constrained
------------------------------------------------------------
27         25.847629       4.792421        total sum                     
27         24.447687       4.792085        excluding marked processes    
27         26.000000       5.099020        Unweighted events, alpha=0.994140
  => Total parameter prop_binSR_em_bin27[0.00,-7.00,7.00] to be gaussian constrained
------------------------------------------------------------
28         18.064649       3.382701        total sum                     
28         16.489923       3.382167        excluding marked processes    
28         24.000000       4.898979        Unweighted events, alpha=0.752694
  => Total parameter prop_binSR_em_bin28[0.00,-7.00,7.00] to be gaussian constrained
------------------------------------------------------------
29         21.161854       3.934045        total sum                     
29         19.433004       3.933553        excluding marked processes    
29         24.000000       4.898979        Unweighted events, alpha=0.881744
  => Total parameter prop_binSR_em_bin29[0.00,-7.00,7.00] to be gaussian constrained
------------------------------------------------------------
30         29.271786       4.982273        total sum                     
30         27.490270       4.981908        excluding marked processes    
30         30.000000       5.477226        Unweighted events, alpha=0.975726
  => Total parameter prop_binSR_em_bin30[0.00,-7.00,7.00] to be gaussian constrained
------------------------------------------------------------
31         21.159506       4.164314        total sum                     
31         19.246232       4.163833        excluding marked processes    
31         21.000000       4.582576        Unweighted events, alpha=1.007596
  => Total parameter prop_binSR_em_bin31[0.00,-7.00,7.00] to be gaussian constrained
------------------------------------------------------------
32         14.898279       2.776535        total sum                     
32         12.884652       2.775720        excluding marked processes    
32         22.000000       4.690416        Unweighted events, alpha=0.677194
  => Total parameter prop_binSR_em_bin32[0.00,-7.00,7.00] to be gaussian constrained
------------------------------------------------------------
33         17.293081       3.313957        total sum                     
33         15.079385       3.313233        excluding marked processes    
33         21.000000       4.582576        Unweighted events, alpha=0.823480
  => Total parameter prop_binSR_em_bin33[0.00,-7.00,7.00] to be gaussian constrained
------------------------------------------------------------
34         15.932658       4.276204        total sum                     
34         13.532772       4.275622        excluding marked processes    
34         10.000000       3.162278        Unweighted events, alpha=1.593266
  => Number of weighted events is below poisson threshold
    tzq                  0.116234        0.030590                                      
                         14.000000       3.741657        Unweighted events, alpha=0.008302
      => Parameter prop_binSR_em_bin34_tzq[0.00,-7.00,7.00] to be gaussian constrained
  ----------------------------------------------------------
    TAToTTQ_rtc04_MA350  239.988586      7.055965                                      
                         1157.000000     34.014703       Unweighted events, alpha=0.207423
      => Parameter prop_binSR_em_bin34_TAToTTQ_rtc04_MA350[0.00,-7.00,7.00] to be gaussian constrained
  ----------------------------------------------------------
    VVV                  0.000000        0.000000                                      
      => Error is zero, ignore      
  ----------------------------------------------------------
    t_tbar_W             0.356808        0.257869                                      
                         2.000000        1.414214        Unweighted events, alpha=0.178404
      => Product of prop_binSR_em_bin34_t_tbar_W[2.00,0.00,33.79] and const [0.5000] to be poisson constrained
  ----------------------------------------------------------
    DY                   0.000000        0.000000                                      
      => Error is zero, ignore      
  ----------------------------------------------------------
    tt_V_H               2.599526        0.112530                                      
                         534.000000      23.108440       Unweighted events, alpha=0.004868
      => Parameter prop_binSR_em_bin34_tt_V_H[0.00,-7.00,7.00] to be gaussian constrained
  ----------------------------------------------------------
    ttV                  0.071888        0.040540                                      
                         3.000000        1.732051        Unweighted events, alpha=0.023963
      => Product of prop_binSR_em_bin34_ttV[3.00,0.00,36.46] and const [0.3333] to be poisson constrained
  ----------------------------------------------------------
    tttX                 0.151648        0.007789                                      
                         379.000000      19.467922       Unweighted events, alpha=0.000400
      => Parameter prop_binSR_em_bin34_tttX[0.00,-7.00,7.00] to be gaussian constrained
  ----------------------------------------------------------
    TTTo2L               0.810989        0.232453                                      
                         12.000000       3.464102        Unweighted events, alpha=0.067582
      => Parameter prop_binSR_em_bin34_TTTo2L[0.00,-7.00,7.00] to be gaussian constrained
  ----------------------------------------------------------
    ttWtoLNu             3.133039        0.152435                                      
                         422.000000      20.542639       Unweighted events, alpha=0.007424
      => Parameter prop_binSR_em_bin34_ttWtoLNu[0.00,-7.00,7.00] to be gaussian constrained
  ----------------------------------------------------------
    ttVV                 0.096289        0.009250                                      
                         108.000000      10.392305       Unweighted events, alpha=0.000892
      => Parameter prop_binSR_em_bin34_ttVV[0.00,-7.00,7.00] to be gaussian constrained
  ----------------------------------------------------------
    TTTo1L               6.196352        4.256969                                      
                         2.000000        1.414214        Unweighted events, alpha=3.098176
      => Product of prop_binSR_em_bin34_TTTo1L[2.00,0.00,33.79] and const [0.5000] to be poisson constrained
  ----------------------------------------------------------
------------------------------------------------------------
35         11.834770       2.975757        total sum                     
35         9.397786        2.974931        excluding marked processes    
35         10.000000       3.162278        Unweighted events, alpha=1.183477
  => Number of weighted events is below poisson threshold
    tzq                  0.002474        0.031361                                      
      => Poisson not viable, prop_binSR_em_bin35_tzq[0.00,-7.00,7.00] to be gaussian constrained
  ----------------------------------------------------------
    TAToTTQ_rtc04_MA350  243.698334      7.012841                                      
                         1208.000000     34.756294       Unweighted events, alpha=0.201737
      => Parameter prop_binSR_em_bin35_TAToTTQ_rtc04_MA350[0.00,-7.00,7.00] to be gaussian constrained
  ----------------------------------------------------------
    VVV                  0.099930        0.088919                                      
                         1.000000        1.000000        Unweighted events, alpha=0.099930
      => Product of prop_binSR_em_bin35_VVV[1.00,0.00,30.85] and const [1.0000] to be poisson constrained
  ----------------------------------------------------------
    t_tbar_W             0.000000        0.000000                                      
      => Error is zero, ignore      
  ----------------------------------------------------------
    DY                   0.000000        0.000000                                      
      => Error is zero, ignore      
  ----------------------------------------------------------
    tt_V_H               2.379101        0.106015                                      
                         504.000000      22.449944       Unweighted events, alpha=0.004720
      => Parameter prop_binSR_em_bin35_tt_V_H[0.00,-7.00,7.00] to be gaussian constrained
  ----------------------------------------------------------
    ttV                  0.000000        0.050331                                      
      => Poisson not viable, prop_binSR_em_bin35_ttV[0.00,-7.00,7.00] to be gaussian constrained
  ----------------------------------------------------------
    tttX                 0.171595        0.007708                                      
                         496.000000      22.271057       Unweighted events, alpha=0.000346
      => Parameter prop_binSR_em_bin35_tttX[0.00,-7.00,7.00] to be gaussian constrained
  ----------------------------------------------------------
    TTTo2L               1.055576        0.292516                                      
                         13.000000       3.605551        Unweighted events, alpha=0.081198
      => Parameter prop_binSR_em_bin35_TTTo2L[0.00,-7.00,7.00] to be gaussian constrained
  ----------------------------------------------------------
    ttWtoLNu             2.687270        0.144594                                      
                         345.000000      18.574176       Unweighted events, alpha=0.007789
      => Parameter prop_binSR_em_bin35_ttWtoLNu[0.00,-7.00,7.00] to be gaussian constrained
  ----------------------------------------------------------
    ttVV                 0.098448        0.009391                                      
                         110.000000      10.488088       Unweighted events, alpha=0.000895
      => Parameter prop_binSR_em_bin35_ttVV[0.00,-7.00,7.00] to be gaussian constrained
  ----------------------------------------------------------
    TTTo1L               2.903393        2.953122                                      
      => Poisson not viable, prop_binSR_em_bin35_TTTo1L[0.00,-7.00,7.00] to be gaussian constrained
  ----------------------------------------------------------
------------------------------------------------------------
36         9.676764        1.794274        total sum                     
36         7.046882        1.792839        excluding marked processes    
36         15.000000       3.872983        Unweighted events, alpha=0.645118
  => Total parameter prop_binSR_em_bin36[0.00,-7.00,7.00] to be gaussian constrained
------------------------------------------------------------
37         17.370922       3.337373        total sum                     
37         14.302612       3.336461        excluding marked processes    
37         18.000000       4.242641        Unweighted events, alpha=0.965051
  => Total parameter prop_binSR_em_bin37[0.00,-7.00,7.00] to be gaussian constrained
------------------------------------------------------------
38         12.441955       2.494117        total sum                     
38         8.546143        2.492664        excluding marked processes    
38         12.000000       3.464102        Unweighted events, alpha=1.036830
  => Total parameter prop_binSR_em_bin38[0.00,-7.00,7.00] to be gaussian constrained
------------------------------------------------------------
39         5.024457        1.475129        total sum                     
39         2.556720        1.473730        excluding marked processes    
39         3.000000        1.732051        Unweighted events, alpha=1.674819
  => Number of weighted events is below poisson threshold
    tzq                  0.000000        0.007911                                      
      => Poisson not viable, prop_binSR_em_bin39_tzq[0.00,-7.00,7.00] to be gaussian constrained
  ----------------------------------------------------------
    TAToTTQ_rtc04_MA350  246.773682      6.422707                                      
                         1476.000000     38.418745       Unweighted events, alpha=0.167191
      => Parameter prop_binSR_em_bin39_TAToTTQ_rtc04_MA350[0.00,-7.00,7.00] to be gaussian constrained
  ----------------------------------------------------------
    VVV                  0.000000        0.000000                                      
      => Error is zero, ignore      
  ----------------------------------------------------------
    t_tbar_W             0.000000        0.000000                                      
      => Error is zero, ignore      
  ----------------------------------------------------------
    DY                   0.000000        0.000000                                      
      => Error is zero, ignore      
  ----------------------------------------------------------
    tt_V_H               0.515054        0.046065                                      
                         125.000000      11.180340       Unweighted events, alpha=0.004120
      => Parameter prop_binSR_em_bin39_tt_V_H[0.00,-7.00,7.00] to be gaussian constrained
  ----------------------------------------------------------
    ttV                  0.006997        0.021128                                      
      => Poisson not viable, prop_binSR_em_bin39_ttV[0.00,-7.00,7.00] to be gaussian constrained
  ----------------------------------------------------------
    tttX                 0.095008        0.005175                                      
                         337.000000      18.357560       Unweighted events, alpha=0.000282
      => Parameter prop_binSR_em_bin39_tttX[0.00,-7.00,7.00] to be gaussian constrained
  ----------------------------------------------------------
    TTTo2L               0.198530        0.102098                                      
                         4.000000        2.000000        Unweighted events, alpha=0.049633
      => Product of prop_binSR_em_bin39_TTTo2L[4.00,0.00,38.96] and const [0.2500] to be poisson constrained
  ----------------------------------------------------------
    ttWtoLNu             0.432661        0.058259                                      
                         55.000000       7.416198        Unweighted events, alpha=0.007867
      => Parameter prop_binSR_em_bin39_ttWtoLNu[0.00,-7.00,7.00] to be gaussian constrained
  ----------------------------------------------------------
    ttVV                 0.025666        0.004764                                      
                         29.000000       5.385165        Unweighted events, alpha=0.000885
      => Parameter prop_binSR_em_bin39_ttVV[0.00,-7.00,7.00] to be gaussian constrained
  ----------------------------------------------------------
    TTTo1L               1.282804        1.468121                                      
      => Poisson not viable, prop_binSR_em_bin39_TTTo1L[0.00,-7.00,7.00] to be gaussian constrained
  ----------------------------------------------------------
------------------------------------------------------------
SimNLL created with 1 channels, 5 generic constraints, 86 fast gaussian constraints, 0 fast poisson constraints, 0 fast group constraints, 
SimNLL created with 1 channels, 5 generic constraints, 86 fast gaussian constraints, 0 fast poisson constraints, 0 fast group constraints, 
SimNLL created with 1 channels, 5 generic constraints, 86 fast gaussian constraints, 0 fast poisson constraints, 0 fast group constraints, 

 -- AsymptoticLimits ( CLs ) --
Observed Limit: r < 1.0025
Expected  2.5%: r < 0.5333
Expected 16.0%: r < 0.7135
Expected 50.0%: r < 1.0039
Expected 84.0%: r < 1.4241
Expected 97.5%: r < 1.9394

Done in 0.06 min (cpu), 0.06 min (real)
