 <<< Combine >>> 
>>> random number generator seed is 123456
>>> method used is AsymptoticLimits
Channel SR_mm will use autoMCStats with settings: event-threshold=10, include-signal=0, hist-mode=1
============================================================
Analysing bin errors for: prop_binSR_mm
Poisson cut-off: 10
Processes excluded for sums: TAToTTQ_rtc04_MA400
============================================================
Bin        Contents        Error           Notes                         
0          35.706648       6.967969        total sum                     
0          35.647641       6.967959        excluding marked processes    
0          26.000000       5.099020        Unweighted events, alpha=1.373333
  => Total parameter prop_binSR_mm_bin0[0.00,-7.00,7.00] to be gaussian constrained
------------------------------------------------------------
1          79.489160       7.612386        total sum                     
1          79.342092       7.612364        excluding marked processes    
1          109.000000      10.440307       Unweighted events, alpha=0.729258
  => Total parameter prop_binSR_mm_bin1[0.00,-7.00,7.00] to be gaussian constrained
------------------------------------------------------------
2          53.616069       5.934839        total sum                     
2          53.390473       5.934795        excluding marked processes    
2          81.000000       9.000000        Unweighted events, alpha=0.661927
  => Total parameter prop_binSR_mm_bin2[0.00,-7.00,7.00] to be gaussian constrained
------------------------------------------------------------
3          53.219512       5.831311        total sum                     
3          52.854831       5.831243        excluding marked processes    
3          82.000000       9.055385        Unweighted events, alpha=0.649018
  => Total parameter prop_binSR_mm_bin3[0.00,-7.00,7.00] to be gaussian constrained
------------------------------------------------------------
4          46.396778       5.942119        total sum                     
4          46.036197       5.942052        excluding marked processes    
4          60.000000       7.745967        Unweighted events, alpha=0.773280
  => Total parameter prop_binSR_mm_bin4[0.00,-7.00,7.00] to be gaussian constrained
------------------------------------------------------------
5          52.210888       6.084402        total sum                     
5          51.765209       6.084315        excluding marked processes    
5          72.000000       8.485281        Unweighted events, alpha=0.725151
  => Total parameter prop_binSR_mm_bin5[0.00,-7.00,7.00] to be gaussian constrained
------------------------------------------------------------
6          43.666882       5.296951        total sum                     
6          43.220768       5.296854        excluding marked processes    
6          67.000000       8.185353        Unweighted events, alpha=0.651745
  => Total parameter prop_binSR_mm_bin6[0.00,-7.00,7.00] to be gaussian constrained
------------------------------------------------------------
7          40.077093       5.379153        total sum                     
7          39.547744       5.379038        excluding marked processes    
7          54.000000       7.348469        Unweighted events, alpha=0.742168
  => Total parameter prop_binSR_mm_bin7[0.00,-7.00,7.00] to be gaussian constrained
------------------------------------------------------------
8          36.637182       4.753712        total sum                     
8          36.124998       4.753590        excluding marked processes    
8          58.000000       7.615773        Unweighted events, alpha=0.631676
  => Total parameter prop_binSR_mm_bin8[0.00,-7.00,7.00] to be gaussian constrained
------------------------------------------------------------
9          26.206423       3.690712        total sum                     
9          25.641407       3.690497        excluding marked processes    
9          48.000000       6.928203        Unweighted events, alpha=0.545967
  => Total parameter prop_binSR_mm_bin9[0.00,-7.00,7.00] to be gaussian constrained
------------------------------------------------------------
10         36.006802       5.111300        total sum                     
10         35.410363       5.111158        excluding marked processes    
10         48.000000       6.928203        Unweighted events, alpha=0.750142
  => Total parameter prop_binSR_mm_bin10[0.00,-7.00,7.00] to be gaussian constrained
------------------------------------------------------------
11         20.096179       3.362073        total sum                     
11         19.548032       3.361904        excluding marked processes    
11         34.000000       5.830952        Unweighted events, alpha=0.591064
  => Total parameter prop_binSR_mm_bin11[0.00,-7.00,7.00] to be gaussian constrained
------------------------------------------------------------
12         24.889629       3.850032        total sum                     
12         24.195780       3.849829        excluding marked processes    
12         39.000000       6.244998        Unweighted events, alpha=0.638196
  => Total parameter prop_binSR_mm_bin12[0.00,-7.00,7.00] to be gaussian constrained
------------------------------------------------------------
13         20.500067       3.799911        total sum                     
13         19.808642       3.799706        excluding marked processes    
13         27.000000       5.196152        Unweighted events, alpha=0.759262
  => Total parameter prop_binSR_mm_bin13[0.00,-7.00,7.00] to be gaussian constrained
------------------------------------------------------------
14         20.301805       3.403237        total sum                     
14         19.563588       3.402985        excluding marked processes    
14         33.000000       5.744563        Unweighted events, alpha=0.615206
  => Total parameter prop_binSR_mm_bin14[0.00,-7.00,7.00] to be gaussian constrained
------------------------------------------------------------
15         23.728517       3.715656        total sum                     
15         23.037160       3.715433        excluding marked processes    
15         38.000000       6.164414        Unweighted events, alpha=0.624435
  => Total parameter prop_binSR_mm_bin15[0.00,-7.00,7.00] to be gaussian constrained
------------------------------------------------------------
16         23.689482       4.078006        total sum                     
16         23.005155       4.077839        excluding marked processes    
16         32.000000       5.656854        Unweighted events, alpha=0.740296
  => Total parameter prop_binSR_mm_bin16[0.00,-7.00,7.00] to be gaussian constrained
------------------------------------------------------------
17         15.633718       2.965219        total sum                     
17         14.828780       2.964906        excluding marked processes    
17         25.000000       5.000000        Unweighted events, alpha=0.625349
  => Total parameter prop_binSR_mm_bin17[0.00,-7.00,7.00] to be gaussian constrained
------------------------------------------------------------
18         15.634128       2.785118        total sum                     
18         14.812271       2.784802        excluding marked processes    
18         28.000000       5.291503        Unweighted events, alpha=0.558362
  => Total parameter prop_binSR_mm_bin18[0.00,-7.00,7.00] to be gaussian constrained
------------------------------------------------------------
19         17.842222       3.196153        total sum                     
19         16.986888       3.195862        excluding marked processes    
19         28.000000       5.291503        Unweighted events, alpha=0.637222
  => Total parameter prop_binSR_mm_bin19[0.00,-7.00,7.00] to be gaussian constrained
------------------------------------------------------------
20         23.604353       4.171826        total sum                     
20         22.726523       4.171608        excluding marked processes    
20         30.000000       5.477226        Unweighted events, alpha=0.786812
  => Total parameter prop_binSR_mm_bin20[0.00,-7.00,7.00] to be gaussian constrained
------------------------------------------------------------
21         19.928011       3.496583        total sum                     
21         19.003403       3.496231        excluding marked processes    
21         30.000000       5.477226        Unweighted events, alpha=0.664267
  => Total parameter prop_binSR_mm_bin21[0.00,-7.00,7.00] to be gaussian constrained
------------------------------------------------------------
22         13.331435       4.622872        total sum                     
22         12.435516       4.622679        excluding marked processes    
22         7.000000        2.645751        Unweighted events, alpha=1.904491
  => Number of weighted events is below poisson threshold
    tzq                  0.040347        0.030663                                      
                         2.000000        1.414214        Unweighted events, alpha=0.020174
      => Product of prop_binSR_mm_bin22_tzq[2.00,0.00,33.79] and const [0.5000] to be poisson constrained
  ----------------------------------------------------------
    TAToTTQ_rtc04_MA400  89.591820       4.218947                                      
                         451.000000      21.236761       Unweighted events, alpha=0.198651
      => Parameter prop_binSR_mm_bin22_TAToTTQ_rtc04_MA400[0.00,-7.00,7.00] to be gaussian constrained
  ----------------------------------------------------------
    VVV                  0.330380        0.330380                                      
                         1.000000        1.000000        Unweighted events, alpha=0.330380
      => Product of prop_binSR_mm_bin22_VVV[1.00,0.00,30.85] and const [1.0000] to be poisson constrained
  ----------------------------------------------------------
    t_tbar_W             0.290651        0.205734                                      
                         2.000000        1.414214        Unweighted events, alpha=0.145326
      => Product of prop_binSR_mm_bin22_t_tbar_W[2.00,0.00,33.79] and const [0.5000] to be poisson constrained
  ----------------------------------------------------------
    DY                   0.000000        0.000000                                      
      => Error is zero, ignore      
  ----------------------------------------------------------
    tt_V_H               2.559119        0.117691                                      
                         473.000000      21.748563       Unweighted events, alpha=0.005410
      => Parameter prop_binSR_mm_bin22_tt_V_H[0.00,-7.00,7.00] to be gaussian constrained
  ----------------------------------------------------------
    ttV                  0.033506        0.037679                                      
      => Poisson not viable, prop_binSR_mm_bin22_ttV[0.00,-7.00,7.00] to be gaussian constrained
  ----------------------------------------------------------
    tttX                 0.121353        0.007107                                      
                         292.000000      17.088007       Unweighted events, alpha=0.000416
      => Parameter prop_binSR_mm_bin22_tttX[0.00,-7.00,7.00] to be gaussian constrained
  ----------------------------------------------------------
    ttWtoLNu             2.933177        0.163018                                      
                         324.000000      18.000000       Unweighted events, alpha=0.009053
      => Parameter prop_binSR_mm_bin22_ttWtoLNu[0.00,-7.00,7.00] to be gaussian constrained
  ----------------------------------------------------------
    ttVV                 0.076445        0.008493                                      
                         81.000000       9.000000        Unweighted events, alpha=0.000944
      => Parameter prop_binSR_mm_bin22_ttVV[0.00,-7.00,7.00] to be gaussian constrained
  ----------------------------------------------------------
    TTTo1L               6.050538        4.601606                                      
                         2.000000        1.414214        Unweighted events, alpha=3.025269
      => Product of prop_binSR_mm_bin22_TTTo1L[2.00,0.00,33.79] and const [0.5000] to be poisson constrained
  ----------------------------------------------------------
------------------------------------------------------------
23         11.609938       2.097639        total sum                     
23         10.587076       2.097018        excluding marked processes    
23         25.000000       5.000000        Unweighted events, alpha=0.464398
  => Total parameter prop_binSR_mm_bin23[0.00,-7.00,7.00] to be gaussian constrained
------------------------------------------------------------
24         18.315625       3.565976        total sum                     
24         17.295795       3.565673        excluding marked processes    
24         24.000000       4.898979        Unweighted events, alpha=0.763151
  => Total parameter prop_binSR_mm_bin24[0.00,-7.00,7.00] to be gaussian constrained
------------------------------------------------------------
25         14.696818       2.657643        total sum                     
25         13.646803       2.657233        excluding marked processes    
25         26.000000       5.099020        Unweighted events, alpha=0.565262
  => Total parameter prop_binSR_mm_bin25[0.00,-7.00,7.00] to be gaussian constrained
------------------------------------------------------------
26         13.657296       2.468692        total sum                     
26         12.433169       2.468114        excluding marked processes    
26         25.000000       5.000000        Unweighted events, alpha=0.546292
  => Total parameter prop_binSR_mm_bin26[0.00,-7.00,7.00] to be gaussian constrained
------------------------------------------------------------
27         13.219693       2.378206        total sum                     
27         12.099643       2.377686        excluding marked processes    
27         26.000000       5.099020        Unweighted events, alpha=0.508450
  => Total parameter prop_binSR_mm_bin27[0.00,-7.00,7.00] to be gaussian constrained
------------------------------------------------------------
28         12.787812       2.797382        total sum                     
28         11.460511       2.796894        excluding marked processes    
28         17.000000       4.123106        Unweighted events, alpha=0.752224
  => Total parameter prop_binSR_mm_bin28[0.00,-7.00,7.00] to be gaussian constrained
------------------------------------------------------------
29         11.468529       1.965762        total sum                     
29         10.023170       1.965009        excluding marked processes    
29         26.000000       5.099020        Unweighted events, alpha=0.441097
  => Total parameter prop_binSR_mm_bin29[0.00,-7.00,7.00] to be gaussian constrained
------------------------------------------------------------
30         14.881893       3.056417        total sum                     
30         13.303228       3.055742        excluding marked processes    
30         19.000000       4.358899        Unweighted events, alpha=0.783258
  => Total parameter prop_binSR_mm_bin30[0.00,-7.00,7.00] to be gaussian constrained
------------------------------------------------------------
31         9.888277        1.844685        total sum                     
31         8.297135        1.843805        excluding marked processes    
31         20.000000       4.472136        Unweighted events, alpha=0.494414
  => Total parameter prop_binSR_mm_bin31[0.00,-7.00,7.00] to be gaussian constrained
------------------------------------------------------------
32         13.427132       2.374556        total sum                     
32         11.672503       2.373810        excluding marked processes    
32         24.000000       4.898979        Unweighted events, alpha=0.559464
  => Total parameter prop_binSR_mm_bin32[0.00,-7.00,7.00] to be gaussian constrained
------------------------------------------------------------
33         10.282500       1.843230        total sum                     
33         8.407295        1.842235        excluding marked processes    
33         21.000000       4.582576        Unweighted events, alpha=0.489643
  => Total parameter prop_binSR_mm_bin33[0.00,-7.00,7.00] to be gaussian constrained
------------------------------------------------------------
34         8.868656        1.416679        total sum                     
34         6.781552        1.415249        excluding marked processes    
34         23.000000       4.795832        Unweighted events, alpha=0.385594
  => Total parameter prop_binSR_mm_bin34[0.00,-7.00,7.00] to be gaussian constrained
------------------------------------------------------------
35         10.501080       2.054034        total sum                     
35         8.167478        2.052898        excluding marked processes    
35         16.000000       4.000000        Unweighted events, alpha=0.656317
  => Total parameter prop_binSR_mm_bin35[0.00,-7.00,7.00] to be gaussian constrained
------------------------------------------------------------
36         9.085164        1.686601        total sum                     
36         6.720711        1.685320        excluding marked processes    
36         16.000000       4.000000        Unweighted events, alpha=0.567823
  => Total parameter prop_binSR_mm_bin36[0.00,-7.00,7.00] to be gaussian constrained
------------------------------------------------------------
37         6.266357        0.494762        total sum                     
37         3.638588        0.490076        excluding marked processes    
37         55.000000       7.416198        Unweighted events, alpha=0.113934
  => Total parameter prop_binSR_mm_bin37[0.00,-7.00,7.00] to be gaussian constrained
------------------------------------------------------------
38         5.991191        0.163209        total sum                     
38         2.870732        0.145971        excluding marked processes    
38         387.000000      19.672316       Unweighted events, alpha=0.015481
  => Total parameter prop_binSR_mm_bin38[0.00,-7.00,7.00] to be gaussian constrained
------------------------------------------------------------
39         3.236137        0.100612        total sum                     
39         0.991032        0.082251        excluding marked processes    
39         145.000000      12.041595       Unweighted events, alpha=0.022318
  => Total parameter prop_binSR_mm_bin39[0.00,-7.00,7.00] to be gaussian constrained
------------------------------------------------------------
SimNLL created with 1 channels, 4 generic constraints, 68 fast gaussian constraints, 0 fast poisson constraints, 0 fast group constraints, 
SimNLL created with 1 channels, 4 generic constraints, 68 fast gaussian constraints, 0 fast poisson constraints, 0 fast group constraints, 
SimNLL created with 1 channels, 4 generic constraints, 68 fast gaussian constraints, 0 fast poisson constraints, 0 fast group constraints, 

 -- AsymptoticLimits ( CLs ) --
Observed Limit: r < 0.6765
Expected  2.5%: r < 0.3389
Expected 16.0%: r < 0.4659
Expected 50.0%: r < 0.6777
Expected 84.0%: r < 0.9938
Expected 97.5%: r < 1.4023

Done in 0.03 min (cpu), 0.03 min (real)
