 <<< Combine >>> 
>>> random number generator seed is 123456
>>> method used is AsymptoticLimits
Channel SR_mm will use autoMCStats with settings: event-threshold=10, include-signal=0, hist-mode=1
============================================================
Analysing bin errors for: prop_binSR_mm
Poisson cut-off: 10
Processes excluded for sums: TAToTTQ_rtc04_MA350
============================================================
Bin        Contents        Error           Notes                         
0          16.627762       5.399857        total sum                     
0          16.609881       5.399852        excluding marked processes    
0          9.000000        3.000000        Unweighted events, alpha=1.847529
  => Number of weighted events is below poisson threshold
    tzq                  0.026173        0.016253                                      
                         3.000000        1.732051        Unweighted events, alpha=0.008724
      => Product of prop_binSR_mm_bin0_tzq[3.00,0.00,36.46] and const [0.3333] to be poisson constrained
  ----------------------------------------------------------
    TAToTTQ_rtc04_MA350  1.788141        0.708454                                      
                         6.000000        2.449490        Unweighted events, alpha=0.298024
      => Product of prop_binSR_mm_bin0_TAToTTQ_rtc04_MA350[6.00,0.03,43.60] and const [0.1667] to be poisson constrained
  ----------------------------------------------------------
    VVV                  0.100609        0.100609                                      
                         1.000000        1.000000        Unweighted events, alpha=0.100609
      => Product of prop_binSR_mm_bin0_VVV[1.00,0.00,30.85] and const [1.0000] to be poisson constrained
  ----------------------------------------------------------
    t_tbar_W             0.646648        0.538445                                      
                         1.000000        1.000000        Unweighted events, alpha=0.646648
      => Product of prop_binSR_mm_bin0_t_tbar_W[1.00,0.00,30.85] and const [1.0000] to be poisson constrained
  ----------------------------------------------------------
    DY                   4.585844        4.585844                                      
                         1.000000        1.000000        Unweighted events, alpha=4.585844
      => Product of prop_binSR_mm_bin0_DY[1.00,0.00,30.85] and const [1.0000] to be poisson constrained
  ----------------------------------------------------------
    tt_V_H               0.337662        0.040362                                      
                         70.000000       8.366600        Unweighted events, alpha=0.004824
      => Parameter prop_binSR_mm_bin0_tt_V_H[0.00,-7.00,7.00] to be gaussian constrained
  ----------------------------------------------------------
    ttV                  0.011339        0.011339                                      
                         1.000000        1.000000        Unweighted events, alpha=0.011339
      => Product of prop_binSR_mm_bin0_ttV[1.00,0.00,30.85] and const [1.0000] to be poisson constrained
  ----------------------------------------------------------
    tttX                 0.003275        0.001536                                      
                         5.000000        2.236068        Unweighted events, alpha=0.000655
      => Product of prop_binSR_mm_bin0_tttX[5.00,0.01,41.33] and const [0.2000] to be poisson constrained
  ----------------------------------------------------------
    TTTo2L               0.614030        0.229868                                      
                         7.000000        2.645751        Unweighted events, alpha=0.087719
      => Product of prop_binSR_mm_bin0_TTTo2L[7.00,0.07,45.79] and const [0.1429] to be poisson constrained
  ----------------------------------------------------------
    ttWtoLNu             0.163340        0.050690                                      
                         10.000000       3.162278        Unweighted events, alpha=0.016334
      => Product of prop_binSR_mm_bin0_ttWtoLNu[10.00,0.30,52.00] and const [0.1000] to be poisson constrained
  ----------------------------------------------------------
    ttVV                 0.008011        0.002810                                      
                         8.000000        2.828427        Unweighted events, alpha=0.001001
      => Product of prop_binSR_mm_bin0_ttVV[8.00,0.12,47.91] and const [0.1250] to be poisson constrained
  ----------------------------------------------------------
    TTTo1L               10.112951       2.787643                                      
                         13.000000       3.605551        Unweighted events, alpha=0.777919
      => Parameter prop_binSR_mm_bin0_TTTo1L[0.00,-7.00,7.00] to be gaussian constrained
  ----------------------------------------------------------
------------------------------------------------------------
1          57.982625       6.585404        total sum                     
1          57.844259       6.585375        excluding marked processes    
1          77.000000       8.774964        Unweighted events, alpha=0.753021
  => Total parameter prop_binSR_mm_bin1[0.00,-7.00,7.00] to be gaussian constrained
------------------------------------------------------------
2          67.268862       6.627492        total sum                     
2          67.072209       6.627451        excluding marked processes    
2          102.000000      10.099505       Unweighted events, alpha=0.659499
  => Total parameter prop_binSR_mm_bin2[0.00,-7.00,7.00] to be gaussian constrained
------------------------------------------------------------
3          55.920294       6.188793        total sum                     
3          55.549301       6.188708        excluding marked processes    
3          81.000000       9.000000        Unweighted events, alpha=0.690374
  => Total parameter prop_binSR_mm_bin3[0.00,-7.00,7.00] to be gaussian constrained
------------------------------------------------------------
4          55.037731       6.094709        total sum                     
4          54.669678       6.094627        excluding marked processes    
4          80.000000       8.944272        Unweighted events, alpha=0.687972
  => Total parameter prop_binSR_mm_bin4[0.00,-7.00,7.00] to be gaussian constrained
------------------------------------------------------------
5          47.665625       5.459585        total sum                     
5          47.220260       5.459475        excluding marked processes    
5          75.000000       8.660254        Unweighted events, alpha=0.635542
  => Total parameter prop_binSR_mm_bin5[0.00,-7.00,7.00] to be gaussian constrained
------------------------------------------------------------
6          53.642376       5.866837        total sum                     
6          53.174040       5.866734        excluding marked processes    
6          82.000000       9.055385        Unweighted events, alpha=0.654175
  => Total parameter prop_binSR_mm_bin6[0.00,-7.00,7.00] to be gaussian constrained
------------------------------------------------------------
7          45.364773       5.055893        total sum                     
7          44.844803       5.055759        excluding marked processes    
7          79.000000       8.888194        Unweighted events, alpha=0.574238
  => Total parameter prop_binSR_mm_bin7[0.00,-7.00,7.00] to be gaussian constrained
------------------------------------------------------------
8          36.454349       4.701154        total sum                     
8          35.814964       4.700975        excluding marked processes    
8          58.000000       7.615773        Unweighted events, alpha=0.628523
  => Total parameter prop_binSR_mm_bin8[0.00,-7.00,7.00] to be gaussian constrained
------------------------------------------------------------
9          48.582161       6.128127        total sum                     
9          47.979678       6.128002        excluding marked processes    
9          61.000000       7.810250        Unweighted events, alpha=0.796429
  => Total parameter prop_binSR_mm_bin9[0.00,-7.00,7.00] to be gaussian constrained
------------------------------------------------------------
10         30.356555       4.451313        total sum                     
10         29.650171       4.451086        excluding marked processes    
10         44.000000       6.633250        Unweighted events, alpha=0.689922
  => Total parameter prop_binSR_mm_bin10[0.00,-7.00,7.00] to be gaussian constrained
------------------------------------------------------------
11         35.045243       4.303693        total sum                     
11         34.391751       4.303510        excluding marked processes    
11         64.000000       8.000000        Unweighted events, alpha=0.547582
  => Total parameter prop_binSR_mm_bin11[0.00,-7.00,7.00] to be gaussian constrained
------------------------------------------------------------
12         25.313788       3.804655        total sum                     
12         24.631476       3.804440        excluding marked processes    
12         42.000000       6.480741        Unweighted events, alpha=0.602709
  => Total parameter prop_binSR_mm_bin12[0.00,-7.00,7.00] to be gaussian constrained
------------------------------------------------------------
13         23.444059       3.381724        total sum                     
13         22.672044       3.381443        excluding marked processes    
13         45.000000       6.708204        Unweighted events, alpha=0.520979
  => Total parameter prop_binSR_mm_bin13[0.00,-7.00,7.00] to be gaussian constrained
------------------------------------------------------------
14         20.805474       3.460704        total sum                     
14         20.061883       3.460430        excluding marked processes    
14         34.000000       5.830952        Unweighted events, alpha=0.611926
  => Total parameter prop_binSR_mm_bin14[0.00,-7.00,7.00] to be gaussian constrained
------------------------------------------------------------
15         22.747214       3.509893        total sum                     
15         21.904872       3.509592        excluding marked processes    
15         39.000000       6.244998        Unweighted events, alpha=0.583262
  => Total parameter prop_binSR_mm_bin15[0.00,-7.00,7.00] to be gaussian constrained
------------------------------------------------------------
16         27.913245       4.293986        total sum                     
16         27.139655       4.293762        excluding marked processes    
16         40.000000       6.324555        Unweighted events, alpha=0.697831
  => Total parameter prop_binSR_mm_bin16[0.00,-7.00,7.00] to be gaussian constrained
------------------------------------------------------------
17         18.467943       5.027671        total sum                     
17         17.656772       5.027474        excluding marked processes    
17         12.000000       3.464102        Unweighted events, alpha=1.538995
  => Total parameter prop_binSR_mm_bin17[0.00,-7.00,7.00] to be gaussian constrained
------------------------------------------------------------
18         21.617089       3.524825        total sum                     
18         20.723495       3.524468        excluding marked processes    
18         35.000000       5.916080        Unweighted events, alpha=0.617631
  => Total parameter prop_binSR_mm_bin18[0.00,-7.00,7.00] to be gaussian constrained
------------------------------------------------------------
19         19.207226       3.457221        total sum                     
19         18.401069       3.456944        excluding marked processes    
19         28.000000       5.291503        Unweighted events, alpha=0.685972
  => Total parameter prop_binSR_mm_bin19[0.00,-7.00,7.00] to be gaussian constrained
------------------------------------------------------------
20         19.287167       3.333107        total sum                     
20         18.430396       3.332794        excluding marked processes    
20         31.000000       5.567764        Unweighted events, alpha=0.622167
  => Total parameter prop_binSR_mm_bin20[0.00,-7.00,7.00] to be gaussian constrained
------------------------------------------------------------
21         18.315321       3.492702        total sum                     
21         17.405791       3.492388        excluding marked processes    
21         25.000000       5.000000        Unweighted events, alpha=0.732613
  => Total parameter prop_binSR_mm_bin21[0.00,-7.00,7.00] to be gaussian constrained
------------------------------------------------------------
22         15.945549       2.930769        total sum                     
22         14.972035       2.930375        excluding marked processes    
22         26.000000       5.099020        Unweighted events, alpha=0.613290
  => Total parameter prop_binSR_mm_bin22[0.00,-7.00,7.00] to be gaussian constrained
------------------------------------------------------------
23         19.620196       3.853521        total sum                     
23         18.638417       3.853233        excluding marked processes    
23         23.000000       4.795832        Unweighted events, alpha=0.853052
  => Total parameter prop_binSR_mm_bin23[0.00,-7.00,7.00] to be gaussian constrained
------------------------------------------------------------
24         13.507908       2.541196        total sum                     
24         12.476268       2.540757        excluding marked processes    
24         24.000000       4.898979        Unweighted events, alpha=0.562830
  => Total parameter prop_binSR_mm_bin24[0.00,-7.00,7.00] to be gaussian constrained
------------------------------------------------------------
25         16.937675       2.967025        total sum                     
25         15.849361       2.966586        excluding marked processes    
25         29.000000       5.385165        Unweighted events, alpha=0.584058
  => Total parameter prop_binSR_mm_bin25[0.00,-7.00,7.00] to be gaussian constrained
------------------------------------------------------------
26         11.790544       2.325394        total sum                     
26         10.634840       2.324797        excluding marked processes    
26         21.000000       4.582576        Unweighted events, alpha=0.561454
  => Total parameter prop_binSR_mm_bin26[0.00,-7.00,7.00] to be gaussian constrained
------------------------------------------------------------
27         12.492025       2.216472        total sum                     
27         11.203617       2.215811        excluding marked processes    
27         26.000000       5.099020        Unweighted events, alpha=0.480462
  => Total parameter prop_binSR_mm_bin27[0.00,-7.00,7.00] to be gaussian constrained
------------------------------------------------------------
28         17.508300       3.344856        total sum                     
28         16.161653       3.344413        excluding marked processes    
28         23.000000       4.795832        Unweighted events, alpha=0.761230
  => Total parameter prop_binSR_mm_bin28[0.00,-7.00,7.00] to be gaussian constrained
------------------------------------------------------------
29         12.518681       2.211883        total sum                     
29         11.203175       2.211240        excluding marked processes    
29         26.000000       5.099020        Unweighted events, alpha=0.481488
  => Total parameter prop_binSR_mm_bin29[0.00,-7.00,7.00] to be gaussian constrained
------------------------------------------------------------
30         9.918766        1.734070        total sum                     
30         8.581263        1.733204        excluding marked processes    
30         25.000000       5.000000        Unweighted events, alpha=0.396751
  => Total parameter prop_binSR_mm_bin30[0.00,-7.00,7.00] to be gaussian constrained
------------------------------------------------------------
31         8.552991        1.407766        total sum                     
31         6.938432        1.406503        excluding marked processes    
31         24.000000       4.898979        Unweighted events, alpha=0.356375
  => Total parameter prop_binSR_mm_bin31[0.00,-7.00,7.00] to be gaussian constrained
------------------------------------------------------------
32         13.508167       2.684256        total sum                     
32         11.855721       2.683616        excluding marked processes    
32         20.000000       4.472136        Unweighted events, alpha=0.675408
  => Total parameter prop_binSR_mm_bin32[0.00,-7.00,7.00] to be gaussian constrained
------------------------------------------------------------
33         10.297703       1.731392        total sum                     
33         8.581043        1.730380        excluding marked processes    
33         25.000000       5.000000        Unweighted events, alpha=0.411908
  => Total parameter prop_binSR_mm_bin33[0.00,-7.00,7.00] to be gaussian constrained
------------------------------------------------------------
34         8.429177        1.613428        total sum                     
34         6.560888        1.612181        excluding marked processes    
34         17.000000       4.123106        Unweighted events, alpha=0.495834
  => Total parameter prop_binSR_mm_bin34[0.00,-7.00,7.00] to be gaussian constrained
------------------------------------------------------------
35         9.477889        1.686960        total sum                     
35         7.428946        1.685353        excluding marked processes    
35         19.000000       4.358899        Unweighted events, alpha=0.498836
  => Total parameter prop_binSR_mm_bin35[0.00,-7.00,7.00] to be gaussian constrained
------------------------------------------------------------
36         7.162023        1.506556        total sum                     
36         5.091215        1.505159        excluding marked processes    
36         11.000000       3.316625        Unweighted events, alpha=0.651093
  => Total parameter prop_binSR_mm_bin36[0.00,-7.00,7.00] to be gaussian constrained
------------------------------------------------------------
37         5.828744        0.464277        total sum                     
37         3.569634        0.459128        excluding marked processes    
37         60.000000       7.745967        Unweighted events, alpha=0.097146
  => Total parameter prop_binSR_mm_bin37[0.00,-7.00,7.00] to be gaussian constrained
------------------------------------------------------------
38         6.044611        0.482029        total sum                     
38         3.121132        0.475811        excluding marked processes    
38         43.000000       6.557439        Unweighted events, alpha=0.140572
  => Total parameter prop_binSR_mm_bin38[0.00,-7.00,7.00] to be gaussian constrained
------------------------------------------------------------
39         3.021935        0.129731        total sum                     
39         0.970120        0.114418        excluding marked processes    
39         72.000000       8.485281        Unweighted events, alpha=0.041971
  => Total parameter prop_binSR_mm_bin39[0.00,-7.00,7.00] to be gaussian constrained
------------------------------------------------------------
SimNLL created with 1 channels, 10 generic constraints, 64 fast gaussian constraints, 0 fast poisson constraints, 0 fast group constraints, 
SimNLL created with 1 channels, 10 generic constraints, 64 fast gaussian constraints, 0 fast poisson constraints, 0 fast group constraints, 
SimNLL created with 1 channels, 10 generic constraints, 64 fast gaussian constraints, 0 fast poisson constraints, 0 fast group constraints, 

 -- AsymptoticLimits ( CLs ) --
Observed Limit: r < 0.7406
Expected  2.5%: r < 0.3730
Expected 16.0%: r < 0.5107
Expected 50.0%: r < 0.7402
Expected 84.0%: r < 1.0855
Expected 97.5%: r < 1.5271

Done in 0.04 min (cpu), 0.04 min (real)
