 <<< Combine >>> 
>>> random number generator seed is 123456
>>> method used is AsymptoticLimits
Channel SR_em will use autoMCStats with settings: event-threshold=10, include-signal=0, hist-mode=1
============================================================
Analysing bin errors for: prop_binSR_em
Poisson cut-off: 10
Processes excluded for sums: TAToTTQ_rtc04_MA500
============================================================
Bin        Contents        Error           Notes                         
0          125.491360      11.931717       total sum                     
0          125.393165      11.931707       excluding marked processes    
0          110.000000      10.488088       Unweighted events, alpha=1.140831
  => Total parameter prop_binSR_em_bin0[0.00,-7.00,7.00] to be gaussian constrained
------------------------------------------------------------
1          149.018336      12.484155       total sum                     
1          148.809409      12.484136       excluding marked processes    
1          142.000000      11.916375       Unweighted events, alpha=1.049425
  => Total parameter prop_binSR_em_bin1[0.00,-7.00,7.00] to be gaussian constrained
------------------------------------------------------------
2          106.726246      9.656508        total sum                     
2          106.433550      9.656471        excluding marked processes    
2          121.000000      11.000000       Unweighted events, alpha=0.882035
  => Total parameter prop_binSR_em_bin2[0.00,-7.00,7.00] to be gaussian constrained
------------------------------------------------------------
3          87.739222       9.035238        total sum                     
3          87.398486       9.035196        excluding marked processes    
3          94.000000       9.695360        Unweighted events, alpha=0.933396
  => Total parameter prop_binSR_em_bin3[0.00,-7.00,7.00] to be gaussian constrained
------------------------------------------------------------
4          71.098164       8.226750        total sum                     
4          70.677285       8.226685        excluding marked processes    
4          74.000000       8.602325        Unweighted events, alpha=0.960786
  => Total parameter prop_binSR_em_bin4[0.00,-7.00,7.00] to be gaussian constrained
------------------------------------------------------------
5          62.758291       8.250227        total sum                     
5          62.289497       8.250151        excluding marked processes    
5          57.000000       7.549834        Unweighted events, alpha=1.101023
  => Total parameter prop_binSR_em_bin5[0.00,-7.00,7.00] to be gaussian constrained
------------------------------------------------------------
6          57.174161       7.547557        total sum                     
6          56.773530       7.547492        excluding marked processes    
6          57.000000       7.549834        Unweighted events, alpha=1.003055
  => Total parameter prop_binSR_em_bin6[0.00,-7.00,7.00] to be gaussian constrained
------------------------------------------------------------
7          54.595445       7.125140        total sum                     
7          54.157304       7.125062        excluding marked processes    
7          58.000000       7.615773        Unweighted events, alpha=0.941301
  => Total parameter prop_binSR_em_bin7[0.00,-7.00,7.00] to be gaussian constrained
------------------------------------------------------------
8          56.445165       7.093213        total sum                     
8          55.865693       7.093121        excluding marked processes    
8          62.000000       7.874008        Unweighted events, alpha=0.910406
  => Total parameter prop_binSR_em_bin8[0.00,-7.00,7.00] to be gaussian constrained
------------------------------------------------------------
9          37.471267       5.621742        total sum                     
9          36.983550       5.621639        excluding marked processes    
9          43.000000       6.557439        Unweighted events, alpha=0.871425
  => Total parameter prop_binSR_em_bin9[0.00,-7.00,7.00] to be gaussian constrained
------------------------------------------------------------
10         54.940871       6.707940        total sum                     
10         54.426229       6.707858        excluding marked processes    
10         66.000000       8.124038        Unweighted events, alpha=0.832437
  => Total parameter prop_binSR_em_bin10[0.00,-7.00,7.00] to be gaussian constrained
------------------------------------------------------------
11         36.582546       6.717881        total sum                     
11         36.030232       6.717791        excluding marked processes    
11         29.000000       5.385165        Unweighted events, alpha=1.261467
  => Total parameter prop_binSR_em_bin11[0.00,-7.00,7.00] to be gaussian constrained
------------------------------------------------------------
12         35.102256       5.204424        total sum                     
12         34.488005       5.204283        excluding marked processes    
12         44.000000       6.633250        Unweighted events, alpha=0.797779
  => Total parameter prop_binSR_em_bin12[0.00,-7.00,7.00] to be gaussian constrained
------------------------------------------------------------
13         25.003542       4.188105        total sum                     
13         24.288713       4.187893        excluding marked processes    
13         34.000000       5.830952        Unweighted events, alpha=0.735398
  => Total parameter prop_binSR_em_bin13[0.00,-7.00,7.00] to be gaussian constrained
------------------------------------------------------------
14         33.462524       4.830466        total sum                     
14         32.781249       4.830298        excluding marked processes    
14         46.000000       6.782330        Unweighted events, alpha=0.727446
  => Total parameter prop_binSR_em_bin14[0.00,-7.00,7.00] to be gaussian constrained
------------------------------------------------------------
15         31.415861       5.332866        total sum                     
15         30.677617       5.332704        excluding marked processes    
15         33.000000       5.744563        Unweighted events, alpha=0.951996
  => Total parameter prop_binSR_em_bin15[0.00,-7.00,7.00] to be gaussian constrained
------------------------------------------------------------
16         38.937419       5.788227        total sum                     
16         38.189314       5.788059        excluding marked processes    
16         44.000000       6.633250        Unweighted events, alpha=0.884941
  => Total parameter prop_binSR_em_bin16[0.00,-7.00,7.00] to be gaussian constrained
------------------------------------------------------------
17         25.431827       3.963008        total sum                     
17         24.598233       3.962762        excluding marked processes    
17         39.000000       6.244998        Unweighted events, alpha=0.652098
  => Total parameter prop_binSR_em_bin17[0.00,-7.00,7.00] to be gaussian constrained
------------------------------------------------------------
18         22.492033       4.451418        total sum                     
18         21.646875       4.451188        excluding marked processes    
18         24.000000       4.898979        Unweighted events, alpha=0.937168
  => Total parameter prop_binSR_em_bin18[0.00,-7.00,7.00] to be gaussian constrained
------------------------------------------------------------
19         26.756741       4.402596        total sum                     
19         25.934737       4.402387        excluding marked processes    
19         35.000000       5.916080        Unweighted events, alpha=0.764478
  => Total parameter prop_binSR_em_bin19[0.00,-7.00,7.00] to be gaussian constrained
------------------------------------------------------------
20         23.927533       4.187919        total sum                     
20         23.006023       4.187667        excluding marked processes    
20         30.000000       5.477226        Unweighted events, alpha=0.797584
  => Total parameter prop_binSR_em_bin20[0.00,-7.00,7.00] to be gaussian constrained
------------------------------------------------------------
21         23.468368       4.165376        total sum                     
21         22.459816       4.165069        excluding marked processes    
21         29.000000       5.385165        Unweighted events, alpha=0.809254
  => Total parameter prop_binSR_em_bin21[0.00,-7.00,7.00] to be gaussian constrained
------------------------------------------------------------
22         24.327341       4.289633        total sum                     
22         23.269516       4.289321        excluding marked processes    
22         29.000000       5.385165        Unweighted events, alpha=0.838874
  => Total parameter prop_binSR_em_bin22[0.00,-7.00,7.00] to be gaussian constrained
------------------------------------------------------------
23         29.168811       4.523739        total sum                     
23         28.072952       4.523449        excluding marked processes    
23         39.000000       6.244998        Unweighted events, alpha=0.747918
  => Total parameter prop_binSR_em_bin23[0.00,-7.00,7.00] to be gaussian constrained
------------------------------------------------------------
24         19.880725       3.763036        total sum                     
24         18.733289       3.762684        excluding marked processes    
24         25.000000       5.000000        Unweighted events, alpha=0.795229
  => Total parameter prop_binSR_em_bin24[0.00,-7.00,7.00] to be gaussian constrained
------------------------------------------------------------
25         21.363853       4.652703        total sum                     
25         20.109728       4.652393        excluding marked processes    
25         19.000000       4.358899        Unweighted events, alpha=1.124413
  => Total parameter prop_binSR_em_bin25[0.00,-7.00,7.00] to be gaussian constrained
------------------------------------------------------------
26         19.226758       3.912465        total sum                     
26         17.890597       3.912072        excluding marked processes    
26         21.000000       4.582576        Unweighted events, alpha=0.915560
  => Total parameter prop_binSR_em_bin26[0.00,-7.00,7.00] to be gaussian constrained
------------------------------------------------------------
27         21.807968       3.853327        total sum                     
27         20.338633       3.852840        excluding marked processes    
27         28.000000       5.291503        Unweighted events, alpha=0.778856
  => Total parameter prop_binSR_em_bin27[0.00,-7.00,7.00] to be gaussian constrained
------------------------------------------------------------
28         27.278945       4.319459        total sum                     
28         25.787351       4.319057        excluding marked processes    
28         36.000000       6.000000        Unweighted events, alpha=0.757748
  => Total parameter prop_binSR_em_bin28[0.00,-7.00,7.00] to be gaussian constrained
------------------------------------------------------------
29         14.289156       3.270144        total sum                     
29         12.686536       3.269586        excluding marked processes    
29         15.000000       3.872983        Unweighted events, alpha=0.952610
  => Total parameter prop_binSR_em_bin29[0.00,-7.00,7.00] to be gaussian constrained
------------------------------------------------------------
30         23.011650       4.234993        total sum                     
30         21.257883       4.234524        excluding marked processes    
30         25.000000       5.000000        Unweighted events, alpha=0.920466
  => Total parameter prop_binSR_em_bin30[0.00,-7.00,7.00] to be gaussian constrained
------------------------------------------------------------
31         21.738845       3.636002        total sum                     
31         19.630013       3.635301        excluding marked processes    
31         29.000000       5.385165        Unweighted events, alpha=0.749615
  => Total parameter prop_binSR_em_bin31[0.00,-7.00,7.00] to be gaussian constrained
------------------------------------------------------------
32         24.345495       4.037213        total sum                     
32         22.076495       4.036545        excluding marked processes    
32         30.000000       5.477226        Unweighted events, alpha=0.811517
  => Total parameter prop_binSR_em_bin32[0.00,-7.00,7.00] to be gaussian constrained
------------------------------------------------------------
33         14.707752       2.938287        total sum                     
33         12.257031       2.937327        excluding marked processes    
33         17.000000       4.123106        Unweighted events, alpha=0.865162
  => Total parameter prop_binSR_em_bin33[0.00,-7.00,7.00] to be gaussian constrained
------------------------------------------------------------
34         16.022714       3.794249        total sum                     
34         13.119183       3.793372        excluding marked processes    
34         12.000000       3.464102        Unweighted events, alpha=1.335226
  => Total parameter prop_binSR_em_bin34[0.00,-7.00,7.00] to be gaussian constrained
------------------------------------------------------------
35         22.160911       4.016560        total sum                     
35         18.967344       4.015680        excluding marked processes    
35         22.000000       4.690416        Unweighted events, alpha=1.007314
  => Total parameter prop_binSR_em_bin35[0.00,-7.00,7.00] to be gaussian constrained
------------------------------------------------------------
36         20.322670       4.116916        total sum                     
36         16.311132       4.115891        excluding marked processes    
36         16.000000       4.000000        Unweighted events, alpha=1.270167
  => Total parameter prop_binSR_em_bin36[0.00,-7.00,7.00] to be gaussian constrained
------------------------------------------------------------
37         16.895072       2.970663        total sum                     
37         12.282565       2.969019        excluding marked processes    
37         17.000000       4.123106        Unweighted events, alpha=0.993828
  => Total parameter prop_binSR_em_bin37[0.00,-7.00,7.00] to be gaussian constrained
------------------------------------------------------------
38         18.671070       3.090145        total sum                     
38         12.882749       3.088247        excluding marked processes    
38         17.000000       4.123106        Unweighted events, alpha=1.098298
  => Total parameter prop_binSR_em_bin38[0.00,-7.00,7.00] to be gaussian constrained
------------------------------------------------------------
39         8.198686        0.921652        total sum                     
39         2.563555        0.916331        excluding marked processes    
39         8.000000        2.828427        Unweighted events, alpha=1.024836
  => Number of weighted events is below poisson threshold
    tzq                  0.034400        0.013544                                      
                         6.000000        2.449490        Unweighted events, alpha=0.005733
      => Product of prop_binSR_em_bin39_tzq[6.00,0.03,43.60] and const [0.1667] to be poisson constrained
  ----------------------------------------------------------
    VVV                  0.000000        0.000000                                      
      => Error is zero, ignore      
  ----------------------------------------------------------
    TAToTTQ_rtc04_MA500  563.513062      9.889926                                      
                         3247.000000     56.982453       Unweighted events, alpha=0.173549
      => Parameter prop_binSR_em_bin39_TAToTTQ_rtc04_MA500[0.00,-7.00,7.00] to be gaussian constrained
  ----------------------------------------------------------
    DY                   0.000000        0.000000                                      
      => Error is zero, ignore      
  ----------------------------------------------------------
    tt_V_H               0.882452        0.064324                                      
                         188.000000      13.711309       Unweighted events, alpha=0.004694
      => Parameter prop_binSR_em_bin39_tt_V_H[0.00,-7.00,7.00] to be gaussian constrained
  ----------------------------------------------------------
    ttV                  0.019488        0.024550                                      
      => Poisson not viable, prop_binSR_em_bin39_ttV[0.00,-7.00,7.00] to be gaussian constrained
  ----------------------------------------------------------
    tttX                 0.212481        0.008024                                      
                         701.000000      26.476405       Unweighted events, alpha=0.000303
      => Parameter prop_binSR_em_bin39_tttX[0.00,-7.00,7.00] to be gaussian constrained
  ----------------------------------------------------------
    TTTo2L               0.285712        0.148210                                      
                         4.000000        2.000000        Unweighted events, alpha=0.071428
      => Product of prop_binSR_em_bin39_TTTo2L[4.00,0.00,38.96] and const [0.2500] to be poisson constrained
  ----------------------------------------------------------
    ttWtoLNu             0.904775        0.083988                                      
                         116.000000      10.770330       Unweighted events, alpha=0.007800
      => Parameter prop_binSR_em_bin39_ttWtoLNu[0.00,-7.00,7.00] to be gaussian constrained
  ----------------------------------------------------------
    ttVV                 0.049740        0.006737                                      
                         55.000000       7.416198        Unweighted events, alpha=0.000904
      => Parameter prop_binSR_em_bin39_ttVV[0.00,-7.00,7.00] to be gaussian constrained
  ----------------------------------------------------------
    TTTo1L               0.174506        0.897557                                      
      => Poisson not viable, prop_binSR_em_bin39_TTTo1L[0.00,-7.00,7.00] to be gaussian constrained
  ----------------------------------------------------------
    t_tbar_W             0.000000        0.000000                                      
      => Error is zero, ignore      
  ----------------------------------------------------------
------------------------------------------------------------
SimNLL created with 1 channels, 2 generic constraints, 71 fast gaussian constraints, 0 fast poisson constraints, 0 fast group constraints, 
SimNLL created with 1 channels, 2 generic constraints, 71 fast gaussian constraints, 0 fast poisson constraints, 0 fast group constraints, 
SimNLL created with 1 channels, 2 generic constraints, 71 fast gaussian constraints, 0 fast poisson constraints, 0 fast group constraints, 

 -- AsymptoticLimits ( CLs ) --
Observed Limit: r < 0.6293
Expected  2.5%: r < 0.3194
Expected 16.0%: r < 0.4379
Expected 50.0%: r < 0.6289
Expected 84.0%: r < 0.9197
Expected 97.5%: r < 1.2881

Done in 0.04 min (cpu), 0.04 min (real)
