 <<< Combine >>> 
>>> random number generator seed is 123456
>>> method used is AsymptoticLimits
Channel SR_em will use autoMCStats with settings: event-threshold=10, include-signal=0, hist-mode=1
============================================================
Analysing bin errors for: prop_binSR_em
Poisson cut-off: 10
Processes excluded for sums: TAToTTQ_rtc04_MA700
============================================================
Bin        Contents        Error           Notes                         
0          298.110734      17.673029       total sum                     
0          297.928727      17.673016       excluding marked processes    
0          284.000000      16.852300       Unweighted events, alpha=1.049686
  => Total parameter prop_binSR_em_bin0[0.00,-7.00,7.00] to be gaussian constrained
------------------------------------------------------------
1          221.462049      13.910508       total sum                     
1          221.072185      13.910474       excluding marked processes    
1          253.000000      15.905974       Unweighted events, alpha=0.875344
  => Total parameter prop_binSR_em_bin1[0.00,-7.00,7.00] to be gaussian constrained
------------------------------------------------------------
2          113.842840      11.028438       total sum                     
2          113.486754      11.028400       excluding marked processes    
2          106.000000      10.295630       Unweighted events, alpha=1.073989
  => Total parameter prop_binSR_em_bin2[0.00,-7.00,7.00] to be gaussian constrained
------------------------------------------------------------
3          77.244273       9.247849        total sum                     
3          76.865685       9.247800        excluding marked processes    
3          69.000000       8.306624        Unweighted events, alpha=1.119482
  => Total parameter prop_binSR_em_bin3[0.00,-7.00,7.00] to be gaussian constrained
------------------------------------------------------------
4          68.519176       7.472381        total sum                     
4          68.174382       7.472334        excluding marked processes    
4          83.000000       9.110434        Unweighted events, alpha=0.825532
  => Total parameter prop_binSR_em_bin4[0.00,-7.00,7.00] to be gaussian constrained
------------------------------------------------------------
5          49.493480       6.717406        total sum                     
5          49.158142       6.717351        excluding marked processes    
5          54.000000       7.348469        Unweighted events, alpha=0.916546
  => Total parameter prop_binSR_em_bin5[0.00,-7.00,7.00] to be gaussian constrained
------------------------------------------------------------
6          45.399004       6.453129        total sum                     
6          45.050177       6.453073        excluding marked processes    
6          49.000000       7.000000        Unweighted events, alpha=0.926510
  => Total parameter prop_binSR_em_bin6[0.00,-7.00,7.00] to be gaussian constrained
------------------------------------------------------------
7          45.686316       6.273631        total sum                     
7          45.334976       6.273566        excluding marked processes    
7          52.000000       7.211103        Unweighted events, alpha=0.878583
  => Total parameter prop_binSR_em_bin7[0.00,-7.00,7.00] to be gaussian constrained
------------------------------------------------------------
8          33.624957       5.464245        total sum                     
8          33.278727       5.464174        excluding marked processes    
8          37.000000       6.082763        Unweighted events, alpha=0.908783
  => Total parameter prop_binSR_em_bin8[0.00,-7.00,7.00] to be gaussian constrained
------------------------------------------------------------
9          29.917868       4.766476        total sum                     
9          29.543719       4.766392        excluding marked processes    
9          38.000000       6.164414        Unweighted events, alpha=0.787312
  => Total parameter prop_binSR_em_bin9[0.00,-7.00,7.00] to be gaussian constrained
------------------------------------------------------------
10         28.739060       4.815784        total sum                     
10         28.333551       4.815692        excluding marked processes    
10         35.000000       5.916080        Unweighted events, alpha=0.821116
  => Total parameter prop_binSR_em_bin10[0.00,-7.00,7.00] to be gaussian constrained
------------------------------------------------------------
11         14.856794       3.444624        total sum                     
11         14.411300       3.444479        excluding marked processes    
11         18.000000       4.242641        Unweighted events, alpha=0.825377
  => Total parameter prop_binSR_em_bin11[0.00,-7.00,7.00] to be gaussian constrained
------------------------------------------------------------
12         21.017963       3.983675        total sum                     
12         20.639598       3.983571        excluding marked processes    
12         27.000000       5.196152        Unweighted events, alpha=0.778443
  => Total parameter prop_binSR_em_bin12[0.00,-7.00,7.00] to be gaussian constrained
------------------------------------------------------------
13         24.070603       3.973962        total sum                     
13         23.685715       3.973850        excluding marked processes    
13         36.000000       6.000000        Unweighted events, alpha=0.668628
  => Total parameter prop_binSR_em_bin13[0.00,-7.00,7.00] to be gaussian constrained
------------------------------------------------------------
14         23.181187       4.713514        total sum                     
14         22.805753       4.713430        excluding marked processes    
14         23.000000       4.795832        Unweighted events, alpha=1.007878
  => Total parameter prop_binSR_em_bin14[0.00,-7.00,7.00] to be gaussian constrained
------------------------------------------------------------
15         24.545180       4.528010        total sum                     
15         24.050236       4.527879        excluding marked processes    
15         28.000000       5.291503        Unweighted events, alpha=0.876614
  => Total parameter prop_binSR_em_bin15[0.00,-7.00,7.00] to be gaussian constrained
------------------------------------------------------------
16         14.846704       2.838345        total sum                     
16         14.402899       2.838179        excluding marked processes    
16         26.000000       5.099020        Unweighted events, alpha=0.571027
  => Total parameter prop_binSR_em_bin16[0.00,-7.00,7.00] to be gaussian constrained
------------------------------------------------------------
17         17.281002       3.479540        total sum                     
17         16.757382       3.479381        excluding marked processes    
17         23.000000       4.795832        Unweighted events, alpha=0.751348
  => Total parameter prop_binSR_em_bin17[0.00,-7.00,7.00] to be gaussian constrained
------------------------------------------------------------
18         19.187688       4.219096        total sum                     
18         18.640356       4.218948        excluding marked processes    
18         20.000000       4.472136        Unweighted events, alpha=0.959384
  => Total parameter prop_binSR_em_bin18[0.00,-7.00,7.00] to be gaussian constrained
------------------------------------------------------------
19         15.298139       3.164355        total sum                     
19         14.634352       3.164085        excluding marked processes    
19         21.000000       4.582576        Unweighted events, alpha=0.728483
  => Total parameter prop_binSR_em_bin19[0.00,-7.00,7.00] to be gaussian constrained
------------------------------------------------------------
20         24.682329       4.458664        total sum                     
20         24.086730       4.458508        excluding marked processes    
20         29.000000       5.385165        Unweighted events, alpha=0.851115
  => Total parameter prop_binSR_em_bin20[0.00,-7.00,7.00] to be gaussian constrained
------------------------------------------------------------
21         20.818116       4.230904        total sum                     
21         20.144020       4.230725        excluding marked processes    
21         23.000000       4.795832        Unweighted events, alpha=0.905135
  => Total parameter prop_binSR_em_bin21[0.00,-7.00,7.00] to be gaussian constrained
------------------------------------------------------------
22         13.978816       3.463353        total sum                     
22         13.279807       3.463140        excluding marked processes    
22         15.000000       3.872983        Unweighted events, alpha=0.931921
  => Total parameter prop_binSR_em_bin22[0.00,-7.00,7.00] to be gaussian constrained
------------------------------------------------------------
23         14.139609       3.241147        total sum                     
23         13.402536       3.240904        excluding marked processes    
23         17.000000       4.123106        Unweighted events, alpha=0.831742
  => Total parameter prop_binSR_em_bin23[0.00,-7.00,7.00] to be gaussian constrained
------------------------------------------------------------
24         17.221967       3.317098        total sum                     
24         16.327156       3.316772        excluding marked processes    
24         24.000000       4.898979        Unweighted events, alpha=0.717582
  => Total parameter prop_binSR_em_bin24[0.00,-7.00,7.00] to be gaussian constrained
------------------------------------------------------------
25         16.727936       3.439460        total sum                     
25         15.781386       3.439135        excluding marked processes    
25         21.000000       4.582576        Unweighted events, alpha=0.796568
  => Total parameter prop_binSR_em_bin25[0.00,-7.00,7.00] to be gaussian constrained
------------------------------------------------------------
26         17.862216       3.490064        total sum                     
26         16.835394       3.489695        excluding marked processes    
26         23.000000       4.795832        Unweighted events, alpha=0.776618
  => Total parameter prop_binSR_em_bin26[0.00,-7.00,7.00] to be gaussian constrained
------------------------------------------------------------
27         11.196625       5.620943        total sum                     
27         10.038957       5.620701        excluding marked processes    
27         3.000000        1.732051        Unweighted events, alpha=3.732208
  => Number of weighted events is below poisson threshold
    tzq                  0.086631        0.024447                                      
                         13.000000       3.605551        Unweighted events, alpha=0.006664
      => Parameter prop_binSR_em_bin27_tzq[0.00,-7.00,7.00] to be gaussian constrained
  ----------------------------------------------------------
    tttX                 0.132757        0.007583                                      
                         306.000000      17.492856       Unweighted events, alpha=0.000434
      => Parameter prop_binSR_em_bin27_tttX[0.00,-7.00,7.00] to be gaussian constrained
  ----------------------------------------------------------
    VVV                  0.365542        0.183341                                      
                         4.000000        2.000000        Unweighted events, alpha=0.091386
      => Product of prop_binSR_em_bin27_VVV[4.00,0.00,38.96] and const [0.2500] to be poisson constrained
  ----------------------------------------------------------
    t_tbar_W             0.288302        0.217879                                      
                         2.000000        1.414214        Unweighted events, alpha=0.144151
      => Product of prop_binSR_em_bin27_t_tbar_W[2.00,0.00,33.79] and const [0.5000] to be poisson constrained
  ----------------------------------------------------------
    DY                   0.000000        0.000000                                      
      => Error is zero, ignore      
  ----------------------------------------------------------
    tt_V_H               2.011008        0.102135                                      
                         388.000000      19.697716       Unweighted events, alpha=0.005183
      => Parameter prop_binSR_em_bin27_tt_V_H[0.00,-7.00,7.00] to be gaussian constrained
  ----------------------------------------------------------
    ttV                  0.138559        0.053796                                      
                         7.000000        2.645751        Unweighted events, alpha=0.019794
      => Product of prop_binSR_em_bin27_ttV[7.00,0.07,45.79] and const [0.1429] to be poisson constrained
  ----------------------------------------------------------
    ttVV                 0.123108        0.010464                                      
                         138.000000      11.747340       Unweighted events, alpha=0.000892
      => Parameter prop_binSR_em_bin27_ttVV[0.00,-7.00,7.00] to be gaussian constrained
  ----------------------------------------------------------
    TTTo2L               0.680362        0.215726                                      
                         10.000000       3.162278        Unweighted events, alpha=0.068036
      => Product of prop_binSR_em_bin27_TTTo2L[10.00,0.30,52.00] and const [0.1000] to be poisson constrained
  ----------------------------------------------------------
    ttWtoLNu             2.471766        0.151757                                      
                         265.000000      16.278821       Unweighted events, alpha=0.009327
      => Parameter prop_binSR_em_bin27_ttWtoLNu[0.00,-7.00,7.00] to be gaussian constrained
  ----------------------------------------------------------
    TAToTTQ_rtc04_MA700  115.766769      5.214788                                      
                         493.000000      22.203603       Unweighted events, alpha=0.234821
      => Parameter prop_binSR_em_bin27_TAToTTQ_rtc04_MA700[0.00,-7.00,7.00] to be gaussian constrained
  ----------------------------------------------------------
    TTTo1L               3.740921        5.606026                                      
      => Poisson not viable, prop_binSR_em_bin27_TTTo1L[0.00,-7.00,7.00] to be gaussian constrained
  ----------------------------------------------------------
------------------------------------------------------------
28         18.270892       3.208589        total sum                     
28         16.987384       3.208154        excluding marked processes    
28         28.000000       5.291503        Unweighted events, alpha=0.652532
  => Total parameter prop_binSR_em_bin28[0.00,-7.00,7.00] to be gaussian constrained
------------------------------------------------------------
29         14.926835       3.327089        total sum                     
29         13.585608       3.326662        excluding marked processes    
29         17.000000       4.123106        Unweighted events, alpha=0.878049
  => Total parameter prop_binSR_em_bin29[0.00,-7.00,7.00] to be gaussian constrained
------------------------------------------------------------
30         20.455961       3.887141        total sum                     
30         18.809951       3.886656        excluding marked processes    
30         23.000000       4.795832        Unweighted events, alpha=0.889390
  => Total parameter prop_binSR_em_bin30[0.00,-7.00,7.00] to be gaussian constrained
------------------------------------------------------------
31         13.435625       3.741604        total sum                     
31         11.721902       3.741066        excluding marked processes    
31         10.000000       3.162278        Unweighted events, alpha=1.343563
  => Number of weighted events is below poisson threshold
    tzq                  0.046960        0.036582                                      
                         2.000000        1.414214        Unweighted events, alpha=0.023480
      => Product of prop_binSR_em_bin31_tzq[2.00,0.00,33.79] and const [0.5000] to be poisson constrained
  ----------------------------------------------------------
    tttX                 0.198489        0.009249                                      
                         461.000000      21.470911       Unweighted events, alpha=0.000431
      => Parameter prop_binSR_em_bin31_tttX[0.00,-7.00,7.00] to be gaussian constrained
  ----------------------------------------------------------
    VVV                  0.154170        0.140790                                      
                         1.000000        1.000000        Unweighted events, alpha=0.154170
      => Product of prop_binSR_em_bin31_VVV[1.00,0.00,30.85] and const [1.0000] to be poisson constrained
  ----------------------------------------------------------
    t_tbar_W             0.169504        0.169504                                      
                         1.000000        1.000000        Unweighted events, alpha=0.169504
      => Product of prop_binSR_em_bin31_t_tbar_W[1.00,0.00,30.85] and const [1.0000] to be poisson constrained
  ----------------------------------------------------------
    DY                   0.000000        0.000000                                      
      => Error is zero, ignore      
  ----------------------------------------------------------
    tt_V_H               2.547005        0.114099                                      
                         498.000000      22.315914       Unweighted events, alpha=0.005114
      => Parameter prop_binSR_em_bin31_tt_V_H[0.00,-7.00,7.00] to be gaussian constrained
  ----------------------------------------------------------
    ttV                  0.060003        0.030013                                      
                         4.000000        2.000000        Unweighted events, alpha=0.015001
      => Product of prop_binSR_em_bin31_ttV[4.00,0.00,38.96] and const [0.2500] to be poisson constrained
  ----------------------------------------------------------
    ttVV                 0.151438        0.012466                                      
                         148.000000      12.165525       Unweighted events, alpha=0.001023
      => Parameter prop_binSR_em_bin31_ttVV[0.00,-7.00,7.00] to be gaussian constrained
  ----------------------------------------------------------
    TTTo2L               0.953587        0.267864                                      
                         13.000000       3.605551        Unweighted events, alpha=0.073353
      => Parameter prop_binSR_em_bin31_TTTo2L[0.00,-7.00,7.00] to be gaussian constrained
  ----------------------------------------------------------
    ttWtoLNu             3.233953        0.165727                                      
                         381.000000      19.519221       Unweighted events, alpha=0.008488
      => Parameter prop_binSR_em_bin31_ttWtoLNu[0.00,-7.00,7.00] to be gaussian constrained
  ----------------------------------------------------------
    TAToTTQ_rtc04_MA700  171.372269      6.344945                                      
                         730.000000      27.018512       Unweighted events, alpha=0.234757
      => Parameter prop_binSR_em_bin31_TAToTTQ_rtc04_MA700[0.00,-7.00,7.00] to be gaussian constrained
  ----------------------------------------------------------
    TTTo1L               4.206794        3.719181                                      
                         1.000000        1.000000        Unweighted events, alpha=4.206794
      => Product of prop_binSR_em_bin31_TTTo1L[1.00,0.00,30.85] and const [1.0000] to be poisson constrained
  ----------------------------------------------------------
------------------------------------------------------------
32         20.155449       3.585482        total sum                     
32         18.102402       3.584852        excluding marked processes    
32         25.000000       5.000000        Unweighted events, alpha=0.806218
  => Total parameter prop_binSR_em_bin32[0.00,-7.00,7.00] to be gaussian constrained
------------------------------------------------------------
33         19.365162       3.603159        total sum                     
33         16.965485       3.602397        excluding marked processes    
33         22.000000       4.690416        Unweighted events, alpha=0.880235
  => Total parameter prop_binSR_em_bin33[0.00,-7.00,7.00] to be gaussian constrained
------------------------------------------------------------
34         18.292947       3.318881        total sum                     
34         15.442615       3.317901        excluding marked processes    
34         22.000000       4.690416        Unweighted events, alpha=0.831498
  => Total parameter prop_binSR_em_bin34[0.00,-7.00,7.00] to be gaussian constrained
------------------------------------------------------------
35         17.079559       2.685361        total sum                     
35         13.364325       2.683770        excluding marked processes    
35         25.000000       5.000000        Unweighted events, alpha=0.683182
  => Total parameter prop_binSR_em_bin35[0.00,-7.00,7.00] to be gaussian constrained
------------------------------------------------------------
36         26.787591       4.277440        total sum                     
36         21.998244       4.276173        excluding marked processes    
36         26.000000       5.099020        Unweighted events, alpha=1.030292
  => Total parameter prop_binSR_em_bin36[0.00,-7.00,7.00] to be gaussian constrained
------------------------------------------------------------
37         19.078076       2.476246        total sum                     
37         12.542622       2.473141        excluding marked processes    
37         26.000000       5.099020        Unweighted events, alpha=0.733772
  => Total parameter prop_binSR_em_bin37[0.00,-7.00,7.00] to be gaussian constrained
------------------------------------------------------------
38         25.597302       3.289648        total sum                     
38         16.733746       3.286773        excluding marked processes    
38         26.000000       5.099020        Unweighted events, alpha=0.984512
  => Total parameter prop_binSR_em_bin38[0.00,-7.00,7.00] to be gaussian constrained
------------------------------------------------------------
39         19.230871       1.919350        total sum                     
39         7.147944        1.913256        excluding marked processes    
39         14.000000       3.741657        Unweighted events, alpha=1.373634
  => Total parameter prop_binSR_em_bin39[0.00,-7.00,7.00] to be gaussian constrained
------------------------------------------------------------
SimNLL created with 1 channels, 9 generic constraints, 76 fast gaussian constraints, 0 fast poisson constraints, 0 fast group constraints, 
SimNLL created with 1 channels, 9 generic constraints, 76 fast gaussian constraints, 0 fast poisson constraints, 0 fast group constraints, 
SimNLL created with 1 channels, 9 generic constraints, 76 fast gaussian constraints, 0 fast poisson constraints, 0 fast group constraints, 

 -- AsymptoticLimits ( CLs ) --
Observed Limit: r < 0.4787
Expected  2.5%: r < 0.2505
Expected 16.0%: r < 0.3378
Expected 50.0%: r < 0.4785
Expected 84.0%: r < 0.6883
Expected 97.5%: r < 0.9489

Done in 0.05 min (cpu), 0.05 min (real)
