 <<< Combine >>> 
>>> random number generator seed is 123456
>>> method used is AsymptoticLimits
Channel SR_em will use autoMCStats with settings: event-threshold=10, include-signal=0, hist-mode=1
============================================================
Analysing bin errors for: prop_binSR_em
Poisson cut-off: 10
Processes excluded for sums: TAToTTQ_rtc04_MA200
============================================================
Bin        Contents        Error           Notes                         
0          46.434810       6.311711        total sum                     
0          46.415127       6.311707        excluding marked processes    
0          54.000000       7.348469        Unweighted events, alpha=0.859904
  => Total parameter prop_binSR_em_bin0[0.00,-7.00,7.00] to be gaussian constrained
------------------------------------------------------------
1          81.380772       8.337364        total sum                     
1          81.286582       8.337350        excluding marked processes    
1          95.000000       9.746794        Unweighted events, alpha=0.856640
  => Total parameter prop_binSR_em_bin1[0.00,-7.00,7.00] to be gaussian constrained
------------------------------------------------------------
2          93.281145       10.881224       total sum                     
2          93.103461       10.881204       excluding marked processes    
2          73.000000       8.544004        Unweighted events, alpha=1.277824
  => Total parameter prop_binSR_em_bin2[0.00,-7.00,7.00] to be gaussian constrained
------------------------------------------------------------
3          87.821911       8.370150        total sum                     
3          87.628030       8.370125        excluding marked processes    
3          110.000000      10.488088       Unweighted events, alpha=0.798381
  => Total parameter prop_binSR_em_bin3[0.00,-7.00,7.00] to be gaussian constrained
------------------------------------------------------------
4          95.230897       9.530588        total sum                     
4          94.970503       9.530560        excluding marked processes    
4          99.000000       9.949874        Unweighted events, alpha=0.961928
  => Total parameter prop_binSR_em_bin4[0.00,-7.00,7.00] to be gaussian constrained
------------------------------------------------------------
5          94.333426       8.996324        total sum                     
5          93.994336       8.996281        excluding marked processes    
5          109.000000      10.440307       Unweighted events, alpha=0.865444
  => Total parameter prop_binSR_em_bin5[0.00,-7.00,7.00] to be gaussian constrained
------------------------------------------------------------
6          61.935479       7.524719        total sum                     
6          61.530840       7.524660        excluding marked processes    
6          67.000000       8.185353        Unweighted events, alpha=0.924410
  => Total parameter prop_binSR_em_bin6[0.00,-7.00,7.00] to be gaussian constrained
------------------------------------------------------------
7          75.459611       8.355740        total sum                     
7          75.047485       8.355689        excluding marked processes    
7          81.000000       9.000000        Unweighted events, alpha=0.931600
  => Total parameter prop_binSR_em_bin7[0.00,-7.00,7.00] to be gaussian constrained
------------------------------------------------------------
8          65.585439       7.398908        total sum                     
8          65.183944       7.398845        excluding marked processes    
8          78.000000       8.831761        Unweighted events, alpha=0.840839
  => Total parameter prop_binSR_em_bin8[0.00,-7.00,7.00] to be gaussian constrained
------------------------------------------------------------
9          42.676783       5.667269        total sum                     
9          42.217247       5.667181        excluding marked processes    
9          55.000000       7.416198        Unweighted events, alpha=0.775942
  => Total parameter prop_binSR_em_bin9[0.00,-7.00,7.00] to be gaussian constrained
------------------------------------------------------------
10         55.053027       7.977738        total sum                     
10         54.560993       7.977676        excluding marked processes    
10         47.000000       6.855655        Unweighted events, alpha=1.171341
  => Total parameter prop_binSR_em_bin10[0.00,-7.00,7.00] to be gaussian constrained
------------------------------------------------------------
11         42.469913       5.596207        total sum                     
11         42.050649       5.596137        excluding marked processes    
11         56.000000       7.483315        Unweighted events, alpha=0.758391
  => Total parameter prop_binSR_em_bin11[0.00,-7.00,7.00] to be gaussian constrained
------------------------------------------------------------
12         38.368304       5.950786        total sum                     
12         37.835222       5.950696        excluding marked processes    
12         40.000000       6.324555        Unweighted events, alpha=0.959208
  => Total parameter prop_binSR_em_bin12[0.00,-7.00,7.00] to be gaussian constrained
------------------------------------------------------------
13         42.586651       5.760299        total sum                     
13         41.988052       5.760195        excluding marked processes    
13         53.000000       7.280110        Unweighted events, alpha=0.803522
  => Total parameter prop_binSR_em_bin13[0.00,-7.00,7.00] to be gaussian constrained
------------------------------------------------------------
14         36.022386       5.003311        total sum                     
14         35.430434       5.003191        excluding marked processes    
14         50.000000       7.071068        Unweighted events, alpha=0.720448
  => Total parameter prop_binSR_em_bin14[0.00,-7.00,7.00] to be gaussian constrained
------------------------------------------------------------
15         40.810784       6.084952        total sum                     
15         40.201192       6.084851        excluding marked processes    
15         44.000000       6.633250        Unweighted events, alpha=0.927518
  => Total parameter prop_binSR_em_bin15[0.00,-7.00,7.00] to be gaussian constrained
------------------------------------------------------------
16         33.702938       5.591338        total sum                     
16         33.037016       5.591219        excluding marked processes    
16         35.000000       5.916080        Unweighted events, alpha=0.962941
  => Total parameter prop_binSR_em_bin16[0.00,-7.00,7.00] to be gaussian constrained
------------------------------------------------------------
17         31.935419       5.776789        total sum                     
17         31.278867       5.776679        excluding marked processes    
17         29.000000       5.385165        Unweighted events, alpha=1.101221
  => Total parameter prop_binSR_em_bin17[0.00,-7.00,7.00] to be gaussian constrained
------------------------------------------------------------
18         28.353244       4.530775        total sum                     
18         27.633449       4.530622        excluding marked processes    
18         37.000000       6.082763        Unweighted events, alpha=0.766304
  => Total parameter prop_binSR_em_bin18[0.00,-7.00,7.00] to be gaussian constrained
------------------------------------------------------------
19         25.541057       5.430755        total sum                     
19         24.824889       5.430626        excluding marked processes    
19         21.000000       4.582576        Unweighted events, alpha=1.216241
  => Total parameter prop_binSR_em_bin19[0.00,-7.00,7.00] to be gaussian constrained
------------------------------------------------------------
20         31.406046       4.989878        total sum                     
20         30.624583       4.989730        excluding marked processes    
20         38.000000       6.164414        Unweighted events, alpha=0.826475
  => Total parameter prop_binSR_em_bin20[0.00,-7.00,7.00] to be gaussian constrained
------------------------------------------------------------
21         34.980498       5.293586        total sum                     
21         34.209087       5.293453        excluding marked processes    
21         42.000000       6.480741        Unweighted events, alpha=0.832869
  => Total parameter prop_binSR_em_bin21[0.00,-7.00,7.00] to be gaussian constrained
------------------------------------------------------------
22         22.724102       4.228657        total sum                     
22         21.874850       4.228472        excluding marked processes    
22         27.000000       5.196152        Unweighted events, alpha=0.841633
  => Total parameter prop_binSR_em_bin22[0.00,-7.00,7.00] to be gaussian constrained
------------------------------------------------------------
23         26.835344       5.927943        total sum                     
23         25.902470       5.927802        excluding marked processes    
23         19.000000       4.358899        Unweighted events, alpha=1.412387
  => Total parameter prop_binSR_em_bin23[0.00,-7.00,7.00] to be gaussian constrained
------------------------------------------------------------
24         27.993716       4.574141        total sum                     
24         26.993610       4.573949        excluding marked processes    
24         35.000000       5.916080        Unweighted events, alpha=0.799820
  => Total parameter prop_binSR_em_bin24[0.00,-7.00,7.00] to be gaussian constrained
------------------------------------------------------------
25         16.035865       4.296939        total sum                     
25         15.024717       4.296728        excluding marked processes    
25         12.000000       3.464102        Unweighted events, alpha=1.336322
  => Total parameter prop_binSR_em_bin25[0.00,-7.00,7.00] to be gaussian constrained
------------------------------------------------------------
26         25.502245       4.746332        total sum                     
26         24.433823       4.746131        excluding marked processes    
26         27.000000       5.196152        Unweighted events, alpha=0.944528
  => Total parameter prop_binSR_em_bin26[0.00,-7.00,7.00] to be gaussian constrained
------------------------------------------------------------
27         29.614123       5.154186        total sum                     
27         28.519951       5.154003        excluding marked processes    
27         31.000000       5.567764        Unweighted events, alpha=0.955294
  => Total parameter prop_binSR_em_bin27[0.00,-7.00,7.00] to be gaussian constrained
------------------------------------------------------------
28         18.657234       3.817737        total sum                     
28         17.500048       3.817478        excluding marked processes    
28         21.000000       4.582576        Unweighted events, alpha=0.888440
  => Total parameter prop_binSR_em_bin28[0.00,-7.00,7.00] to be gaussian constrained
------------------------------------------------------------
29         17.197766       3.463222        total sum                     
29         15.922456       3.462916        excluding marked processes    
29         21.000000       4.582576        Unweighted events, alpha=0.818941
  => Total parameter prop_binSR_em_bin29[0.00,-7.00,7.00] to be gaussian constrained
------------------------------------------------------------
30         12.570561       3.291121        total sum                     
30         11.258840       3.290787        excluding marked processes    
30         12.000000       3.464102        Unweighted events, alpha=1.047547
  => Total parameter prop_binSR_em_bin30[0.00,-7.00,7.00] to be gaussian constrained
------------------------------------------------------------
31         23.706648       4.606851        total sum                     
31         22.181237       4.606577        excluding marked processes    
31         23.000000       4.795832        Unweighted events, alpha=1.030724
  => Total parameter prop_binSR_em_bin31[0.00,-7.00,7.00] to be gaussian constrained
------------------------------------------------------------
32         17.935566       3.832692        total sum                     
32         16.288587       3.832330        excluding marked processes    
32         18.000000       4.242641        Unweighted events, alpha=0.996420
  => Total parameter prop_binSR_em_bin32[0.00,-7.00,7.00] to be gaussian constrained
------------------------------------------------------------
33         14.081739       3.483651        total sum                     
33         12.488651       3.483296        excluding marked processes    
33         13.000000       3.605551        Unweighted events, alpha=1.083211
  => Total parameter prop_binSR_em_bin33[0.00,-7.00,7.00] to be gaussian constrained
------------------------------------------------------------
34         18.651243       3.619163        total sum                     
34         16.784959       3.618739        excluding marked processes    
34         22.000000       4.690416        Unweighted events, alpha=0.847784
  => Total parameter prop_binSR_em_bin34[0.00,-7.00,7.00] to be gaussian constrained
------------------------------------------------------------
35         20.083122       4.000356        total sum                     
35         18.163846       3.999976        excluding marked processes    
35         21.000000       4.582576        Unweighted events, alpha=0.956339
  => Total parameter prop_binSR_em_bin35[0.00,-7.00,7.00] to be gaussian constrained
------------------------------------------------------------
36         14.083490       3.451485        total sum                     
36         11.998552       3.450994        excluding marked processes    
36         12.000000       3.464102        Unweighted events, alpha=1.173624
  => Total parameter prop_binSR_em_bin36[0.00,-7.00,7.00] to be gaussian constrained
------------------------------------------------------------
37         17.427888       3.759505        total sum                     
37         15.167357       3.759041        excluding marked processes    
37         16.000000       4.000000        Unweighted events, alpha=1.089243
  => Total parameter prop_binSR_em_bin37[0.00,-7.00,7.00] to be gaussian constrained
------------------------------------------------------------
38         11.017227       2.485303        total sum                     
38         8.300230        2.484488        excluding marked processes    
38         11.000000       3.316625        Unweighted events, alpha=1.001566
  => Total parameter prop_binSR_em_bin38[0.00,-7.00,7.00] to be gaussian constrained
------------------------------------------------------------
39         4.479596        0.941068        total sum                     
39         2.164132        0.939239        excluding marked processes    
39         5.000000        2.236068        Unweighted events, alpha=0.895919
  => Number of weighted events is below poisson threshold
    tzq                  0.018193        0.012183                                      
                         2.000000        1.414214        Unweighted events, alpha=0.009096
      => Product of prop_binSR_em_bin39_tzq[2.00,0.00,33.79] and const [0.5000] to be poisson constrained
  ----------------------------------------------------------
    VVV                  0.000000        0.000000                                      
      => Error is zero, ignore      
  ----------------------------------------------------------
    t_tbar_W             0.000000        0.000000                                      
      => Error is zero, ignore      
  ----------------------------------------------------------
    DY                   0.000000        0.000000                                      
      => Error is zero, ignore      
  ----------------------------------------------------------
    tt_V_H               0.650420        0.056534                                      
                         132.000000      11.489125       Unweighted events, alpha=0.004927
      => Parameter prop_binSR_em_bin39_tt_V_H[0.00,-7.00,7.00] to be gaussian constrained
  ----------------------------------------------------------
    ttV                  0.074608        0.039536                                      
                         4.000000        2.000000        Unweighted events, alpha=0.018652
      => Product of prop_binSR_em_bin39_ttV[4.00,0.00,38.96] and const [0.2500] to be poisson constrained
  ----------------------------------------------------------
    tttX                 0.072231        0.004357                                      
                         275.000000      16.583124       Unweighted events, alpha=0.000263
      => Parameter prop_binSR_em_bin39_tttX[0.00,-7.00,7.00] to be gaussian constrained
  ----------------------------------------------------------
    TTTo2L               0.450280        0.162414                                      
                         8.000000        2.828427        Unweighted events, alpha=0.056285
      => Product of prop_binSR_em_bin39_TTTo2L[8.00,0.12,47.91] and const [0.1250] to be poisson constrained
  ----------------------------------------------------------
    TAToTTQ_rtc04_MA200  231.546402      5.863661                                      
                         1559.000000     39.484174       Unweighted events, alpha=0.148522
      => Parameter prop_binSR_em_bin39_TAToTTQ_rtc04_MA200[0.00,-7.00,7.00] to be gaussian constrained
  ----------------------------------------------------------
    ttWtoLNu             0.720819        0.072458                                      
                         99.000000       9.949874        Unweighted events, alpha=0.007281
      => Parameter prop_binSR_em_bin39_ttWtoLNu[0.00,-7.00,7.00] to be gaussian constrained
  ----------------------------------------------------------
    ttVV                 0.021493        0.004165                                      
                         27.000000       5.196152        Unweighted events, alpha=0.000796
      => Parameter prop_binSR_em_bin39_ttVV[0.00,-7.00,7.00] to be gaussian constrained
  ----------------------------------------------------------
    TTTo1L               0.156088        0.919564                                      
      => Poisson not viable, prop_binSR_em_bin39_TTTo1L[0.00,-7.00,7.00] to be gaussian constrained
  ----------------------------------------------------------
------------------------------------------------------------
SimNLL created with 1 channels, 3 generic constraints, 70 fast gaussian constraints, 0 fast poisson constraints, 0 fast group constraints, 
SimNLL created with 1 channels, 3 generic constraints, 70 fast gaussian constraints, 0 fast poisson constraints, 0 fast group constraints, 
SimNLL created with 1 channels, 3 generic constraints, 70 fast gaussian constraints, 0 fast poisson constraints, 0 fast group constraints, 

 -- AsymptoticLimits ( CLs ) --
Observed Limit: r < 1.2665
Expected  2.5%: r < 0.6526
Expected 16.0%: r < 0.8873
Expected 50.0%: r < 1.2656
Expected 84.0%: r < 1.8256
Expected 97.5%: r < 2.5289

Done in 0.04 min (cpu), 0.04 min (real)
