 <<< Combine >>> 
>>> random number generator seed is 123456
>>> method used is AsymptoticLimits
Channel SR_mm will use autoMCStats with settings: event-threshold=10, include-signal=0, hist-mode=1
============================================================
Analysing bin errors for: prop_binSR_mm
Poisson cut-off: 10
Processes excluded for sums: TAToTTQ_rtc04_MA500
============================================================
Bin        Contents        Error           Notes                         
0          101.850888      9.763508        total sum                     
0          101.750284      9.763495        excluding marked processes    
0          109.000000      10.440307       Unweighted events, alpha=0.934412
  => Total parameter prop_binSR_mm_bin0[0.00,-7.00,7.00] to be gaussian constrained
------------------------------------------------------------
1          92.309986       7.605638        total sum                     
1          92.049452       7.605595        excluding marked processes    
1          146.000000      12.083046       Unweighted events, alpha=0.632260
  => Total parameter prop_binSR_mm_bin1[0.00,-7.00,7.00] to be gaussian constrained
------------------------------------------------------------
2          73.873913       7.392394        total sum                     
2          73.569321       7.392344        excluding marked processes    
2          99.000000       9.949874        Unweighted events, alpha=0.746201
  => Total parameter prop_binSR_mm_bin2[0.00,-7.00,7.00] to be gaussian constrained
------------------------------------------------------------
3          58.427890       6.379911        total sum                     
3          58.028022       6.379829        excluding marked processes    
3          83.000000       9.110434        Unweighted events, alpha=0.703950
  => Total parameter prop_binSR_mm_bin3[0.00,-7.00,7.00] to be gaussian constrained
------------------------------------------------------------
4          50.190531       5.684463        total sum                     
4          49.844683       5.684387        excluding marked processes    
4          77.000000       8.774964        Unweighted events, alpha=0.651825
  => Total parameter prop_binSR_mm_bin4[0.00,-7.00,7.00] to be gaussian constrained
------------------------------------------------------------
5          33.016669       4.586127        total sum                     
5          32.662343       4.586037        excluding marked processes    
5          51.000000       7.141428        Unweighted events, alpha=0.647386
  => Total parameter prop_binSR_mm_bin5[0.00,-7.00,7.00] to be gaussian constrained
------------------------------------------------------------
6          31.864013       4.309648        total sum                     
6          31.516940       4.309548        excluding marked processes    
6          53.000000       7.280110        Unweighted events, alpha=0.601208
  => Total parameter prop_binSR_mm_bin6[0.00,-7.00,7.00] to be gaussian constrained
------------------------------------------------------------
7          28.272483       4.560552        total sum                     
7          27.902333       4.560459        excluding marked processes    
7          37.000000       6.082763        Unweighted events, alpha=0.764121
  => Total parameter prop_binSR_mm_bin7[0.00,-7.00,7.00] to be gaussian constrained
------------------------------------------------------------
8          22.323442       3.115529        total sum                     
8          21.794277       3.115296        excluding marked processes    
8          49.000000       7.000000        Unweighted events, alpha=0.455580
  => Total parameter prop_binSR_mm_bin8[0.00,-7.00,7.00] to be gaussian constrained
------------------------------------------------------------
9          29.982417       4.470528        total sum                     
9          29.504487       4.470387        excluding marked processes    
9          44.000000       6.633250        Unweighted events, alpha=0.681419
  => Total parameter prop_binSR_mm_bin9[0.00,-7.00,7.00] to be gaussian constrained
------------------------------------------------------------
10         24.718113       3.938371        total sum                     
10         24.225055       3.938208        excluding marked processes    
10         38.000000       6.164414        Unweighted events, alpha=0.650477
  => Total parameter prop_binSR_mm_bin10[0.00,-7.00,7.00] to be gaussian constrained
------------------------------------------------------------
11         21.915570       3.421514        total sum                     
11         21.420103       3.421332        excluding marked processes    
11         39.000000       6.244998        Unweighted events, alpha=0.561938
  => Total parameter prop_binSR_mm_bin11[0.00,-7.00,7.00] to be gaussian constrained
------------------------------------------------------------
12         14.690898       2.800379        total sum                     
12         14.147944       2.800144        excluding marked processes    
12         26.000000       5.099020        Unweighted events, alpha=0.565035
  => Total parameter prop_binSR_mm_bin12[0.00,-7.00,7.00] to be gaussian constrained
------------------------------------------------------------
13         26.690027       4.369622        total sum                     
13         26.112812       4.369464        excluding marked processes    
13         36.000000       6.000000        Unweighted events, alpha=0.741390
  => Total parameter prop_binSR_mm_bin13[0.00,-7.00,7.00] to be gaussian constrained
------------------------------------------------------------
14         22.956561       4.148344        total sum                     
14         22.376161       4.148164        excluding marked processes    
14         29.000000       5.385165        Unweighted events, alpha=0.791606
  => Total parameter prop_binSR_mm_bin14[0.00,-7.00,7.00] to be gaussian constrained
------------------------------------------------------------
15         23.849542       3.988301        total sum                     
15         23.197903       3.988107        excluding marked processes    
15         34.000000       5.830952        Unweighted events, alpha=0.701457
  => Total parameter prop_binSR_mm_bin15[0.00,-7.00,7.00] to be gaussian constrained
------------------------------------------------------------
16         26.803690       4.281074        total sum                     
16         26.163476       4.280812        excluding marked processes    
16         37.000000       6.082763        Unweighted events, alpha=0.724424
  => Total parameter prop_binSR_mm_bin16[0.00,-7.00,7.00] to be gaussian constrained
------------------------------------------------------------
17         22.770821       3.614413        total sum                     
17         22.100207       3.614166        excluding marked processes    
17         37.000000       6.082763        Unweighted events, alpha=0.615428
  => Total parameter prop_binSR_mm_bin17[0.00,-7.00,7.00] to be gaussian constrained
------------------------------------------------------------
18         14.582182       2.303960        total sum                     
18         13.957460       2.303639        excluding marked processes    
18         37.000000       6.082763        Unweighted events, alpha=0.394113
  => Total parameter prop_binSR_mm_bin18[0.00,-7.00,7.00] to be gaussian constrained
------------------------------------------------------------
19         16.283210       3.107293        total sum                     
19         15.526503       3.106989        excluding marked processes    
19         25.000000       5.000000        Unweighted events, alpha=0.651328
  => Total parameter prop_binSR_mm_bin19[0.00,-7.00,7.00] to be gaussian constrained
------------------------------------------------------------
20         15.452074       2.901031        total sum                     
20         14.653318       2.900705        excluding marked processes    
20         26.000000       5.099020        Unweighted events, alpha=0.594311
  => Total parameter prop_binSR_mm_bin20[0.00,-7.00,7.00] to be gaussian constrained
------------------------------------------------------------
21         9.304372        1.318466        total sum                     
21         8.517127        1.317610        excluding marked processes    
21         42.000000       6.480741        Unweighted events, alpha=0.221533
  => Total parameter prop_binSR_mm_bin21[0.00,-7.00,7.00] to be gaussian constrained
------------------------------------------------------------
22         14.335345       2.701444        total sum                     
22         13.493534       2.701054        excluding marked processes    
22         25.000000       5.000000        Unweighted events, alpha=0.573414
  => Total parameter prop_binSR_mm_bin22[0.00,-7.00,7.00] to be gaussian constrained
------------------------------------------------------------
23         13.656250       2.580549        total sum                     
23         12.760174       2.580140        excluding marked processes    
23         24.000000       4.898979        Unweighted events, alpha=0.569010
  => Total parameter prop_binSR_mm_bin23[0.00,-7.00,7.00] to be gaussian constrained
------------------------------------------------------------
24         14.271973       2.936786        total sum                     
24         13.338331       2.936400        excluding marked processes    
24         21.000000       4.582576        Unweighted events, alpha=0.679618
  => Total parameter prop_binSR_mm_bin24[0.00,-7.00,7.00] to be gaussian constrained
------------------------------------------------------------
25         7.910627        4.021673        total sum                     
25         6.896303        4.021367        excluding marked processes    
25         3.000000        1.732051        Unweighted events, alpha=2.636876
  => Number of weighted events is below poisson threshold
    tzq                  0.106408        0.027412                                      
                         15.000000       3.872983        Unweighted events, alpha=0.007094
      => Parameter prop_binSR_mm_bin25_tzq[0.00,-7.00,7.00] to be gaussian constrained
  ----------------------------------------------------------
    VVV                  0.000000        0.000000                                      
      => Error is zero, ignore      
  ----------------------------------------------------------
    TAToTTQ_rtc04_MA500  101.432404      4.959440                                      
                         418.000000      20.445048       Unweighted events, alpha=0.242661
      => Parameter prop_binSR_mm_bin25_TAToTTQ_rtc04_MA500[0.00,-7.00,7.00] to be gaussian constrained
  ----------------------------------------------------------
    DY                   0.000000        0.000000                                      
      => Error is zero, ignore      
  ----------------------------------------------------------
    tt_V_H               2.115968        0.103230                                      
                         420.000000      20.493902       Unweighted events, alpha=0.005038
      => Parameter prop_binSR_mm_bin25_tt_V_H[0.00,-7.00,7.00] to be gaussian constrained
  ----------------------------------------------------------
    ttV                  0.033532        0.038351                                      
      => Poisson not viable, prop_binSR_mm_bin25_ttV[0.00,-7.00,7.00] to be gaussian constrained
  ----------------------------------------------------------
    tttX                 0.105501        0.007216                                      
                         214.000000      14.628739       Unweighted events, alpha=0.000493
      => Parameter prop_binSR_mm_bin25_tttX[0.00,-7.00,7.00] to be gaussian constrained
  ----------------------------------------------------------
    TTTo2L               0.706075        0.271305                                      
                         7.000000        2.645751        Unweighted events, alpha=0.100868
      => Product of prop_binSR_mm_bin25_TTTo2L[7.00,0.07,45.79] and const [0.1429] to be poisson constrained
  ----------------------------------------------------------
    ttWtoLNu             2.389330        0.146340                                      
                         267.000000      16.340135       Unweighted events, alpha=0.008949
      => Parameter prop_binSR_mm_bin25_ttWtoLNu[0.00,-7.00,7.00] to be gaussian constrained
  ----------------------------------------------------------
    ttVV                 0.089119        0.009450                                      
                         89.000000       9.433981        Unweighted events, alpha=0.001001
      => Parameter prop_binSR_mm_bin25_ttVV[0.00,-7.00,7.00] to be gaussian constrained
  ----------------------------------------------------------
    TTTo1L               1.350370        4.007911                                      
      => Poisson not viable, prop_binSR_mm_bin25_TTTo1L[0.00,-7.00,7.00] to be gaussian constrained
  ----------------------------------------------------------
    t_tbar_W             0.000000        0.000000                                      
      => Error is zero, ignore      
  ----------------------------------------------------------
------------------------------------------------------------
26         13.816226       2.267850        total sum                     
26         12.682834       2.267269        excluding marked processes    
26         31.000000       5.567764        Unweighted events, alpha=0.445685
  => Total parameter prop_binSR_mm_bin26[0.00,-7.00,7.00] to be gaussian constrained
------------------------------------------------------------
27         11.652604       2.318596        total sum                     
27         10.479583       2.317963        excluding marked processes    
27         20.000000       4.472136        Unweighted events, alpha=0.582630
  => Total parameter prop_binSR_mm_bin27[0.00,-7.00,7.00] to be gaussian constrained
------------------------------------------------------------
28         11.666287       2.253313        total sum                     
28         10.475110       2.252665        excluding marked processes    
28         22.000000       4.690416        Unweighted events, alpha=0.530286
  => Total parameter prop_binSR_mm_bin28[0.00,-7.00,7.00] to be gaussian constrained
------------------------------------------------------------
29         13.410411       2.575732        total sum                     
29         12.063947       2.575108        excluding marked processes    
29         22.000000       4.690416        Unweighted events, alpha=0.609564
  => Total parameter prop_binSR_mm_bin29[0.00,-7.00,7.00] to be gaussian constrained
------------------------------------------------------------
30         15.252165       2.501174        total sum                     
30         13.868522       2.500534        excluding marked processes    
30         31.000000       5.567764        Unweighted events, alpha=0.492005
  => Total parameter prop_binSR_mm_bin30[0.00,-7.00,7.00] to be gaussian constrained
------------------------------------------------------------
31         12.272920       2.373163        total sum                     
31         10.665430       2.372357        excluding marked processes    
31         20.000000       4.472136        Unweighted events, alpha=0.613646
  => Total parameter prop_binSR_mm_bin31[0.00,-7.00,7.00] to be gaussian constrained
------------------------------------------------------------
32         11.353339       2.179946        total sum                     
32         9.562334        2.178933        excluding marked processes    
32         19.000000       4.358899        Unweighted events, alpha=0.597544
  => Total parameter prop_binSR_mm_bin32[0.00,-7.00,7.00] to be gaussian constrained
------------------------------------------------------------
33         11.447867       1.957884        total sum                     
33         9.430915        1.956656        excluding marked processes    
33         23.000000       4.795832        Unweighted events, alpha=0.497733
  => Total parameter prop_binSR_mm_bin33[0.00,-7.00,7.00] to be gaussian constrained
------------------------------------------------------------
34         10.550703       1.641936        total sum                     
34         8.292818        1.640362        excluding marked processes    
34         26.000000       5.099020        Unweighted events, alpha=0.405796
  => Total parameter prop_binSR_mm_bin34[0.00,-7.00,7.00] to be gaussian constrained
------------------------------------------------------------
35         12.128396       2.165121        total sum                     
35         9.469398        2.163802        excluding marked processes    
35         19.000000       4.358899        Unweighted events, alpha=0.638337
  => Total parameter prop_binSR_mm_bin35[0.00,-7.00,7.00] to be gaussian constrained
------------------------------------------------------------
36         10.987850       1.615960        total sum                     
36         7.909743        1.613806        excluding marked processes    
36         24.000000       4.898979        Unweighted events, alpha=0.457827
  => Total parameter prop_binSR_mm_bin36[0.00,-7.00,7.00] to be gaussian constrained
------------------------------------------------------------
37         9.264445        1.221274        total sum                     
37         5.769445        1.218228        excluding marked processes    
37         22.000000       4.690416        Unweighted events, alpha=0.421111
  => Total parameter prop_binSR_mm_bin37[0.00,-7.00,7.00] to be gaussian constrained
------------------------------------------------------------
38         8.717370        1.447586        total sum                     
38         4.607284        1.444535        excluding marked processes    
38         10.000000       3.162278        Unweighted events, alpha=0.871737
  => Number of weighted events is below poisson threshold
    tzq                  0.053749        0.024060                                      
                         5.000000        2.236068        Unweighted events, alpha=0.010750
      => Product of prop_binSR_mm_bin38_tzq[5.00,0.01,41.33] and const [0.2000] to be poisson constrained
  ----------------------------------------------------------
    VVV                  0.000000        0.000000                                      
      => Error is zero, ignore      
  ----------------------------------------------------------
    TAToTTQ_rtc04_MA500  411.008636      9.393474                                      
                         1914.000000     43.749286       Unweighted events, alpha=0.214738
      => Parameter prop_binSR_mm_bin38_TAToTTQ_rtc04_MA500[0.00,-7.00,7.00] to be gaussian constrained
  ----------------------------------------------------------
    DY                   0.000000        0.000000                                      
      => Error is zero, ignore      
  ----------------------------------------------------------
    tt_V_H               1.308956        0.080525                                      
                         264.000000      16.248077       Unweighted events, alpha=0.004958
      => Parameter prop_binSR_mm_bin38_tt_V_H[0.00,-7.00,7.00] to be gaussian constrained
  ----------------------------------------------------------
    ttV                  0.000000        0.033855                                      
      => Poisson not viable, prop_binSR_mm_bin38_ttV[0.00,-7.00,7.00] to be gaussian constrained
  ----------------------------------------------------------
    tttX                 0.220521        0.008777                                      
                         631.000000      25.119713       Unweighted events, alpha=0.000349
      => Parameter prop_binSR_mm_bin38_tttX[0.00,-7.00,7.00] to be gaussian constrained
  ----------------------------------------------------------
    TTTo2L               0.097082        0.097082                                      
                         1.000000        1.000000        Unweighted events, alpha=0.097082
      => Product of prop_binSR_mm_bin38_TTTo2L[1.00,0.00,30.85] and const [1.0000] to be poisson constrained
  ----------------------------------------------------------
    ttWtoLNu             1.648069        0.112385                                      
                         215.000000      14.662878       Unweighted events, alpha=0.007665
      => Parameter prop_binSR_mm_bin38_ttWtoLNu[0.00,-7.00,7.00] to be gaussian constrained
  ----------------------------------------------------------
    ttVV                 0.084278        0.008668                                      
                         95.000000       9.746794        Unweighted events, alpha=0.000887
      => Parameter prop_binSR_mm_bin38_ttVV[0.00,-7.00,7.00] to be gaussian constrained
  ----------------------------------------------------------
    TTTo1L               1.194629        1.433968                                      
      => Poisson not viable, prop_binSR_mm_bin38_TTTo1L[0.00,-7.00,7.00] to be gaussian constrained
  ----------------------------------------------------------
    t_tbar_W             0.000000        0.000000                                      
      => Error is zero, ignore      
  ----------------------------------------------------------
------------------------------------------------------------
39         5.437776        0.137554        total sum                     
39         1.442605        0.108510        excluding marked processes    
39         177.000000      13.304135       Unweighted events, alpha=0.030722
  => Total parameter prop_binSR_mm_bin39[0.00,-7.00,7.00] to be gaussian constrained
------------------------------------------------------------
SimNLL created with 1 channels, 3 generic constraints, 76 fast gaussian constraints, 0 fast poisson constraints, 0 fast group constraints, 
SimNLL created with 1 channels, 3 generic constraints, 76 fast gaussian constraints, 0 fast poisson constraints, 0 fast group constraints, 
SimNLL created with 1 channels, 3 generic constraints, 76 fast gaussian constraints, 0 fast poisson constraints, 0 fast group constraints, 

 -- AsymptoticLimits ( CLs ) --
Observed Limit: r < 0.5790
Expected  2.5%: r < 0.2891
Expected 16.0%: r < 0.3975
Expected 50.0%: r < 0.5781
Expected 84.0%: r < 0.8524
Expected 97.5%: r < 1.2026

Done in 0.03 min (cpu), 0.03 min (real)
