 <<< Combine >>> 
>>> random number generator seed is 123456
>>> method used is AsymptoticLimits
Channel SR_em will use autoMCStats with settings: event-threshold=10, include-signal=0, hist-mode=1
============================================================
Analysing bin errors for: prop_binSR_em
Poisson cut-off: 10
Processes excluded for sums: TAToTTQ_rtc04_MA1000
============================================================
Bin        Contents        Error           Notes                         
0          523.542922      23.198930       total sum                     
0          523.530936      23.198930       excluding marked processes    
0          509.000000      22.561028       Unweighted events, alpha=1.028572
  => Total parameter prop_binSR_em_bin0[0.00,-7.00,7.00] to be gaussian constrained
------------------------------------------------------------
1          192.623666      13.604031       total sum                     
1          192.614459      13.604031       excluding marked processes    
1          200.000000      14.142136       Unweighted events, alpha=0.963118
  => Total parameter prop_binSR_em_bin1[0.00,-7.00,7.00] to be gaussian constrained
------------------------------------------------------------
2          116.360244      10.638000       total sum                     
2          116.347445      10.638000       excluding marked processes    
2          120.000000      10.954451       Unweighted events, alpha=0.969669
  => Total parameter prop_binSR_em_bin2[0.00,-7.00,7.00] to be gaussian constrained
------------------------------------------------------------
3          60.249472       8.100841        total sum                     
3          60.240628       8.100841        excluding marked processes    
3          55.000000       7.416198        Unweighted events, alpha=1.095445
  => Total parameter prop_binSR_em_bin3[0.00,-7.00,7.00] to be gaussian constrained
------------------------------------------------------------
4          56.409165       7.569720        total sum                     
4          56.401748       7.569720        excluding marked processes    
4          56.000000       7.483315        Unweighted events, alpha=1.007307
  => Total parameter prop_binSR_em_bin4[0.00,-7.00,7.00] to be gaussian constrained
------------------------------------------------------------
5          36.056184       5.801833        total sum                     
5          36.046755       5.801833        excluding marked processes    
5          39.000000       6.244998        Unweighted events, alpha=0.924518
  => Total parameter prop_binSR_em_bin5[0.00,-7.00,7.00] to be gaussian constrained
------------------------------------------------------------
6          34.113281       5.437604        total sum                     
6          34.105107       5.437603        excluding marked processes    
6          39.000000       6.244998        Unweighted events, alpha=0.874700
  => Total parameter prop_binSR_em_bin6[0.00,-7.00,7.00] to be gaussian constrained
------------------------------------------------------------
7          16.179767       3.990721        total sum                     
7          16.171492       3.990720        excluding marked processes    
7          16.000000       4.000000        Unweighted events, alpha=1.011235
  => Total parameter prop_binSR_em_bin7[0.00,-7.00,7.00] to be gaussian constrained
------------------------------------------------------------
8          29.089071       4.837737        total sum                     
8          29.080562       4.837736        excluding marked processes    
8          36.000000       6.000000        Unweighted events, alpha=0.808030
  => Total parameter prop_binSR_em_bin8[0.00,-7.00,7.00] to be gaussian constrained
------------------------------------------------------------
9          10.287913       3.091400        total sum                     
9          10.278648       3.091400        excluding marked processes    
9          11.000000       3.316625        Unweighted events, alpha=0.935265
  => Total parameter prop_binSR_em_bin9[0.00,-7.00,7.00] to be gaussian constrained
------------------------------------------------------------
10         18.455201       4.121014        total sum                     
10         18.445800       4.121014        excluding marked processes    
10         20.000000       4.472136        Unweighted events, alpha=0.922760
  => Total parameter prop_binSR_em_bin10[0.00,-7.00,7.00] to be gaussian constrained
------------------------------------------------------------
11         17.545444       4.175986        total sum                     
11         17.539130       4.175985        excluding marked processes    
11         18.000000       4.242641        Unweighted events, alpha=0.974747
  => Total parameter prop_binSR_em_bin11[0.00,-7.00,7.00] to be gaussian constrained
------------------------------------------------------------
12         15.490119       3.683446        total sum                     
12         15.482321       3.683446        excluding marked processes    
12         18.000000       4.242641        Unweighted events, alpha=0.860562
  => Total parameter prop_binSR_em_bin12[0.00,-7.00,7.00] to be gaussian constrained
------------------------------------------------------------
13         10.859855       3.457646        total sum                     
13         10.854955       3.457646        excluding marked processes    
13         10.000000       3.162278        Unweighted events, alpha=1.085985
  => Number of weighted events is below poisson threshold
    tzq                  0.093283        0.028154                                      
                         11.000000       3.316625        Unweighted events, alpha=0.008480
      => Parameter prop_binSR_em_bin13_tzq[0.00,-7.00,7.00] to be gaussian constrained
  ----------------------------------------------------------
    VVV                  0.245147        0.139131                                      
                         3.000000        1.732051        Unweighted events, alpha=0.081716
      => Product of prop_binSR_em_bin13_VVV[3.00,0.00,36.46] and const [0.3333] to be poisson constrained
  ----------------------------------------------------------
    t_tbar_W             0.746293        0.462336                                      
                         3.000000        1.732051        Unweighted events, alpha=0.248764
      => Product of prop_binSR_em_bin13_t_tbar_W[3.00,0.00,36.46] and const [0.3333] to be poisson constrained
  ----------------------------------------------------------
    DY                   0.000000        0.000000                                      
      => Error is zero, ignore      
  ----------------------------------------------------------
    tt_V_H               1.558104        0.084473                                      
                         340.000000      18.439089       Unweighted events, alpha=0.004583
      => Parameter prop_binSR_em_bin13_tt_V_H[0.00,-7.00,7.00] to be gaussian constrained
  ----------------------------------------------------------
    ttV                  0.008451        0.011805                                      
      => Poisson not viable, prop_binSR_em_bin13_ttV[0.00,-7.00,7.00] to be gaussian constrained
  ----------------------------------------------------------
    tttX                 0.055468        0.004659                                      
                         142.000000      11.916375       Unweighted events, alpha=0.000391
      => Parameter prop_binSR_em_bin13_tttX[0.00,-7.00,7.00] to be gaussian constrained
  ----------------------------------------------------------
    TAToTTQ_rtc04_MA1000 0.489982        0.112568                                      
                         19.000000       4.358899        Unweighted events, alpha=0.025789
      => Parameter prop_binSR_em_bin13_TAToTTQ_rtc04_MA1000[0.00,-7.00,7.00] to be gaussian constrained
  ----------------------------------------------------------
    ttWtoLNu             1.760773        0.121870                                      
                         209.000000      14.456832       Unweighted events, alpha=0.008425
      => Parameter prop_binSR_em_bin13_ttWtoLNu[0.00,-7.00,7.00] to be gaussian constrained
  ----------------------------------------------------------
    ttVV                 0.067977        0.007573                                      
                         81.000000       9.000000        Unweighted events, alpha=0.000839
      => Parameter prop_binSR_em_bin13_ttVV[0.00,-7.00,7.00] to be gaussian constrained
  ----------------------------------------------------------
    TTTo1L               6.319458        3.420410                                      
                         3.000000        1.732051        Unweighted events, alpha=2.106486
      => Product of prop_binSR_em_bin13_TTTo1L[3.00,0.00,36.46] and const [0.3333] to be poisson constrained
  ----------------------------------------------------------
------------------------------------------------------------
14         15.061976       3.532771        total sum                     
14         15.051628       3.532771        excluding marked processes    
14         18.000000       4.242641        Unweighted events, alpha=0.836776
  => Total parameter prop_binSR_em_bin14[0.00,-7.00,7.00] to be gaussian constrained
------------------------------------------------------------
15         12.369734       2.778943        total sum                     
15         12.361612       2.778942        excluding marked processes    
15         20.000000       4.472136        Unweighted events, alpha=0.618487
  => Total parameter prop_binSR_em_bin15[0.00,-7.00,7.00] to be gaussian constrained
------------------------------------------------------------
16         10.373894       3.707194        total sum                     
16         10.364515       3.707193        excluding marked processes    
16         8.000000        2.828427        Unweighted events, alpha=1.296737
  => Number of weighted events is below poisson threshold
    tzq                  0.043001        0.022767                                      
                         4.000000        2.000000        Unweighted events, alpha=0.010750
      => Product of prop_binSR_em_bin16_tzq[4.00,0.00,38.96] and const [0.2500] to be poisson constrained
  ----------------------------------------------------------
    VVV                  0.083009        0.083009                                      
                         1.000000        1.000000        Unweighted events, alpha=0.083009
      => Product of prop_binSR_em_bin16_VVV[1.00,0.00,30.85] and const [1.0000] to be poisson constrained
  ----------------------------------------------------------
    t_tbar_W             0.239286        0.174375                                      
                         2.000000        1.414214        Unweighted events, alpha=0.119643
      => Product of prop_binSR_em_bin16_t_tbar_W[2.00,0.00,33.79] and const [0.5000] to be poisson constrained
  ----------------------------------------------------------
    DY                   0.000000        0.000000                                      
      => Error is zero, ignore      
  ----------------------------------------------------------
    tt_V_H               1.506396        0.085680                                      
                         309.000000      17.578396       Unweighted events, alpha=0.004875
      => Parameter prop_binSR_em_bin16_tt_V_H[0.00,-7.00,7.00] to be gaussian constrained
  ----------------------------------------------------------
    ttV                  0.011874        0.037987                                      
      => Poisson not viable, prop_binSR_em_bin16_ttV[0.00,-7.00,7.00] to be gaussian constrained
  ----------------------------------------------------------
    tttX                 0.059363        0.004518                                      
                         173.000000      13.152946       Unweighted events, alpha=0.000343
      => Parameter prop_binSR_em_bin16_tttX[0.00,-7.00,7.00] to be gaussian constrained
  ----------------------------------------------------------
    TAToTTQ_rtc04_MA1000 0.937835        0.196213                                      
                         23.000000       4.795832        Unweighted events, alpha=0.040775
      => Parameter prop_binSR_em_bin16_TAToTTQ_rtc04_MA1000[0.00,-7.00,7.00] to be gaussian constrained
  ----------------------------------------------------------
    ttWtoLNu             1.581287        0.115030                                      
                         189.000000      13.747727       Unweighted events, alpha=0.008367
      => Parameter prop_binSR_em_bin16_ttWtoLNu[0.00,-7.00,7.00] to be gaussian constrained
  ----------------------------------------------------------
    ttVV                 0.081744        0.008458                                      
                         93.000000       9.643651        Unweighted events, alpha=0.000879
      => Parameter prop_binSR_em_bin16_ttVV[0.00,-7.00,7.00] to be gaussian constrained
  ----------------------------------------------------------
    TTTo1L               6.758556        3.699102                                      
                         3.000000        1.732051        Unweighted events, alpha=2.252852
      => Product of prop_binSR_em_bin16_TTTo1L[3.00,0.00,36.46] and const [0.3333] to be poisson constrained
  ----------------------------------------------------------
------------------------------------------------------------
17         11.289974       3.417086        total sum                     
17         11.280658       3.417085        excluding marked processes    
17         11.000000       3.316625        Unweighted events, alpha=1.026361
  => Total parameter prop_binSR_em_bin17[0.00,-7.00,7.00] to be gaussian constrained
------------------------------------------------------------
18         6.136709        2.461280        total sum                     
18         6.127457        2.461280        excluding marked processes    
18         6.000000        2.449490        Unweighted events, alpha=1.022785
  => Number of weighted events is below poisson threshold
    tzq                  0.065255        0.026259                                      
                         6.000000        2.449490        Unweighted events, alpha=0.010876
      => Product of prop_binSR_em_bin18_tzq[6.00,0.03,43.60] and const [0.1667] to be poisson constrained
  ----------------------------------------------------------
    VVV                  0.342278        0.160949                                      
                         5.000000        2.236068        Unweighted events, alpha=0.068456
      => Product of prop_binSR_em_bin18_VVV[5.00,0.01,41.33] and const [0.2000] to be poisson constrained
  ----------------------------------------------------------
    t_tbar_W             0.142141        0.142141                                      
                         1.000000        1.000000        Unweighted events, alpha=0.142141
      => Product of prop_binSR_em_bin18_t_tbar_W[1.00,0.00,30.85] and const [1.0000] to be poisson constrained
  ----------------------------------------------------------
    DY                   0.000000        0.000000                                      
      => Error is zero, ignore      
  ----------------------------------------------------------
    tt_V_H               1.400134        0.082868                                      
                         285.000000      16.881943       Unweighted events, alpha=0.004913
      => Parameter prop_binSR_em_bin18_tt_V_H[0.00,-7.00,7.00] to be gaussian constrained
  ----------------------------------------------------------
    ttV                  0.036925        0.023785                                      
                         2.000000        1.414214        Unweighted events, alpha=0.018462
      => Product of prop_binSR_em_bin18_ttV[2.00,0.00,33.79] and const [0.5000] to be poisson constrained
  ----------------------------------------------------------
    tttX                 0.053805        0.004967                                      
                         117.000000      10.816654       Unweighted events, alpha=0.000460
      => Parameter prop_binSR_em_bin18_tttX[0.00,-7.00,7.00] to be gaussian constrained
  ----------------------------------------------------------
    TAToTTQ_rtc04_MA1000 0.925195        0.171280                                      
                         29.000000       5.385165        Unweighted events, alpha=0.031903
      => Parameter prop_binSR_em_bin18_TAToTTQ_rtc04_MA1000[0.00,-7.00,7.00] to be gaussian constrained
  ----------------------------------------------------------
    ttWtoLNu             1.735054        0.118977                                      
                         213.000000      14.594520       Unweighted events, alpha=0.008146
      => Parameter prop_binSR_em_bin18_ttWtoLNu[0.00,-7.00,7.00] to be gaussian constrained
  ----------------------------------------------------------
    ttVV                 0.071333        0.008073                                      
                         78.000000       8.831761        Unweighted events, alpha=0.000915
      => Parameter prop_binSR_em_bin18_ttVV[0.00,-7.00,7.00] to be gaussian constrained
  ----------------------------------------------------------
    TTTo1L               2.280534        2.447329                                      
      => Poisson not viable, prop_binSR_em_bin18_TTTo1L[0.00,-7.00,7.00] to be gaussian constrained
  ----------------------------------------------------------
------------------------------------------------------------
19         4.608949        2.983281        total sum                     
19         4.601448        2.983280        excluding marked processes    
19         2.000000        1.414214        Unweighted events, alpha=2.304474
  => Number of weighted events is below poisson threshold
    tzq                  0.043285        0.028436                                      
                         2.000000        1.414214        Unweighted events, alpha=0.021642
      => Product of prop_binSR_em_bin19_tzq[2.00,0.00,33.79] and const [0.5000] to be poisson constrained
  ----------------------------------------------------------
    VVV                  0.012553        0.012553                                      
                         1.000000        1.000000        Unweighted events, alpha=0.012553
      => Product of prop_binSR_em_bin19_VVV[1.00,0.00,30.85] and const [1.0000] to be poisson constrained
  ----------------------------------------------------------
    t_tbar_W             0.292502        0.206873                                      
                         2.000000        1.414214        Unweighted events, alpha=0.146251
      => Product of prop_binSR_em_bin19_t_tbar_W[2.00,0.00,33.79] and const [0.5000] to be poisson constrained
  ----------------------------------------------------------
    DY                   0.000000        0.000000                                      
      => Error is zero, ignore      
  ----------------------------------------------------------
    tt_V_H               1.339733        0.080958                                      
                         274.000000      16.552945       Unweighted events, alpha=0.004890
      => Parameter prop_binSR_em_bin19_tt_V_H[0.00,-7.00,7.00] to be gaussian constrained
  ----------------------------------------------------------
    ttV                  0.040609        0.024540                                      
                         3.000000        1.732051        Unweighted events, alpha=0.013536
      => Product of prop_binSR_em_bin19_ttV[3.00,0.00,36.46] and const [0.3333] to be poisson constrained
  ----------------------------------------------------------
    tttX                 0.056573        0.004613                                      
                         150.000000      12.247449       Unweighted events, alpha=0.000377
      => Parameter prop_binSR_em_bin19_tttX[0.00,-7.00,7.00] to be gaussian constrained
  ----------------------------------------------------------
    TAToTTQ_rtc04_MA1000 0.750098        0.152827                                      
                         24.000000       4.898979        Unweighted events, alpha=0.031254
      => Parameter prop_binSR_em_bin19_TAToTTQ_rtc04_MA1000[0.00,-7.00,7.00] to be gaussian constrained
  ----------------------------------------------------------
    ttWtoLNu             1.490515        0.112534                                      
                         175.000000      13.228757       Unweighted events, alpha=0.008517
      => Parameter prop_binSR_em_bin19_ttWtoLNu[0.00,-7.00,7.00] to be gaussian constrained
  ----------------------------------------------------------
    ttVV                 0.070935        0.007502                                      
                         89.000000       9.433981        Unweighted events, alpha=0.000797
      => Parameter prop_binSR_em_bin19_ttVV[0.00,-7.00,7.00] to be gaussian constrained
  ----------------------------------------------------------
    TTTo1L               1.254742        2.972591                                      
      => Poisson not viable, prop_binSR_em_bin19_TTTo1L[0.00,-7.00,7.00] to be gaussian constrained
  ----------------------------------------------------------
------------------------------------------------------------
20         11.615038       3.179379        total sum                     
20         11.603616       3.179379        excluding marked processes    
20         13.000000       3.605551        Unweighted events, alpha=0.893464
  => Total parameter prop_binSR_em_bin20[0.00,-7.00,7.00] to be gaussian constrained
------------------------------------------------------------
21         9.736215        2.498722        total sum                     
21         9.727921        2.498722        excluding marked processes    
21         15.000000       3.872983        Unweighted events, alpha=0.649081
  => Total parameter prop_binSR_em_bin21[0.00,-7.00,7.00] to be gaussian constrained
------------------------------------------------------------
22         7.828786        2.402921        total sum                     
22         7.813443        2.402920        excluding marked processes    
22         11.000000       3.316625        Unweighted events, alpha=0.711708
  => Total parameter prop_binSR_em_bin22[0.00,-7.00,7.00] to be gaussian constrained
------------------------------------------------------------
23         10.536884       3.024547        total sum                     
23         10.525486       3.024546        excluding marked processes    
23         12.000000       3.464102        Unweighted events, alpha=0.878074
  => Total parameter prop_binSR_em_bin23[0.00,-7.00,7.00] to be gaussian constrained
------------------------------------------------------------
24         7.899064        2.318494        total sum                     
24         7.885537        2.318493        excluding marked processes    
24         12.000000       3.464102        Unweighted events, alpha=0.658255
  => Total parameter prop_binSR_em_bin24[0.00,-7.00,7.00] to be gaussian constrained
------------------------------------------------------------
25         6.715322        2.570662        total sum                     
25         6.696620        2.570661        excluding marked processes    
25         7.000000        2.645751        Unweighted events, alpha=0.959332
  => Number of weighted events is below poisson threshold
    tzq                  0.038093        0.026324                                      
                         2.000000        1.414214        Unweighted events, alpha=0.019046
      => Product of prop_binSR_em_bin25_tzq[2.00,0.00,33.79] and const [0.5000] to be poisson constrained
  ----------------------------------------------------------
    VVV                  0.260071        0.143018                                      
                         3.000000        1.732051        Unweighted events, alpha=0.086690
      => Product of prop_binSR_em_bin25_VVV[3.00,0.00,36.46] and const [0.3333] to be poisson constrained
  ----------------------------------------------------------
    t_tbar_W             0.487565        0.362986                                      
                         2.000000        1.414214        Unweighted events, alpha=0.243783
      => Product of prop_binSR_em_bin25_t_tbar_W[2.00,0.00,33.79] and const [0.5000] to be poisson constrained
  ----------------------------------------------------------
    DY                   0.000000        0.000000                                      
      => Error is zero, ignore      
  ----------------------------------------------------------
    tt_V_H               1.247596        0.077731                                      
                         258.000000      16.062378       Unweighted events, alpha=0.004836
      => Parameter prop_binSR_em_bin25_tt_V_H[0.00,-7.00,7.00] to be gaussian constrained
  ----------------------------------------------------------
    ttV                  0.026202        0.022367                                      
                         1.000000        1.000000        Unweighted events, alpha=0.026202
      => Product of prop_binSR_em_bin25_ttV[1.00,0.00,30.85] and const [1.0000] to be poisson constrained
  ----------------------------------------------------------
    tttX                 0.082709        0.005867                                      
                         199.000000      14.106736       Unweighted events, alpha=0.000416
      => Parameter prop_binSR_em_bin25_tttX[0.00,-7.00,7.00] to be gaussian constrained
  ----------------------------------------------------------
    TAToTTQ_rtc04_MA1000 1.870191        0.247208                                      
                         57.000000       7.549834        Unweighted events, alpha=0.032810
      => Parameter prop_binSR_em_bin25_TAToTTQ_rtc04_MA1000[0.00,-7.00,7.00] to be gaussian constrained
  ----------------------------------------------------------
    ttWtoLNu             1.697793        0.115319                                      
                         217.000000      14.730920       Unweighted events, alpha=0.007824
      => Parameter prop_binSR_em_bin25_ttWtoLNu[0.00,-7.00,7.00] to be gaussian constrained
  ----------------------------------------------------------
    ttVV                 0.070450        0.007796                                      
                         82.000000       9.055385        Unweighted events, alpha=0.000859
      => Parameter prop_binSR_em_bin25_ttVV[0.00,-7.00,7.00] to be gaussian constrained
  ----------------------------------------------------------
    TTTo1L               2.786140        2.536820                                      
                         1.000000        1.000000        Unweighted events, alpha=2.786140
      => Product of prop_binSR_em_bin25_TTTo1L[1.00,0.00,30.85] and const [1.0000] to be poisson constrained
  ----------------------------------------------------------
------------------------------------------------------------
26         8.517249        2.029869        total sum                     
26         8.501303        2.029868        excluding marked processes    
26         18.000000       4.242641        Unweighted events, alpha=0.473181
  => Total parameter prop_binSR_em_bin26[0.00,-7.00,7.00] to be gaussian constrained
------------------------------------------------------------
27         11.607743       3.169370        total sum                     
27         11.586659       3.169369        excluding marked processes    
27         13.000000       3.605551        Unweighted events, alpha=0.892903
  => Total parameter prop_binSR_em_bin27[0.00,-7.00,7.00] to be gaussian constrained
------------------------------------------------------------
28         11.909627       3.302898        total sum                     
28         11.886414       3.302897        excluding marked processes    
28         13.000000       3.605551        Unweighted events, alpha=0.916125
  => Total parameter prop_binSR_em_bin28[0.00,-7.00,7.00] to be gaussian constrained
------------------------------------------------------------
29         12.309580       3.262323        total sum                     
29         12.282511       3.262322        excluding marked processes    
29         14.000000       3.741657        Unweighted events, alpha=0.879256
  => Total parameter prop_binSR_em_bin29[0.00,-7.00,7.00] to be gaussian constrained
------------------------------------------------------------
30         10.606788       2.555025        total sum                     
30         10.575397       2.555023        excluding marked processes    
30         17.000000       4.123106        Unweighted events, alpha=0.623929
  => Total parameter prop_binSR_em_bin30[0.00,-7.00,7.00] to be gaussian constrained
------------------------------------------------------------
31         13.662586       3.237770        total sum                     
31         13.623019       3.237768        excluding marked processes    
31         18.000000       4.242641        Unweighted events, alpha=0.759033
  => Total parameter prop_binSR_em_bin31[0.00,-7.00,7.00] to be gaussian constrained
------------------------------------------------------------
32         7.200561        1.789892        total sum                     
32         7.163012        1.789889        excluding marked processes    
32         16.000000       4.000000        Unweighted events, alpha=0.450035
  => Total parameter prop_binSR_em_bin32[0.00,-7.00,7.00] to be gaussian constrained
------------------------------------------------------------
33         8.351520        4.705828        total sum                     
33         8.296150        4.705826        excluding marked processes    
33         3.000000        1.732051        Unweighted events, alpha=2.783840
  => Number of weighted events is below poisson threshold
    tzq                  0.044131        0.022752                                      
                         4.000000        2.000000        Unweighted events, alpha=0.011033
      => Product of prop_binSR_em_bin33_tzq[4.00,0.00,38.96] and const [0.2500] to be poisson constrained
  ----------------------------------------------------------
    VVV                  0.000000        0.000000                                      
      => Error is zero, ignore      
  ----------------------------------------------------------
    t_tbar_W             0.663240        0.486288                                      
                         2.000000        1.414214        Unweighted events, alpha=0.331620
      => Product of prop_binSR_em_bin33_t_tbar_W[2.00,0.00,33.79] and const [0.5000] to be poisson constrained
  ----------------------------------------------------------
    DY                   0.000000        0.000000                                      
      => Error is zero, ignore      
  ----------------------------------------------------------
    tt_V_H               1.899494        0.103770                                      
                         335.000000      18.303005       Unweighted events, alpha=0.005670
      => Parameter prop_binSR_em_bin33_tt_V_H[0.00,-7.00,7.00] to be gaussian constrained
  ----------------------------------------------------------
    ttV                  0.030197        0.026545                                      
                         1.000000        1.000000        Unweighted events, alpha=0.030197
      => Product of prop_binSR_em_bin33_ttV[1.00,0.00,30.85] and const [1.0000] to be poisson constrained
  ----------------------------------------------------------
    tttX                 0.173731        0.008876                                      
                         383.000000      19.570386       Unweighted events, alpha=0.000454
      => Parameter prop_binSR_em_bin33_tttX[0.00,-7.00,7.00] to be gaussian constrained
  ----------------------------------------------------------
    TAToTTQ_rtc04_MA1000 5.536963        0.420811                                      
                         173.000000      13.152946       Unweighted events, alpha=0.032006
      => Parameter prop_binSR_em_bin33_TAToTTQ_rtc04_MA1000[0.00,-7.00,7.00] to be gaussian constrained
  ----------------------------------------------------------
    ttWtoLNu             2.525964        0.148271                                      
                         290.000000      17.029386       Unweighted events, alpha=0.008710
      => Parameter prop_binSR_em_bin33_ttWtoLNu[0.00,-7.00,7.00] to be gaussian constrained
  ----------------------------------------------------------
    ttVV                 0.116524        0.010767                                      
                         117.000000      10.816654       Unweighted events, alpha=0.000996
      => Parameter prop_binSR_em_bin33_ttVV[0.00,-7.00,7.00] to be gaussian constrained
  ----------------------------------------------------------
    TTTo1L               2.842869        4.676981                                      
      => Poisson not viable, prop_binSR_em_bin33_TTTo1L[0.00,-7.00,7.00] to be gaussian constrained
  ----------------------------------------------------------
------------------------------------------------------------
34         9.770852        2.342245        total sum                     
34         9.711224        2.342241        excluding marked processes    
34         17.000000       4.123106        Unweighted events, alpha=0.574756
  => Total parameter prop_binSR_em_bin34[0.00,-7.00,7.00] to be gaussian constrained
------------------------------------------------------------
35         12.398847       3.197048        total sum                     
35         12.316545       3.197043        excluding marked processes    
35         15.000000       3.872983        Unweighted events, alpha=0.826590
  => Total parameter prop_binSR_em_bin35[0.00,-7.00,7.00] to be gaussian constrained
------------------------------------------------------------
36         9.199568        2.022070        total sum                     
36         9.077760        2.022060        excluding marked processes    
36         20.000000       4.472136        Unweighted events, alpha=0.459978
  => Total parameter prop_binSR_em_bin36[0.00,-7.00,7.00] to be gaussian constrained
------------------------------------------------------------
37         13.880453       3.054377        total sum                     
37         13.690018       3.054366        excluding marked processes    
37         20.000000       4.472136        Unweighted events, alpha=0.694023
  => Total parameter prop_binSR_em_bin37[0.00,-7.00,7.00] to be gaussian constrained
------------------------------------------------------------
38         15.630676       2.916631        total sum                     
38         15.318090       2.916613        excluding marked processes    
38         28.000000       5.291503        Unweighted events, alpha=0.558238
  => Total parameter prop_binSR_em_bin38[0.00,-7.00,7.00] to be gaussian constrained
------------------------------------------------------------
39         15.153472       2.788947        total sum                     
39         14.514143       2.788912        excluding marked processes    
39         27.000000       5.196152        Unweighted events, alpha=0.561240
  => Total parameter prop_binSR_em_bin39[0.00,-7.00,7.00] to be gaussian constrained
------------------------------------------------------------
SimNLL created with 1 channels, 23 generic constraints, 95 fast gaussian constraints, 0 fast poisson constraints, 0 fast group constraints, 
SimNLL created with 1 channels, 23 generic constraints, 95 fast gaussian constraints, 0 fast poisson constraints, 0 fast group constraints, 
SimNLL created with 1 channels, 23 generic constraints, 95 fast gaussian constraints, 0 fast poisson constraints, 0 fast group constraints, 

 -- AsymptoticLimits ( CLs ) --
Observed Limit: r < 13.2471
Expected  2.5%: r < 6.9355
Expected 16.0%: r < 9.3528
Expected 50.0%: r < 13.2500
Expected 84.0%: r < 18.9012
Expected 97.5%: r < 26.0034

Done in 0.11 min (cpu), 0.12 min (real)
