 <<< Combine >>> 
>>> random number generator seed is 123456
>>> method used is AsymptoticLimits
Channel SR_mm will use autoMCStats with settings: event-threshold=10, include-signal=0, hist-mode=1
============================================================
Analysing bin errors for: prop_binSR_mm
Poisson cut-off: 10
Processes excluded for sums: TAToTTQ_rtc04_MA600
============================================================
Bin        Contents        Error           Notes                         
0          171.983658      11.787747       total sum                     
0          171.826030      11.787730       excluding marked processes    
0          212.000000      14.560220       Unweighted events, alpha=0.811244
  => Total parameter prop_binSR_mm_bin0[0.00,-7.00,7.00] to be gaussian constrained
------------------------------------------------------------
1          127.098038      9.531830        total sum                     
1          126.756147      9.531786        excluding marked processes    
1          177.000000      13.304135       Unweighted events, alpha=0.718068
  => Total parameter prop_binSR_mm_bin1[0.00,-7.00,7.00] to be gaussian constrained
------------------------------------------------------------
2          72.534348       6.969713        total sum                     
2          72.150153       6.969637        excluding marked processes    
2          107.000000      10.344080       Unweighted events, alpha=0.677891
  => Total parameter prop_binSR_mm_bin2[0.00,-7.00,7.00] to be gaussian constrained
------------------------------------------------------------
3          47.939536       5.444742        total sum                     
3          47.582313       5.444662        excluding marked processes    
3          76.000000       8.717798        Unweighted events, alpha=0.630783
  => Total parameter prop_binSR_mm_bin3[0.00,-7.00,7.00] to be gaussian constrained
------------------------------------------------------------
4          38.311011       4.849098        total sum                     
4          37.954184       4.849010        excluding marked processes    
4          61.000000       7.810250        Unweighted events, alpha=0.628049
  => Total parameter prop_binSR_mm_bin4[0.00,-7.00,7.00] to be gaussian constrained
------------------------------------------------------------
5          26.262360       4.500759        total sum                     
5          25.994180       4.500692        excluding marked processes    
5          33.000000       5.744563        Unweighted events, alpha=0.795829
  => Total parameter prop_binSR_mm_bin5[0.00,-7.00,7.00] to be gaussian constrained
------------------------------------------------------------
6          22.186820       3.597518        total sum                     
6          21.790461       3.597381        excluding marked processes    
6          37.000000       6.082763        Unweighted events, alpha=0.599644
  => Total parameter prop_binSR_mm_bin6[0.00,-7.00,7.00] to be gaussian constrained
------------------------------------------------------------
7          21.991538       4.121442        total sum                     
7          21.674462       4.121351        excluding marked processes    
7          28.000000       5.291503        Unweighted events, alpha=0.785412
  => Total parameter prop_binSR_mm_bin7[0.00,-7.00,7.00] to be gaussian constrained
------------------------------------------------------------
8          26.940922       4.254925        total sum                     
8          26.567527       4.254813        excluding marked processes    
8          39.000000       6.244998        Unweighted events, alpha=0.690793
  => Total parameter prop_binSR_mm_bin8[0.00,-7.00,7.00] to be gaussian constrained
------------------------------------------------------------
9          22.031578       3.617459        total sum                     
9          21.663579       3.617323        excluding marked processes    
9          36.000000       6.000000        Unweighted events, alpha=0.611988
  => Total parameter prop_binSR_mm_bin9[0.00,-7.00,7.00] to be gaussian constrained
------------------------------------------------------------
10         17.337387       3.167330        total sum                     
10         16.934369       3.167168        excluding marked processes    
10         29.000000       5.385165        Unweighted events, alpha=0.597841
  => Total parameter prop_binSR_mm_bin10[0.00,-7.00,7.00] to be gaussian constrained
------------------------------------------------------------
11         24.954143       4.006087        total sum                     
11         24.551324       4.005947        excluding marked processes    
11         38.000000       6.164414        Unweighted events, alpha=0.656688
  => Total parameter prop_binSR_mm_bin11[0.00,-7.00,7.00] to be gaussian constrained
------------------------------------------------------------
12         14.628191       2.935478        total sum                     
12         14.219998       2.935281        excluding marked processes    
12         23.000000       4.795832        Unweighted events, alpha=0.636008
  => Total parameter prop_binSR_mm_bin12[0.00,-7.00,7.00] to be gaussian constrained
------------------------------------------------------------
13         14.731689       2.721610        total sum                     
13         14.227616       2.721376        excluding marked processes    
13         27.000000       5.196152        Unweighted events, alpha=0.545618
  => Total parameter prop_binSR_mm_bin13[0.00,-7.00,7.00] to be gaussian constrained
------------------------------------------------------------
14         18.325412       3.369921        total sum                     
14         17.795734       3.369718        excluding marked processes    
14         28.000000       5.291503        Unweighted events, alpha=0.654479
  => Total parameter prop_binSR_mm_bin14[0.00,-7.00,7.00] to be gaussian constrained
------------------------------------------------------------
15         10.631966       2.249975        total sum                     
15         10.220583       2.249758        excluding marked processes    
15         21.000000       4.582576        Unweighted events, alpha=0.506284
  => Total parameter prop_binSR_mm_bin15[0.00,-7.00,7.00] to be gaussian constrained
------------------------------------------------------------
16         14.652944       2.965804        total sum                     
16         14.097126       2.965561        excluding marked processes    
16         23.000000       4.795832        Unweighted events, alpha=0.637085
  => Total parameter prop_binSR_mm_bin16[0.00,-7.00,7.00] to be gaussian constrained
------------------------------------------------------------
17         14.092501       2.528775        total sum                     
17         13.573156       2.528523        excluding marked processes    
17         29.000000       5.385165        Unweighted events, alpha=0.485948
  => Total parameter prop_binSR_mm_bin17[0.00,-7.00,7.00] to be gaussian constrained
------------------------------------------------------------
18         14.441527       2.960076        total sum                     
18         13.881644       2.959848        excluding marked processes    
18         22.000000       4.690416        Unweighted events, alpha=0.656433
  => Total parameter prop_binSR_mm_bin18[0.00,-7.00,7.00] to be gaussian constrained
------------------------------------------------------------
19         13.782907       2.752507        total sum                     
19         13.230641       2.752275        excluding marked processes    
19         23.000000       4.795832        Unweighted events, alpha=0.599257
  => Total parameter prop_binSR_mm_bin19[0.00,-7.00,7.00] to be gaussian constrained
------------------------------------------------------------
20         9.697441        2.192159        total sum                     
20         9.058674        2.191732        excluding marked processes    
20         17.000000       4.123106        Unweighted events, alpha=0.570438
  => Total parameter prop_binSR_mm_bin20[0.00,-7.00,7.00] to be gaussian constrained
------------------------------------------------------------
21         17.042599       3.318512        total sum                     
21         16.384203       3.318261        excluding marked processes    
21         24.000000       4.898979        Unweighted events, alpha=0.710108
  => Total parameter prop_binSR_mm_bin21[0.00,-7.00,7.00] to be gaussian constrained
------------------------------------------------------------
22         11.519678       2.107882        total sum                     
22         10.791340       2.107428        excluding marked processes    
22         26.000000       5.099020        Unweighted events, alpha=0.443065
  => Total parameter prop_binSR_mm_bin22[0.00,-7.00,7.00] to be gaussian constrained
------------------------------------------------------------
23         11.349661       2.394177        total sum                     
23         10.595284       2.393771        excluding marked processes    
23         20.000000       4.472136        Unweighted events, alpha=0.567483
  => Total parameter prop_binSR_mm_bin23[0.00,-7.00,7.00] to be gaussian constrained
------------------------------------------------------------
24         11.241112       2.219430        total sum                     
24         10.473929       2.218997        excluding marked processes    
24         22.000000       4.690416        Unweighted events, alpha=0.510960
  => Total parameter prop_binSR_mm_bin24[0.00,-7.00,7.00] to be gaussian constrained
------------------------------------------------------------
25         10.605559       1.725557        total sum                     
25         9.681778        1.724603        excluding marked processes    
25         32.000000       5.656854        Unweighted events, alpha=0.331424
  => Total parameter prop_binSR_mm_bin25[0.00,-7.00,7.00] to be gaussian constrained
------------------------------------------------------------
26         12.490813       2.292438        total sum                     
26         11.477216       2.291864        excluding marked processes    
26         25.000000       5.000000        Unweighted events, alpha=0.499633
  => Total parameter prop_binSR_mm_bin26[0.00,-7.00,7.00] to be gaussian constrained
------------------------------------------------------------
27         14.563796       2.628716        total sum                     
27         13.548714       2.628224        excluding marked processes    
27         27.000000       5.196152        Unweighted events, alpha=0.539400
  => Total parameter prop_binSR_mm_bin27[0.00,-7.00,7.00] to be gaussian constrained
------------------------------------------------------------
28         14.470942       2.747609        total sum                     
28         13.408236       2.747065        excluding marked processes    
28         24.000000       4.898979        Unweighted events, alpha=0.602956
  => Total parameter prop_binSR_mm_bin28[0.00,-7.00,7.00] to be gaussian constrained
------------------------------------------------------------
29         16.049695       3.228696        total sum                     
29         14.794993       3.228193        excluding marked processes    
29         21.000000       4.582576        Unweighted events, alpha=0.764271
  => Total parameter prop_binSR_mm_bin29[0.00,-7.00,7.00] to be gaussian constrained
------------------------------------------------------------
30         7.020344        0.769567        total sum                     
30         5.695479        0.767477        excluding marked processes    
30         55.000000       7.416198        Unweighted events, alpha=0.127643
  => Total parameter prop_binSR_mm_bin30[0.00,-7.00,7.00] to be gaussian constrained
------------------------------------------------------------
31         8.820788        1.790162        total sum                     
31         7.361293        1.789189        excluding marked processes    
31         17.000000       4.123106        Unweighted events, alpha=0.518870
  => Total parameter prop_binSR_mm_bin31[0.00,-7.00,7.00] to be gaussian constrained
------------------------------------------------------------
32         13.541880       2.738588        total sum                     
32         11.948799       2.737841        excluding marked processes    
32         19.000000       4.358899        Unweighted events, alpha=0.712731
  => Total parameter prop_binSR_mm_bin32[0.00,-7.00,7.00] to be gaussian constrained
------------------------------------------------------------
33         7.567862        3.699555        total sum                     
33         5.547419        3.698846        excluding marked processes    
33         2.000000        1.414214        Unweighted events, alpha=3.783931
  => Number of weighted events is below poisson threshold
    tzq                  0.025198        0.025903                                      
      => Poisson not viable, prop_binSR_mm_bin33_tzq[0.00,-7.00,7.00] to be gaussian constrained
  ----------------------------------------------------------
    tttX                 0.172253        0.008892                                      
                         375.000000      19.364917       Unweighted events, alpha=0.000459
      => Parameter prop_binSR_mm_bin33_tttX[0.00,-7.00,7.00] to be gaussian constrained
  ----------------------------------------------------------
    VVV                  0.000000        0.000000                                      
      => Error is zero, ignore      
  ----------------------------------------------------------
    t_tbar_W             0.000000        0.000000                                      
      => Error is zero, ignore      
  ----------------------------------------------------------
    DY                   0.000000        0.000000                                      
      => Error is zero, ignore      
  ----------------------------------------------------------
    tt_V_H               2.217691        0.105189                                      
                         444.000000      21.071308       Unweighted events, alpha=0.004995
      => Parameter prop_binSR_mm_bin33_tt_V_H[0.00,-7.00,7.00] to be gaussian constrained
  ----------------------------------------------------------
    ttV                  0.016508        0.021741                                      
      => Poisson not viable, prop_binSR_mm_bin33_ttV[0.00,-7.00,7.00] to be gaussian constrained
  ----------------------------------------------------------
    TAToTTQ_rtc04_MA600  202.044327      7.242659                                      
                         778.000000      27.892651       Unweighted events, alpha=0.259697
      => Parameter prop_binSR_mm_bin33_TAToTTQ_rtc04_MA600[0.00,-7.00,7.00] to be gaussian constrained
  ----------------------------------------------------------
    TTTo2L               0.435362        0.180585                                      
                         6.000000        2.449490        Unweighted events, alpha=0.072560
      => Product of prop_binSR_mm_bin33_TTTo2L[6.00,0.03,43.60] and const [0.1667] to be poisson constrained
  ----------------------------------------------------------
    ttWtoLNu             2.565201        0.153160                                      
                         281.000000      16.763055       Unweighted events, alpha=0.009129
      => Parameter prop_binSR_mm_bin33_ttWtoLNu[0.00,-7.00,7.00] to be gaussian constrained
  ----------------------------------------------------------
    ttVV                 0.115205        0.010345                                      
                         124.000000      11.135529       Unweighted events, alpha=0.000929
      => Parameter prop_binSR_mm_bin33_ttVV[0.00,-7.00,7.00] to be gaussian constrained
  ----------------------------------------------------------
    TTTo1L               0.000000        3.689580                                      
      => Poisson not viable, prop_binSR_mm_bin33_TTTo1L[0.00,-7.00,7.00] to be gaussian constrained
  ----------------------------------------------------------
------------------------------------------------------------
34         15.430920       2.676069        total sum                     
34         13.027172       2.674923        excluding marked processes    
34         24.000000       4.898979        Unweighted events, alpha=0.642955
  => Total parameter prop_binSR_mm_bin34[0.00,-7.00,7.00] to be gaussian constrained
------------------------------------------------------------
35         12.668382       1.929203        total sum                     
35         9.945491        1.927540        excluding marked processes    
35         27.000000       5.196152        Unweighted events, alpha=0.469199
  => Total parameter prop_binSR_mm_bin35[0.00,-7.00,7.00] to be gaussian constrained
------------------------------------------------------------
36         11.497348       1.888995        total sum                     
36         8.195193        1.886710        excluding marked processes    
36         19.000000       4.358899        Unweighted events, alpha=0.605124
  => Total parameter prop_binSR_mm_bin36[0.00,-7.00,7.00] to be gaussian constrained
------------------------------------------------------------
37         12.159688       1.077350        total sum                     
37         7.686717        1.072158        excluding marked processes    
37         51.000000       7.141428        Unweighted events, alpha=0.238425
  => Total parameter prop_binSR_mm_bin37[0.00,-7.00,7.00] to be gaussian constrained
------------------------------------------------------------
38         10.422506       0.317437        total sum                     
38         4.859931        0.296951        excluding marked processes    
38         268.000000      16.370706       Unweighted events, alpha=0.038890
  => Total parameter prop_binSR_mm_bin38[0.00,-7.00,7.00] to be gaussian constrained
------------------------------------------------------------
39         10.342023       1.442232        total sum                     
39         3.717009        1.437407        excluding marked processes    
39         7.000000        2.645751        Unweighted events, alpha=1.477432
  => Number of weighted events is below poisson threshold
    tzq                  0.030712        0.019783                                      
                         2.000000        1.414214        Unweighted events, alpha=0.015356
      => Product of prop_binSR_mm_bin39_tzq[2.00,0.00,33.79] and const [0.5000] to be poisson constrained
  ----------------------------------------------------------
    tttX                 0.242897        0.009142                                      
                         706.000000      26.570661       Unweighted events, alpha=0.000344
      => Parameter prop_binSR_mm_bin39_tttX[0.00,-7.00,7.00] to be gaussian constrained
  ----------------------------------------------------------
    VVV                  0.000000        0.000000                                      
      => Error is zero, ignore      
  ----------------------------------------------------------
    t_tbar_W             0.000000        0.000000                                      
      => Error is zero, ignore      
  ----------------------------------------------------------
    DY                   0.000000        0.000000                                      
      => Error is zero, ignore      
  ----------------------------------------------------------
    tt_V_H               0.844392        0.066720                                      
                         160.000000      12.649111       Unweighted events, alpha=0.005277
      => Parameter prop_binSR_mm_bin39_tt_V_H[0.00,-7.00,7.00] to be gaussian constrained
  ----------------------------------------------------------
    ttV                  0.009326        0.009326                                      
                         1.000000        1.000000        Unweighted events, alpha=0.009326
      => Product of prop_binSR_mm_bin39_ttV[1.00,0.00,30.85] and const [1.0000] to be poisson constrained
  ----------------------------------------------------------
    TAToTTQ_rtc04_MA600  662.501404      11.788176                                     
                         3158.000000     56.196085       Unweighted events, alpha=0.209785
      => Parameter prop_binSR_mm_bin39_TAToTTQ_rtc04_MA600[0.00,-7.00,7.00] to be gaussian constrained
  ----------------------------------------------------------
    TTTo2L               0.000000        0.000000                                      
      => Error is zero, ignore      
  ----------------------------------------------------------
    ttWtoLNu             1.251901        0.095946                                      
                         170.000000      13.038405       Unweighted events, alpha=0.007364
      => Parameter prop_binSR_mm_bin39_ttWtoLNu[0.00,-7.00,7.00] to be gaussian constrained
  ----------------------------------------------------------
    ttVV                 0.063044        0.007350                                      
                         74.000000       8.602325        Unweighted events, alpha=0.000852
      => Parameter prop_binSR_mm_bin39_ttVV[0.00,-7.00,7.00] to be gaussian constrained
  ----------------------------------------------------------
    TTTo1L               1.274736        1.432433                                      
      => Poisson not viable, prop_binSR_mm_bin39_TTTo1L[0.00,-7.00,7.00] to be gaussian constrained
  ----------------------------------------------------------
------------------------------------------------------------
SimNLL created with 1 channels, 3 generic constraints, 75 fast gaussian constraints, 0 fast poisson constraints, 0 fast group constraints, 
SimNLL created with 1 channels, 3 generic constraints, 75 fast gaussian constraints, 0 fast poisson constraints, 0 fast group constraints, 
SimNLL created with 1 channels, 3 generic constraints, 75 fast gaussian constraints, 0 fast poisson constraints, 0 fast group constraints, 

 -- AsymptoticLimits ( CLs ) --
Observed Limit: r < 0.5135
Expected  2.5%: r < 0.2649
Expected 16.0%: r < 0.3601
Expected 50.0%: r < 0.5137
Expected 84.0%: r < 0.7450
Expected 97.5%: r < 1.0386

Done in 0.04 min (cpu), 0.04 min (real)
