 <<< Combine >>> 
>>> random number generator seed is 123456
>>> method used is AsymptoticLimits
Channel SR_em will use autoMCStats with settings: event-threshold=10, include-signal=0, hist-mode=1
============================================================
Analysing bin errors for: prop_binSR_em
Poisson cut-off: 10
Processes excluded for sums: TAToTTQ_rtc04_MA300
============================================================
Bin        Contents        Error           Notes                         
0          19.418127       4.281161        total sum                     
0          19.410543       4.281159        excluding marked processes    
0          21.000000       4.582576        Unweighted events, alpha=0.924673
  => Total parameter prop_binSR_em_bin0[0.00,-7.00,7.00] to be gaussian constrained
------------------------------------------------------------
1          56.011239       7.029490        total sum                     
1          55.937178       7.029478        excluding marked processes    
1          63.000000       7.937254        Unweighted events, alpha=0.889067
  => Total parameter prop_binSR_em_bin1[0.00,-7.00,7.00] to be gaussian constrained
------------------------------------------------------------
2          75.884087       8.057948        total sum                     
2          75.739481       8.057927        excluding marked processes    
2          88.000000       9.380832        Unweighted events, alpha=0.862319
  => Total parameter prop_binSR_em_bin2[0.00,-7.00,7.00] to be gaussian constrained
------------------------------------------------------------
3          81.009687       8.558486        total sum                     
3          80.766620       8.558452        excluding marked processes    
3          89.000000       9.433981        Unweighted events, alpha=0.910221
  => Total parameter prop_binSR_em_bin3[0.00,-7.00,7.00] to be gaussian constrained
------------------------------------------------------------
4          67.626783       10.379356       total sum                     
4          67.243969       10.379309       excluding marked processes    
4          42.000000       6.480741        Unweighted events, alpha=1.610161
  => Total parameter prop_binSR_em_bin4[0.00,-7.00,7.00] to be gaussian constrained
------------------------------------------------------------
5          92.328209       9.001713        total sum                     
5          91.953703       9.001670        excluding marked processes    
5          104.000000      10.198039       Unweighted events, alpha=0.887771
  => Total parameter prop_binSR_em_bin5[0.00,-7.00,7.00] to be gaussian constrained
------------------------------------------------------------
6          82.371028       8.539896        total sum                     
6          81.853966       8.539825        excluding marked processes    
6          92.000000       9.591663        Unweighted events, alpha=0.895337
  => Total parameter prop_binSR_em_bin6[0.00,-7.00,7.00] to be gaussian constrained
------------------------------------------------------------
7          82.237065       9.179750        total sum                     
7          81.649117       9.179680        excluding marked processes    
7          79.000000       8.888194        Unweighted events, alpha=1.040976
  => Total parameter prop_binSR_em_bin7[0.00,-7.00,7.00] to be gaussian constrained
------------------------------------------------------------
8          75.054510       8.729217        total sum                     
8          74.382200       8.729128        excluding marked processes    
8          73.000000       8.544004        Unweighted events, alpha=1.028144
  => Total parameter prop_binSR_em_bin8[0.00,-7.00,7.00] to be gaussian constrained
------------------------------------------------------------
9          53.331980       6.991323        total sum                     
9          52.672697       6.991219        excluding marked processes    
9          57.000000       7.549834        Unweighted events, alpha=0.935649
  => Total parameter prop_binSR_em_bin9[0.00,-7.00,7.00] to be gaussian constrained
------------------------------------------------------------
10         60.199880       6.683881        total sum                     
10         59.479347       6.683765        excluding marked processes    
10         79.000000       8.888194        Unweighted events, alpha=0.762024
  => Total parameter prop_binSR_em_bin10[0.00,-7.00,7.00] to be gaussian constrained
------------------------------------------------------------
11         47.811512       6.130488        total sum                     
11         47.049213       6.130357        excluding marked processes    
11         59.000000       7.681146        Unweighted events, alpha=0.810365
  => Total parameter prop_binSR_em_bin11[0.00,-7.00,7.00] to be gaussian constrained
------------------------------------------------------------
12         54.880192       6.629519        total sum                     
12         54.139424       6.629397        excluding marked processes    
12         67.000000       8.185353        Unweighted events, alpha=0.819107
  => Total parameter prop_binSR_em_bin12[0.00,-7.00,7.00] to be gaussian constrained
------------------------------------------------------------
13         38.907127       6.027621        total sum                     
13         38.031018       6.027460        excluding marked processes    
13         40.000000       6.324555        Unweighted events, alpha=0.972678
  => Total parameter prop_binSR_em_bin13[0.00,-7.00,7.00] to be gaussian constrained
------------------------------------------------------------
14         49.476114       6.454333        total sum                     
14         48.604082       6.454179        excluding marked processes    
14         57.000000       7.549834        Unweighted events, alpha=0.868002
  => Total parameter prop_binSR_em_bin14[0.00,-7.00,7.00] to be gaussian constrained
------------------------------------------------------------
15         34.328406       5.175505        total sum                     
15         33.474686       5.175326        excluding marked processes    
15         42.000000       6.480741        Unweighted events, alpha=0.817343
  => Total parameter prop_binSR_em_bin15[0.00,-7.00,7.00] to be gaussian constrained
------------------------------------------------------------
16         29.585903       4.707985        total sum                     
16         28.666169       4.707775        excluding marked processes    
16         37.000000       6.082763        Unweighted events, alpha=0.799619
  => Total parameter prop_binSR_em_bin16[0.00,-7.00,7.00] to be gaussian constrained
------------------------------------------------------------
17         43.289137       6.895500        total sum                     
17         42.247455       6.895294        excluding marked processes    
17         38.000000       6.164414        Unweighted events, alpha=1.139188
  => Total parameter prop_binSR_em_bin17[0.00,-7.00,7.00] to be gaussian constrained
------------------------------------------------------------
18         42.057702       5.708431        total sum                     
18         41.008263       5.708243        excluding marked processes    
18         52.000000       7.211103        Unweighted events, alpha=0.808802
  => Total parameter prop_binSR_em_bin18[0.00,-7.00,7.00] to be gaussian constrained
------------------------------------------------------------
19         31.091781       4.856128        total sum                     
19         29.999213       4.855892        excluding marked processes    
19         38.000000       6.164414        Unweighted events, alpha=0.818205
  => Total parameter prop_binSR_em_bin19[0.00,-7.00,7.00] to be gaussian constrained
------------------------------------------------------------
20         34.567026       5.196371        total sum                     
20         33.513492       5.196153        excluding marked processes    
20         42.000000       6.480741        Unweighted events, alpha=0.823024
  => Total parameter prop_binSR_em_bin20[0.00,-7.00,7.00] to be gaussian constrained
------------------------------------------------------------
21         31.422628       4.717389        total sum                     
21         30.293856       4.717147        excluding marked processes    
21         41.000000       6.403124        Unweighted events, alpha=0.766406
  => Total parameter prop_binSR_em_bin21[0.00,-7.00,7.00] to be gaussian constrained
------------------------------------------------------------
22         30.404535       5.170701        total sum                     
22         29.314267       5.170492        excluding marked processes    
22         32.000000       5.656854        Unweighted events, alpha=0.950142
  => Total parameter prop_binSR_em_bin22[0.00,-7.00,7.00] to be gaussian constrained
------------------------------------------------------------
23         31.869704       5.333086        total sum                     
23         30.620363       5.332844        excluding marked processes    
23         33.000000       5.744563        Unweighted events, alpha=0.965749
  => Total parameter prop_binSR_em_bin23[0.00,-7.00,7.00] to be gaussian constrained
------------------------------------------------------------
24         26.190140       4.822332        total sum                     
24         24.954354       4.822089        excluding marked processes    
24         27.000000       5.196152        Unweighted events, alpha=0.970005
  => Total parameter prop_binSR_em_bin24[0.00,-7.00,7.00] to be gaussian constrained
------------------------------------------------------------
25         21.917735       3.830940        total sum                     
25         20.582921       3.830574        excluding marked processes    
25         29.000000       5.385165        Unweighted events, alpha=0.755784
  => Total parameter prop_binSR_em_bin25[0.00,-7.00,7.00] to be gaussian constrained
------------------------------------------------------------
26         28.445967       4.888892        total sum                     
26         27.006559       4.888610        excluding marked processes    
26         31.000000       5.567764        Unweighted events, alpha=0.917612
  => Total parameter prop_binSR_em_bin26[0.00,-7.00,7.00] to be gaussian constrained
------------------------------------------------------------
27         29.398144       5.245259        total sum                     
27         27.873191       5.244983        excluding marked processes    
27         28.000000       5.291503        Unweighted events, alpha=1.049934
  => Total parameter prop_binSR_em_bin27[0.00,-7.00,7.00] to be gaussian constrained
------------------------------------------------------------
28         24.312289       4.278560        total sum                     
28         22.755962       4.278198        excluding marked processes    
28         28.000000       5.291503        Unweighted events, alpha=0.868296
  => Total parameter prop_binSR_em_bin28[0.00,-7.00,7.00] to be gaussian constrained
------------------------------------------------------------
29         26.873979       4.455666        total sum                     
29         25.219392       4.455312        excluding marked processes    
29         32.000000       5.656854        Unweighted events, alpha=0.839812
  => Total parameter prop_binSR_em_bin29[0.00,-7.00,7.00] to be gaussian constrained
------------------------------------------------------------
30         16.179023       4.161198        total sum                     
30         14.338859       4.160755        excluding marked processes    
30         12.000000       3.464102        Unweighted events, alpha=1.348252
  => Total parameter prop_binSR_em_bin30[0.00,-7.00,7.00] to be gaussian constrained
------------------------------------------------------------
31         15.859258       3.242608        total sum                     
31         13.870665       3.242053        excluding marked processes    
31         18.000000       4.242641        Unweighted events, alpha=0.881070
  => Total parameter prop_binSR_em_bin31[0.00,-7.00,7.00] to be gaussian constrained
------------------------------------------------------------
32         21.655571       4.195489        total sum                     
32         19.650070       4.195034        excluding marked processes    
32         22.000000       4.690416        Unweighted events, alpha=0.984344
  => Total parameter prop_binSR_em_bin32[0.00,-7.00,7.00] to be gaussian constrained
------------------------------------------------------------
33         14.528652       3.495758        total sum                     
33         12.318221       3.495174        excluding marked processes    
33         12.000000       3.464102        Unweighted events, alpha=1.210721
  => Total parameter prop_binSR_em_bin33[0.00,-7.00,7.00] to be gaussian constrained
------------------------------------------------------------
34         19.416033       3.841235        total sum                     
34         17.316526       3.840750        excluding marked processes    
34         20.000000       4.472136        Unweighted events, alpha=0.970802
  => Total parameter prop_binSR_em_bin34[0.00,-7.00,7.00] to be gaussian constrained
------------------------------------------------------------
35         8.341860        2.058085        total sum                     
35         6.123951        2.057082        excluding marked processes    
35         9.000000        3.000000        Unweighted events, alpha=0.926873
  => Number of weighted events is below poisson threshold
    tzq                  0.112385        0.032357                                      
                         12.000000       3.464102        Unweighted events, alpha=0.009365
      => Parameter prop_binSR_em_bin35_tzq[0.00,-7.00,7.00] to be gaussian constrained
  ----------------------------------------------------------
    VVV                  0.000000        0.000000                                      
      => Error is zero, ignore      
  ----------------------------------------------------------
    t_tbar_W             0.000000        0.000000                                      
      => Error is zero, ignore      
  ----------------------------------------------------------
    DY                   0.000000        0.000000                                      
      => Error is zero, ignore      
  ----------------------------------------------------------
    tt_V_H               2.114119        0.102744                                      
                         423.000000      20.566964       Unweighted events, alpha=0.004998
      => Parameter prop_binSR_em_bin35_tt_V_H[0.00,-7.00,7.00] to be gaussian constrained
  ----------------------------------------------------------
    ttV                  0.064305        0.045885                                      
                         2.000000        1.414214        Unweighted events, alpha=0.032153
      => Product of prop_binSR_em_bin35_ttV[2.00,0.00,33.79] and const [0.5000] to be poisson constrained
  ----------------------------------------------------------
    tttX                 0.133631        0.006736                                      
                         394.000000      19.849433       Unweighted events, alpha=0.000339
      => Parameter prop_binSR_em_bin35_tttX[0.00,-7.00,7.00] to be gaussian constrained
  ----------------------------------------------------------
    TTTo2L               0.942801        0.286493                                      
                         11.000000       3.316625        Unweighted events, alpha=0.085709
      => Parameter prop_binSR_em_bin35_TTTo2L[0.00,-7.00,7.00] to be gaussian constrained
  ----------------------------------------------------------
    ttWtoLNu             2.677171        0.135244                                      
                         392.000000      19.798990       Unweighted events, alpha=0.006830
      => Parameter prop_binSR_em_bin35_ttWtoLNu[0.00,-7.00,7.00] to be gaussian constrained
  ----------------------------------------------------------
    ttVV                 0.079540        0.008121                                      
                         96.000000       9.797959        Unweighted events, alpha=0.000829
      => Parameter prop_binSR_em_bin35_ttVV[0.00,-7.00,7.00] to be gaussian constrained
  ----------------------------------------------------------
    TTTo1L               0.000000        2.029137                                      
      => Poisson not viable, prop_binSR_em_bin35_TTTo1L[0.00,-7.00,7.00] to be gaussian constrained
  ----------------------------------------------------------
    TAToTTQ_rtc04_MA300  221.790894      6.423817                                      
                         1192.000000     34.525353       Unweighted events, alpha=0.186066
      => Parameter prop_binSR_em_bin35_TAToTTQ_rtc04_MA300[0.00,-7.00,7.00] to be gaussian constrained
  ----------------------------------------------------------
------------------------------------------------------------
36         16.742903       3.241656        total sum                     
36         14.401229       3.241003        excluding marked processes    
36         20.000000       4.472136        Unweighted events, alpha=0.837145
  => Total parameter prop_binSR_em_bin36[0.00,-7.00,7.00] to be gaussian constrained
------------------------------------------------------------
37         12.483684       2.508815        total sum                     
37         9.801937        2.507903        excluding marked processes    
37         15.000000       3.872983        Unweighted events, alpha=0.832246
  => Total parameter prop_binSR_em_bin37[0.00,-7.00,7.00] to be gaussian constrained
------------------------------------------------------------
38         7.429066        1.301016        total sum                     
38         4.081681        1.298962        excluding marked processes    
38         10.000000       3.162278        Unweighted events, alpha=0.742907
  => Number of weighted events is below poisson threshold
    tzq                  0.035899        0.017093                                      
                         4.000000        2.000000        Unweighted events, alpha=0.008975
      => Product of prop_binSR_em_bin38_tzq[4.00,0.00,38.96] and const [0.2500] to be poisson constrained
  ----------------------------------------------------------
    VVV                  0.000000        0.000000                                      
      => Error is zero, ignore      
  ----------------------------------------------------------
    t_tbar_W             0.163391        0.163391                                      
                         1.000000        1.000000        Unweighted events, alpha=0.163391
      => Product of prop_binSR_em_bin38_t_tbar_W[1.00,0.00,30.85] and const [1.0000] to be poisson constrained
  ----------------------------------------------------------
    DY                   0.000000        0.000000                                      
      => Error is zero, ignore      
  ----------------------------------------------------------
    tt_V_H               1.636104        0.085988                                      
                         362.000000      19.026298       Unweighted events, alpha=0.004520
      => Parameter prop_binSR_em_bin38_tt_V_H[0.00,-7.00,7.00] to be gaussian constrained
  ----------------------------------------------------------
    ttV                  0.092339        0.040555                                      
                         5.000000        2.236068        Unweighted events, alpha=0.018468
      => Product of prop_binSR_em_bin38_ttV[5.00,0.01,41.33] and const [0.2000] to be poisson constrained
  ----------------------------------------------------------
    tttX                 0.163532        0.006958                                      
                         552.000000      23.494680       Unweighted events, alpha=0.000296
      => Parameter prop_binSR_em_bin38_tttX[0.00,-7.00,7.00] to be gaussian constrained
  ----------------------------------------------------------
    TTTo2L               0.310339        0.145258                                      
                         5.000000        2.236068        Unweighted events, alpha=0.062068
      => Product of prop_binSR_em_bin38_TTTo2L[5.00,0.01,41.33] and const [0.2000] to be poisson constrained
  ----------------------------------------------------------
    ttWtoLNu             1.633812        0.107901                                      
                         229.000000      15.132746       Unweighted events, alpha=0.007135
      => Parameter prop_binSR_em_bin38_ttWtoLNu[0.00,-7.00,7.00] to be gaussian constrained
  ----------------------------------------------------------
    ttVV                 0.046264        0.006223                                      
                         55.000000       7.416198        Unweighted events, alpha=0.000841
      => Parameter prop_binSR_em_bin38_ttVV[0.00,-7.00,7.00] to be gaussian constrained
  ----------------------------------------------------------
    TTTo1L               0.000000        1.272181                                      
      => Poisson not viable, prop_binSR_em_bin38_TTTo1L[0.00,-7.00,7.00] to be gaussian constrained
  ----------------------------------------------------------
    TAToTTQ_rtc04_MA300  334.738495      7.307281                                      
                         2098.000000     45.803930       Unweighted events, alpha=0.159551
      => Parameter prop_binSR_em_bin38_TAToTTQ_rtc04_MA300[0.00,-7.00,7.00] to be gaussian constrained
  ----------------------------------------------------------
------------------------------------------------------------
39         6.568536        2.087552        total sum                     
39         4.732907        2.086919        excluding marked processes    
39         5.000000        2.236068        Unweighted events, alpha=1.313707
  => Number of weighted events is below poisson threshold
    tzq                  0.006836        0.008427                                      
      => Poisson not viable, prop_binSR_em_bin39_tzq[0.00,-7.00,7.00] to be gaussian constrained
  ----------------------------------------------------------
    VVV                  0.000000        0.000000                                      
      => Error is zero, ignore      
  ----------------------------------------------------------
    t_tbar_W             0.000000        0.000000                                      
      => Error is zero, ignore      
  ----------------------------------------------------------
    DY                   0.000000        0.000000                                      
      => Error is zero, ignore      
  ----------------------------------------------------------
    tt_V_H               0.550931        0.049006                                      
                         126.000000      11.224972       Unweighted events, alpha=0.004372
      => Parameter prop_binSR_em_bin39_tt_V_H[0.00,-7.00,7.00] to be gaussian constrained
  ----------------------------------------------------------
    ttV                  0.047621        0.027786                                      
                         3.000000        1.732051        Unweighted events, alpha=0.015874
      => Product of prop_binSR_em_bin39_ttV[3.00,0.00,36.46] and const [0.3333] to be poisson constrained
  ----------------------------------------------------------
    tttX                 0.080109        0.004404                                      
                         331.000000      18.193405       Unweighted events, alpha=0.000242
      => Parameter prop_binSR_em_bin39_tttX[0.00,-7.00,7.00] to be gaussian constrained
  ----------------------------------------------------------
    TTTo2L               0.390683        0.152713                                      
                         7.000000        2.645751        Unweighted events, alpha=0.055812
      => Product of prop_binSR_em_bin39_TTTo2L[7.00,0.07,45.79] and const [0.1429] to be poisson constrained
  ----------------------------------------------------------
    ttWtoLNu             0.498547        0.056987                                      
                         77.000000       8.774964        Unweighted events, alpha=0.006475
      => Parameter prop_binSR_em_bin39_ttWtoLNu[0.00,-7.00,7.00] to be gaussian constrained
  ----------------------------------------------------------
    ttVV                 0.018507        0.003383                                      
                         30.000000       5.477226        Unweighted events, alpha=0.000617
      => Parameter prop_binSR_em_bin39_ttVV[0.00,-7.00,7.00] to be gaussian constrained
  ----------------------------------------------------------
    TTTo1L               3.139673        2.079757                                      
                         2.000000        1.414214        Unweighted events, alpha=1.569836
      => Product of prop_binSR_em_bin39_TTTo1L[2.00,0.00,33.79] and const [0.5000] to be poisson constrained
  ----------------------------------------------------------
    TAToTTQ_rtc04_MA300  183.562912      5.136744                                      
                         1277.000000     35.735137       Unweighted events, alpha=0.143745
      => Parameter prop_binSR_em_bin39_TAToTTQ_rtc04_MA300[0.00,-7.00,7.00] to be gaussian constrained
  ----------------------------------------------------------
------------------------------------------------------------
SimNLL created with 1 channels, 8 generic constraints, 82 fast gaussian constraints, 0 fast poisson constraints, 0 fast group constraints, 
SimNLL created with 1 channels, 8 generic constraints, 82 fast gaussian constraints, 0 fast poisson constraints, 0 fast group constraints, 
SimNLL created with 1 channels, 8 generic constraints, 82 fast gaussian constraints, 0 fast poisson constraints, 0 fast group constraints, 

 -- AsymptoticLimits ( CLs ) --
Observed Limit: r < 1.0616
Expected  2.5%: r < 0.5562
Expected 16.0%: r < 0.7539
Expected 50.0%: r < 1.0625
Expected 84.0%: r < 1.5157
Expected 97.5%: r < 2.0718

Done in 0.06 min (cpu), 0.06 min (real)
